password
123456789
12345678
11111111
dearbook
00000000
123123123
1234567890
88888888
111111111
147258369
aaaaaaaa
987654321
1111111111
66666666
a123456789
11223344
1qaz2wsx
xiazhili
789456123
qwertyuiop
qqqqqqqq
iloveyou
qq123456
87654321
000000000
asdfghjkl
31415926
12344321
1q2w3e4r
0000000000
qazwsxedc
123456abc
abcd1234
0123456789
123654789
12121212
asdasdasd
12341234
110110110
abc123456
aa123456
a12345678
22222222
a1234567
1234qwer
123456
123321123
qwertyui
123456123
123456789a
123456aa
asdfasdf
99999999
999999999
123456123456
520520520
963852741
55555555
741852963
33333333
qwer1234
asd123456
qweasdzxc
zzzzzzzz
77777777
code8925
11112222
ms0083jxj
123456qq
qweqweqwe
111222333
asdf1234
3.1415926
asdfghjk
147852369
q1w2e3r4
521521521
12345678A
123qweasd
123698745
1123581321
1234abcd
WOAINI1314
1qazxsw2
woaiwojia
zxcvbnm123
321321321
05962514787
wwwwwwww
123456987
kingcom5
5845201314
0987654321
11111111111111111111
123456asd
1q2w3e4r5t
12345600
lilylily
11235813
10101010
xiaoxiao
woshishui
qwe123456
12345612
5201314520
1234554321
12301230
woaini123
123456654321
ffffffff
111111
1122334455
12369874
1234567a
12345679
123456aaa
buzhidao
100200300
z123456789
qazwsx123
woainima
ssssssss
P@ssw0rd
44444444
aaa123456
q123456789
WOJIUSHIWO
qaz123456
wocaonima
123321aa
25257758
csdncsdn
1357924680
yangyang
woaini520
zhang123
369258147
321654987
9876543210
1233211234567
1234567b
zxczxczxc
dddddddd
google250
5845211314
aaaaaaaaa
abcdefgh
369369369
123456QWE
20082008
goodluck
zxc123456
135792468
qwerasdf
299792458
computer
12qwaszx
a1111111
AS123456
123456789.
12345678910
168168168
a123456a
888888888
superman
qq123123
8888888888
789789789
abc12345
xxxxxxxx
sunshine
zaq12wsx
112233445566
qq111111
a1b2c3d4
aptx4869
52013145201314
66668888
123321123321
007007007
wodemima
147896325
1a2b3c4d
123789456
jingjing
aaaaaaaaaa
12345qwert
helloworld
110120119
tiantian
123456ab
13145200
aaaa1111
a123123123
123456..
00001111
a5201314
12312312
zhangwei
w123456789
584131421
123456789q
77585210
abcd123456
qw123456
ab123456
passw0rd
li123456
20102010
666666666
12348765
1234512345
456456456
20080808
newhappy
wangjian
csdn.net
12345687
01234567
01020304
21212121
dongdong
qazqazqaz
123123123123
13141314
23232323
wiii2dsE
74108520
7894561230
5841314520
a11111111
aa123123
woaini521
Q1W2E3R4T5
shanghai
77585211
88771024
123qwe123
123456as
19491001
qq000000
WANG123456
01010101
qqq11111
ZZ123456
abc123456789
14789632
111111aa
q1234567
yuanyuan
qazxswedc
3141592653
meiyoumima
77585217758521
liu123456
12345abcde
20092009
1234567890123
110119120
zhanglei
012345678
mmmmmmmm
77889900
justdoit
123456000
19841010
lb851210
qq123456789
qwert12345
7758521521
hahahaha
aini1314
llllllll
19841020
11111111a
123456798
13131313
123456zx
10203040
23456789
mingming
12345678A@
worinima
chenchen
asasasas
000000
52013141314
123454321
123456qaz
QQQQQqqqqq
1111qqqq
1234asdf
woailaopo
wangjing
123456abcd
518518518
z3255500
88982866
11110000
5201314a
584131420
258258258
qq5201314
987456321
88889999
12365478
qqqqqqqqq
q1111111
q12345678
00000000000000000000
www123456
123123aa
ZX123456
qweasd123
123123456
19871010
45612300
1234567899
25251325
19850603
administrator
a0000000
longlong
nicholas
52013140
120120120
19841028
kkkkkkkk
tzwadmin123
asdf123456
wangpeng
333333333
911911911
admin123
jjjjjjjj
microsoft
66778899
19871024
hyjzstx8
78787878
lovelove
qwqwqwqw
wangwang
123456qw
16897168
cccccccc
a1s2d3f4
z1234567
love1314
12332100
qqqq1111
xingxing
xiaoqiang
xiaolong
456789123
aaa123123
a00000000
hhhhhhhh
zxcv1234
zhangjian
ds760206
19851019
pppppppp
19841012
19851010
1qaz1qaz
19871025
1314520520
111111qq
wobuzhidao
gggggggg
55667788
1111111a
1111AAAA
12300000
13572468
miaomiao
w12345678
qwe123123
19861012
19871020
imissyou
abcde12345
internet
asd12345
qwe12345
nihao123
19881011
123456789abc
123456789123
zhimakaimen
19881010
1223334444
qwerty123
w1234567
woainiWOAINI
yyyyyyyy
19861020
1qaz2wsx3edc
84131421
zhangjie
wangyang
z12345678
zhanghao
testtest
456123789
12131415
99998888
shanshan
11111111111
19890309
asdfjkl;
hello123
5555555555
5841314521
ABC12345678
110120130
19861015
xiaofeng
1q1q1q1q
112112112
12312300
3141592654
56565656
liangliang
dgdg7234322
98765432
zhangjing
19890306
19881212
19841023
19841025
159159159
00123456
19841018
19861210
19861010
19871125
00112233
119119119
123456456
123123qq
12345678Q
5201314123
19830209
1qaz@WSX
19881120
98989898
19861028
19851212
147147147
222222222
asd123123
6666666666
19861123
1029384756
19841001
19871212
woshitiancai
89898989
tingting
oooooooo
mm123456
789654123
19871987
19861018
19881128
123456ok
121121121
58585858
zaq1xsw2
wangchao
123456zz
19881028
19871023
19871011
19871021
19881020
19841015
19881220
19861016
19861111
123456780
123abc123
123456zxc
314159265
asdasd123
19861026
19861215
19871028
19821010
369852147
beijing2008
13145201314520
19841024
1212121212
19841026
19861212
19870623
19871012
555555555
dingding
dg123456
huang123
aa111111
19861023
19861025
19871015
159753123
12332112
12345611
windowsxp
q11111111
zhangyan
handsome
19841021
19851020
19861001
19861011
19871001
19881015
123456...
12345689
19841014
asdfzxcv
woshishei
zxcvbnma
584201314
a1314520
19851120
19871214
19871016
1231512315
16899168
11221122
zhangyang
wang1234
chenjian
963258741
lingling
qwertyuio
19871225
19881225
19851218
19871228
19871120
888888
qwerqwer
songguang
19871017
19881022
19881024
19851125
123581321
001001001
chinaren
huanhuan
tsinghua
100100100
19861021
19861216
19881017
123456789z
zhongguo
0.123456
19881013
19861013
19851023
19860202
19841011
19861218
19871026
19881016
13324016206
134679852
19861024
19841019
560111aa
qkvmlia569
19841027
19861211
19861220
zxcvbnmzxcvbnm
zxcvbnm1
19861121
19881018
123654123
789632145
520131400
1237890o0
12345ABC
19881125
19861124
19871022
19821221
19821982
19861120
19871121
19871122
19841017
5200251314
abcabcabc
admin888
kingking
l123456789
19871029
123456asdf
19831010
159357159357
........
19851025
19881123
18181818
123qweasdzxc
jianqiao
qwe123qwe
haohaoxuexi
zhanghui
14141414
19831220
19851013
19861224
19861225
123698741
74107410
19861014
19861122
19871210
19881021
19881210
159357123
88886666
amuqdedwft
19881001
19881023
19861022
19870214
19841122
19851216
19851230
68686868
zxzxzxzx
woaiwoziji
19860214
123456321
19821024
operation
support123
ddzj39cb3
19831001
19861112
19861214
19881027
19891010
12345677
11111112
ww123456
301415926
19851011
19851012
19881029
poiuytrewq
msconfig
19871223
19871103
19821016
09876543
951ljb753
777888999
zhangjun
111111111111
19861125
19861228
19871126
19841022
19851018
19810914
123456788
123654987
10002000
19851001
19851030
19871013
zaiwa1124
aaaa0000
777777777
55556666
3366994qaz
TTTTTTTT
l12345678
19871002
19871129
19841984
1234567q
200919ab
19831111
chen123456
19821120
123456qwerty
19881012
19881228
19861226
19861103
19870101
19870825
19870909
19871123
19871127
19851015
19851121
19851210
19871226
19881002
19881226
09090909
qweqwe123
19821012
19821128
19871218
19881025
19881129
19861128
19861223
19871027
19851205
19851225
wo123456
zxcasdqwe
zhangtao
yingying
cs123456
bbbbbbbb
cc123456
19851123
19881127
19861017
19861019
woshizhu
wangyong
liuqiang
19851214
19871213
19880808
1111111q
19871215
19881215
19860713
19841006
19841013
741258963
83869247
19841005
19841029
19851016
19860128
19871211
19861113
19871111
19871115
woshishen
xiaoming
abc123abc
fangfang
wangliang
19861030
19841002
19841210
19851024
19851224
19871221
19881014
19881218
19821023
19831020
123123
12356789
19881112
19881118
19861027
19861108
19861127
19870815
19841120
19841123
19851028
19851226
19860101
howareyou
a7758521
9638527410
bugaosuni
19841016
19881026
19861002
19861029
13141516
wangdong
QINGQING
jiangnan
12345678900
123456bb
19861126
19841212
19851102
333666999
jack123456
yy123456
zxcvbnmm
19851022
19861221
19890101
200401265
19831120
123321456
12345671
hao123456
cndkervip
wanggang
lxqqqqqq
nishishui
19861110
19861118
19861206
19871014
19871124
19871229
19881122
19881214
19831012
19831125
19871227
19881126
19851211
19861986
19870626
19871019
90909090
78963214
qwert123
mac123456
Qaz12345
96385274
wangying
19870604
19871201
19851026
19851213
19891120
123456789qq
13149286ab
00000001
19831024
159753159753
2222222222
123456789+
10000000
19861102
19861213
19881124
19831124
supervisor
caonima123
baidu1599
abcdefg123
qawsedrf
jianjian
zhangxin
100200100200
19871203
19871104
19871128
19851118
19851219
19851113
19851116
19851220
19891026
19861203
19870216
19871030
19871208
19871222
19881213
19831118
123456789@
zhangzhang
99887766
9999999999
jiaojiao
s123456789
admin369
125125125
19851111
19871118
001002003
7758521a
7708801314520
85208520
51201314
csdn123456
wangfeng
YU123456
19821025
19861104
19861106
19870923
19871004
19871207
19871209
19871216
19880101
19881115
19881988
19851017
19851215
19861006
19861205
19870621
19871018
19881111
19881116
19891011
19821116
19831013
19831212
maidoumaidou
rongfan66
12345654321
1234567891
20052005
19861119
19861129
19870125
19870201
19870620
asdqwe123
asdffdsa
7758521520
55665566
nishizhu
19871005
19841205
19871205
19871220
19881121
19821001
19821122
19820814
19821018
19831213
19831218
19880214
19861003
19870627
19871102
19871117
19851112
qianqian
65432100
zhangchao
zhangpeng
zaqxswcde
test1234
ss123456
19841125
19851217
19851223
19860126
19880211
19881114
19891020
19860909
19871110
1q2w3e4r5t6y
1qa2ws3ed
192837465
01230123
19821028
19871217
19881216
19851126
19851204
19851229
19861227
19870202
19870606
19891024
123456789*
mengmeng
windows123
woaimama
zzzzzzzzz
19831011
19831025
19831027
19861217
19871108
19841108
19841007
19841124
19841127
19861208
19861219
19871112
19891225
19831015
19831023
19831129
xx123456
zhouzhou
zhangqiang
caonimabi
fa1681688
abcd12345
qazwsxed
huangwei
19821207
*********
19881211
19881217
19881224
19881229
19861230
19871008
19871116
19870618
19999999
19881008
19881117
19851014
19851221
31496081
fengfeng
china6815
lkjhgfdsa
x123456789
19841004
19841225
19841226
19851122
19851124
19861222
19870628
19870629
19891012
19891015
19891023
19831106
123456qqq
!QAZ2wsx
19821017
19821022
19821212
19831028
19891021
19861105
19870102
19871105
19841220
19851003
19851128
19851985
19881030
12345666
1415926535
52001314
95279527
adminadmin
31415926535
jiangwei
jiushiaini
qqq123456
stefanie
19831021
19871224
19881208
19861209
19870608
19870917
19891989
19851005
19851228
wonderful
youaifa569
wangzhen
asdfqwer
52113145211314
666666
584211314
19851027
19861115
19870619
19870911
19880828
19881113
19821021
19821026
19821208
19831105
19831126
19821019
19821224
19831016
19831226
159357456
20202020
00000000a
05413330
19871206
19881005
19881110
19861101
19870310
19871109
19841030
19841219
19891215
hhxxttxs
5201314.
7215217758991
19891028
19870921
19871204
19851227
25252525
000123456
12345670
12345688
zhangbin
ZHANGLIANG
bingbing
asdfg12345
asdfgh123
AAAA1234
19841213
19851115
19860921
19891221
19881201
10241024
nclpf2p4
ykvpoia569
youkofa569
weiweiwei
19831123
19881119
19881219
19881223
19870625
19841113
19850101
19851105
19851127
19860210
19891019
19891022
1a2s3d4f
abc123123
asd123asd
mimamima
19860916
19861008
19861117
19891016
19891124
19891224
19841003
19841111
19851029
123456789qaz
19821123
19821218
19831026
19831112
19831211
19831224
asdfg123
huangjie
download
sun123456
yang123456
36363636
19821013
19831210
19831219
19841228
19851002
19880901
19881221
19891212
19861109
19861229
19870128
123321
19821014
19821213
19831007
19831014
19831018
19831122
19860902
19870708
19841008
19841217
19851006
19891025
19881108
l1234567
jiang123
5211314521
19880202
19881019
19861201
19870824
19870912
19870913
19871101
19891001
19891006
19841101
19841126
19851021
19851101
12346789
19811025
19830920
19831208
201314201314
987412365
hellohello
xiaojing
yangchao
xiaojian
wangning
zhang123456
700629gh
77585211314
19851110
19881227
19891216
19860911
19861202
19870925
19821020
19831121
19831216
000000aa
pingping
qqqqwwww
315315315
abc111111
feixiang
chenchao
27105821
19821215
19831022
19861107
19861114
19870129
19870203
19870205
19870210
19870818
19841218
19880218
19881103
19880125
19861007
19861204
19870103
19870212
19870213
19871009
19841224
19851008
19851106
19891013
19820101
19831215
19831225
16888888
123456789123456789
zhangkai
xuanxuan
ZZZZZZZZZZ
xiaodong
ybnkoia569
WANGSHUAI
workhard
0.123456789
123!@
19831101
19890214
19891228
19841121
19841230
19851114
19860228
19860927
19870615
19870624
19870819
19871006
19871007
thankyou
lv80066368
csdn1234
aabbccdd
19870603
19871119
19880312
19881006
19841203
19851129
19890122
19891017
12332111
19821030
19821225
19831227
21876346a
woshiniba
xj123456
wangming
wangqiang
yangguang
yangjian
37213721
5i5i5i5i
qingfeng
rilidongl
chen1234
happy123
19891226
19861005
19861207
19870209
19870601
19870810
19870919
19871106
19840921
19841211
19841221
19850809
19851107
19851203
19851208
19881003
19881004
19881130
00009999
19821015
19821129
12345789
1357913579
19880928
19891030
19891213
19860315
19870215
19811010
19831983
88488848
f19841205
s2j3l9v5
ly123456
tangtang
qq1314520
52013141
53231323
987987987
butterfly
zhangying
wangmeng
19821118
19831128
19831214
123456789w
19860926
19870520
19870808
19870903
19871107
19880310
19881109
19841103
19841119
11111122
pengpeng
ll123456
rongrong
s1234567
qq123321
qazwsx12
xiaoyang
5205201314
football
1010101010
19821102
19831221
19840101
19841116
19850923
19851104
19870206
19870208
19870225
19871219
19880217
19880428
19881202
13145210
123123123a
123123qwe
22334455
19880108
19880203
19880212
19880816
19851201
19860217
19860917
19861009
19861116
19870207
19871114
19811017
19821002
7758521123
541881452
paradise
s12345678
xiaogang
zhendeaini
laopo521
19831102
19831108
19870916
19870927
19880809
19851119
19860125
19891029
19891122
20062006
3.141592653
gujinbiaoaa
iloveyou1314
963963963
19870121
19870220
19870915
19870926
19871003
19891027
19891104
19891123
19880120
19881102
19881106
19841105
19860103
19860314
123456654
13801001020
1213141516
19821121
19821126
19831230
xiangxiang
wiiisa222
52105210
77582588
19821230
19840102
19801980
19841215
19860303
19880124
19880206
19860923
19870305
19891130
123456xx
131452000
abc123abc123
Fuyume123
lin123456
qwerty123456
tiankong
whoareyou
zxcvzxcv
xxwwan1314
chenliang
19860814
19860816
19870123
19870217
19870301
19870616
19870617
19870707
19870820
19870828
19870918
19870920
19840129
19840211
19841208
19841214
19851109
19880126
19880311
19880921
19881206
19821216
niaishui
okokokok
password123
q1q1q1q1
gogogogo
adgjmptw
a1b2c3d4e5
456852456852
wanghuan
woshinidie
ZHANGMING
19821029
19821220
19831008
19871230
19880215
19881107
19881204
20000000
19841107
19850102
19851117
19891128
19870120
19870228
19870801
123456789aa
19860929
19861004
19870928
19871202
19890228
19841129
19841130
19841206
19841229
19811026
19821008
19821027
19821115
19831103
0147258369
0054444944
Password1
thinkpad
kk123456
beautiful
huanghao
wu123456
qq12345678
33445566
19840214
19840420
19850105
19851007
19851209
19860102
19860606
19860625
19860820
19870112
19870609
19870611
19870622
19890806
19890818
19880123
19880209
147896321
123456ww
19821011
19831127
19831201
19831228
19840120
haohaohao
aaaassss
abcs369
chenfeng
apple123
wokaonima
yangjing
KANGKANG
19831003
19831009
159753456
19880712
19880815
19881209
19840823
19841102
19841204
19850711
19891121
1a2b3c4d5e
19860924
19870113
19870211
19870303
19870605
19870614
19870701
19870904
19870907
19870218
19870221
19870821
19880228
19880307
19880606
19880915
19840926
19890301
19891116
19811028
19821101
19821106
19821112
19831217
21345678
20090909
25802580
woxiangni
westlife
86868686
aa123456789
amp12345
h123456789
qazhuang123
songsong
52013145
775852100
7777777777
77778888
19890201
19891127
19891201
19891211
19891218
19870525
19870612
19870823
19851231
19860212
19880118
19880523
19880926
19881205
19821104
19821226
19830915
123123321
xixihaha
987654123
goo78leeg
foreverlove
abc112233
ABCABC123
19821006
19821130
19821205
19821210
19821211
19821217
19821219
19830214
19831029
19831113
19831204
19831205
19881101
19881203
19890205
19890206
19891018
19891110
19891125
19840925
19841115
19850926
19860120
19860925
19870602
19870728
qq1234567
45454545
yang1234
zy123456
zycggytkqb
zhangyong
qazwsxedcrfv
slamdunk
eladnbin1104
19860912
19870325
19870503
19870521
19870811
19870914
19880326
19880601
19850215
19850909
19850921
19851222
19860211
20022002
19891002
19891206
19891219
22223333
04020323
0000000a
19821124
19830202
19830418
19831019
19831206
123456789987654321
123abc456
1111122222
11223300
19890323
19891210
19870522
19870705
19870807
19870830
19880927
19840203
19840601
19841009
19860216
15151515
19821228
19831115
159357258
fighting
asd123456789
c123456789
chenjing
zhangfeng
78945612
521224727
5201314qq
8008208820
asd147258
19811018
19831207
19840210
19851206
19851207
19860215
19890215
19891014
19891129
19891220
19880103
19880223
19880303
19881007
19860523
19860808
19870126
19870223
19870418
19870610
19870822
19870922
19871113
13800138000
12345678.
pok29q6666
software
wangchen
yongheng
woshihaoren
windows98
19811001
19811225
19831110
19831116
0.0.0.0.
19860329
19860410
19860810
19860910
19870127
19870315
19870404
19870529
19840808
19841128
19841209
19850925
19851004
19871231
19880105
19880128
19880205
19880309
19880510
19880610
19880818
19880922
19881222
19890927
19891101
19891113
Einstein
dirdirdir
aa000000
songaideng
tongtong
nishiwode
juventus
love123456
linrk520
19890826
19860619
19860725
19860906
19870324
19870412
19870419
19870715
19870814
19870929
19880102
19880611
19880909
19880920
19881231
19840204
19850823
19850927
19860208
19860312
12342234
123456ll
134679258
11211121
101101101
1472583690
19811020
19811022
19820911
19821214
19830205
19831006
16161616
woaini11
xu123456
19191919
19821103
123456789asd
123456789l
123qwe!@
19841216
19860205
19890212
19891119
19860512
19860626
19860918
19870304
19870402
19870829
19870901
80808080
Pass1234
fdsafdsa
chenyang
dangyuan
aaaaaaaaaaaaaaaaaaaa
a7758258
hu123456
54181452
zf526546543
19860325
19860623
19860815
19870226
19870908
19850124
19850214
19860118
19860219
19890120
19890123
19890216
19890910
19890919
19890920
19891109
19891231
19880207
19880302
19880701
19880820
1234560.
1234567
130130130
19811013
19811014
19811216
19820808
19820812
19821119
19821204
19821229
19830218
19801020
tomorrow
tiantang
zhu123456
cet333333
goodgood
69696969
19821109
19821111
19821201
123456pp
22446688
19880612
19880829
19880916
19881105
19860823
19860824
19870106
19870110
19870306
19870316
19870328
19870410
19870504
19870725
19870813
19870817
19870910
19870924
19890213
19890828
19891202
19891208
19840929
19841109
19841110
19841112
19841223
19841227
19851108
19851202
19860104
19860203
147852963
14159265
19820909
19820918
19821009
19821202
19830815
19830926
19830928
19831005
12345
19840216
19840909
19840928
19850412
19850917
19860226
19880216
19880313
19880419
19880508
19880628
19880813
19881207
19890310
19890314
19860318
19860715
19870204
19870411
19870417
19870826
19870923wex
hh123456
china123
Password01!
liang123
wei123456
zxc123123
789123456
44556677
32323232
28845452884545
741741741
qazxsw123
qwer123456
19860401
19860724
19860829
19870115
19870219
19870312
19870320
19870421
19870501
19870523
19870613
19870727
19870905
19840207
19850815
19850820
19850825
19851103
19860106
19901025
19890103
19890110
19890312
19890316
19891103
19891112
19880129
19880210
19880520
19880709
19880720
19880722
19821127
19831202
19801212
123456liu
abcdabcd
xy123456
wanglong
123456++
123456li
123456TT
19880201
19880204
19880427
19880618
19880910
19881230
19840815
19840924
19841201
19850303
19850622
19850808
19860311
19860919
19870524
19870902
19870906
19890129
19891118
19891223
19820214
19820928
19821105
19830101
jisuanji
jiangtao
hao456250
by7704566
chengcheng
cyq721225
aassddff
9876543211
19811021
19811981
19821117
19831109
19831117
19831203
19831209
198019803014166
19890124
19890415
19890912
19890924
19891207
19841104
19841202
19850115
19860108
19860122
19860306
19880104
19880516
19880517
19880911
19880918
19880923
19881104
19860712
19860805
19860822
19860914
19870105
19870122
19870311
19870416
19870719
11001100
77887788
zhanglin
jiajiajia
tt123456
jordan23
JIUSHIWO
mingtian
maomaomao
qqwweerr
chenming
123123..
123456yy
1314520a
147369258
19860825
19860904
19870124
19870313
19870712
19870721
19870816
19840312
19840902
19840918
19841118
19860204
19860310
19890203
19890618
19891106
19891230
19880306
19880420
19880707
19881009
19801225
19811015
19820502
19820818
19821005
19830302
zhangjin
zc123456
wangyuan
zxcvbnmz
y123456789
wj123456
woshiren
wangping
wangxiao
yangyong
zhanghua
zhenzhen
A1A1A1A1
a123456b
HUANGHUANG
80238023
741236985
66669999
654321654321
3333333333
jiandanai
liujianliu
19811024
19811108
19820816
19831104
123456781
1234567890a
12345qwe
123qazwsx
112233112233
11231123
19880115
19880122
19880229
19880318
19880506
19880613
19880723
19880814
19880917
19840906
19840923
19850912
19860116
19860505
19860520
19860812
19860826
19870114
19870716
19871031
19890125
19890504
19891205
19890218
19890823
19891126
19840205
19840822
19850121
19850211
19850216
19850415
19850822
19850924
19860124
19860209
19880106
19880127
19880324
19880501
19880608
19880609
19880624
19880708
19880925
19860420
19860605
19860818
19860901
19860928
19870116
19870505
19870714
19870724
19870729
19870803
19870804
19870827
20012001
1314520123
26262626
19811121
19811128
19811218
19820915
19821007
19821231
19830124
19831017
19831031
15935700
********
142857142857
5201314..
zhangfan
zhangrui
zhouyang
woainiya
xiaoliang
HAPPYBOY
laopo520
password888
shuaishuai
sz123456
jiok98001
m123456789
ningning
shevchenko
qwe123!@
kobebryant
lj123456
windows2000
wwwwwwwww
19840201
19840310
19841207
19850220
19850914
19860105
19890308
19890628
19891117
19891214
19891229
19860320
19861231
19870130
19870307
19870415
19870518
19870809
19880208
19880224
19880421
19880518
19880711
19880715
19880801
19880805
19880912
123asd123
1234567890.
123456qwer
19811016
19811029
19811115
19811212
19820925
19830215
19830505
19831114
51515151
42011178
azsxdcfv
huangjian
iamthebest
dangerous
happy12345
happyday
diandian
19820822
19820917
19820926
19821222
19830623
19830916
163163163
19880116
19880325
19880408
19880617
19880826
19850212
19850621
19850902
19850922
19860218
19860220
19860601
19860615
19860913
19860922
19870302
19870314
19870517
19890116
19890127
19890128
19890815
19891108
20082009
000111222
0147896325
110112119
132465798
m12315309
ok123456
jiangjun
woshinibaba
zhoujian
ZL123456
yongyuan
vvvvvvvv
38183818
52013144
654321
60200946
jiangjiang
bb123456
96321478
123000000
19890102
19890126
19890303
19890916
19891111
19891227
19880109
19880110
19880220
19880226
19880301
19880320
19880418
19880511
19880626
19880903
19860719
19870322
19870513
19870526
19870607
19840127
19840315
19840606
19850125
19850410
19850623
19850928
19860123
19860223
19860302
19821125
19830102
19830629
19831222
19831223
175638080
213213213
womendeai
windows1
zhangqian
xiao123456
zzz123456
zxcvbnm,
woshi123
wangqing
zhaoyang
zhouazhou
asdasdasdasd
gameover
chenlong
chenzhen
a1234567890
a147258369
5418854188
5201314
qq112233
NNNNNNNN
sd123456
sdfsdfsdf
19850310
19850510
19850701
19860206
19890202
19890405
19891107
19891209
19860701
19860806
19860903
19870512
19870703
19870711
19870802
19871130
19880114
19880213
19880305
19880314
19880321
19880406
19880525
19880806
19880907
12312345
123456cc
178678789
15975300
19811011
19811019
19811123
19820413
19820809
19820930
19830210
19830624
19831119
19801012
19801220
09308066
10231023
19880603
19880629
19880810
19880822
19880924
19880929
19840123
19840202
19840218
19840220
19840311
19840404
19840801
19840915
19841117
19850601
19850727
19851009
20042004
20072007
19860602
19860614
19860616
19870104
19870329
19870406
19870408
19870427
19870516
19870530
19870723
19870806
19890107
19890221
19890319
19890813
19890909
19890923
19891003
19891102
19891222
19801226
19820124
19820913
19820927
19821003
19821203
19821209
19830714
19830925
19831030
19831107
19831229
19840106
12345698
007008009
79797979
44332211
zhongnan
zhangyue
zhuzhuzhu
wangting
welcome1
xiaofang
aaaabbbb
jb85811510
hellokitty
mima123456
qkvpoia569
qq7758521
qazxcvbnm
mm108428
zhanghong
zhanglong
zhangzhen
00000000000
12211221
123456mm
123QWERT
135135135
19890106
19890119
19890315
19890612
19890901
19891115
19840920
19841106
19850110
19850120
19850725
19850910
19850929
19880119
19880315
19880412
19880423
19880625
19880702
19880724
19880802
19880811
19880919
19860506
19860624
19860707
19860708
19860809
19870323
19870509
19820828
19830327
19830612
19830922
19830929
19831002
19791001
52525252
60729043
334205265
312312312
99990000
dongfang
javascript
999888777
a5211314
feifeifei
asdf12345
19801215
19811125
19820318
19820707
19820910
19820914
19820921
19830213
19830521
19830913
19830918
21882188
19860402
19860415
19860416
19860521
19860607
19860710
19860720
19870118
19870222
19870318
19870319
19870710
19870713
19870718
19840612
19841222
19841231
19850107
19850204
19850301
19850618
19850626
19850726
19850828
19850908
19860113
19860201
19860213
19890606
19890801
19890829
19890925
19891005
19891105
1qazzaq1
19880219
19880221
19880411
19880415
19880605
19880721
19880728
19880902
19901010
123qwe123QWE
123456520
123456kk
jj123456
zj123456
wl123456
yaho982er
xiaotian
xiaoxiong
314159314159
512512512
654654654
52571314
52113141314
55558888
juanjuan
nsnsnsns99
huanglei
891023hh
cn835312
ddzj39cd9
12345678z
19811012
19811027
19820826
19820916
19830113
19830901
19901023
19890114
19890209
19890601
19890825
19890928
19891217
19860408
19860501
19860527
19860722
19860920
19870401
19870425
19870519
19840820
19850219
19850224
19850911
19860304
19880505
19880529
19880714
19880729
19880825
110120110
11259375
woaiziji
wodezuiai
WQ123456
weblogic
wasdwasd
zhou123456
~!@
WOWANGLE
woxihuanni
x12345678
chenggong
hongkong
caonimama
guaiguai
abwdxwtz
76543210
630158513
love5201314
passport
12365400
19880304
19880615
19880622
19880726
19880904
19880906
19881031
19860326
19860403
19860522
19860612
19860828
19870107
19870108
19870131
19870502
19870511
19870630
19890305
19890404
19890520
19890604
19890616
19890624
19890808
19890816
19890821
19890918
19891004
19840302
19840303
19840305
19840326
19840713
19840901
19850104
19850202
19850501
19850502
19850608
19850611
19850614
19850801
19860107
19811127
19820902
19820912
19821223
19830201
19830203
167669123
16899199
19811023
19811124
19811129
19821031
19830923
19831231
19840116
10293847
000000000000
19840124
19840215
19840829
19841031
19850123
19850126
19850217
19850314
19850805
19860109
19860112
19860319
19860721
19870309
19870424
19870428
19870720
19870726
19870805
19880225
19880227
19880405
19880425
19880512
19880718
19880817
19880819
19890220
19890526
19890607
19890626
19890812
19890915
19891008
1234560123
13579246810
666888999
52101314
52113140
456852123
zaqwsx123
zhangmin
yangming
wangbadan
wy123456
admin12345
chaochao
bakhn524d
clens21563sf
p0o9i8u7
nopassword
MICHELLE
qwertasdfg
shengyulan
showmethe
passpass
jianghui
ms0123456
zhangshuai
whbs2234
10201020
19811120
19811203
19811210
19811223
19820208
19820210
19820216
19820309
19820415
19820619
19820620
19821114
19830310
19830919
142536789
19890311
19890501
19890921
19891007
19860406
19860418
19860428
19860514
19860518
19860709
19860801
19860802
19860821
19870409
19870812
19840229
19840728
19840810
19840828
19850103
19850312
19850420
19850903
19850920
19851130
19860114
19860115
19860207
19860307
19880117
19880524
19880528
19880530
19880908
2010comer
5201314aa
asdfghjkl;'
ilovecsdn
201201201
19811213
19811215
19820219
19821110
19830312
19830313
19830601
19830721
19830801
19840110
19801025
19801208
123654123654
1234!@
19880107
19880327
19880329
19880620
19880913
19860317
19860621
19860817
19870224
19870413
19870510
19870706
19890113
19890211
19890503
19890613
19890811
19890820
19890926
19891031
19840212
19840217
19840424
19840615
19840712
19840809
19850109
19850116
19850129
19850721
19860110
19860305
mamawoaini
menghuan
QAZ123WSX
qazwsxqaz
wangcheng
weishenme
wohenhao
z3261678
zxc12345
520090025hgb
46709394
51211314
87878787
456123123
58451201314
546546546
5201314789
753951753951
qaz123123
long123456
lovemyself
aa123321
aaaaaa
DD123456
96969696
19840208
19840807
19850320
19850322
19850326
19850821
19860412
19860417
19860611
19860714
19860728
19860813
19860819
19861130
19870317
19880308
19880404
19880426
19880504
19880526
19880725
19880914
19890105
19890204
19890222
19890307
19890413
19890619
20002000
19801112
19801213
19820103
19820202
19820217
19820425
19820529
19820618
19830810
19830909
123123aaa
135781012
1314520.
1314521521
0102030405
14725836
wangqian
youandme
zhanshen
zhaojing
zh123456
zhaozhao
x1234567
xiaoying
ws123456
918918918
axs8873w
huang123456
H1234567
456123456123
74123698
70701111
niaiwoma
mypassword
Liuchang
liuliang
lavender
lilingjie1102
shoujiqb
pp123456
19860421
19860608
19860618
19861031
19870321
19870709
19901020
19840209
19840225
19840421
19840501
19840526
19840811
19840813
19840911
19841114
19850128
19850209
19850210
19850218
19850302
19850305
19850707
19850723
19850807
19850826
19850916
19850918
19860308
19890208
19890320
19890327
19890418
19890625
19890824
20032003
19880616
19880621
19880803
250250250
210210210
12131213
08080808
110119110
0000....
19811226
19820422
19820801
19820827
19821004
19830621
19830713
19831130
1887415157
13093313856
123456abcdef
123123abc
123321qq
1234509876
123456789o
211211211
19880113
19880812
19880830
19901022
19860321
19860419
19860504
19860717
19860908
19870327
19870405
19870429
19870702
19840414
19840504
19840510
19840610
19840629
19840725
19840824
19850108
19850112
19850221
19850226
19850425
19850525
19850613
19850625
19850824
19860127
19890412
19890508
19890525
19890605
19890615
19890707
19811116
19811217
19811221
19811228
19820512
19820626
19821108
19830219
19830921
159951159
17051974
19801010
19801123
19801124
123
38383838
523523523
77582587758258
77585200
zhonghua
zaq123456
zaqwsxzxc
verygood
caonimade
capslock
asdasd33
hld_1209
ihateyou
fuckfuck
o0o0o0o0
mengxiang
opendoor
laopowoaini
samleiming
jdheh421
wangxiang
wangbing
zxcvbnmasd
12300123
19771105
19801120
19811104
19811230
19811231
19820115
19820127
19820315
19820325
19820410
19820829
19820920
19821107
19830103
19830303
19830625
19830820
19830823
19830906
19831004
19840104
19890115
19890219
19890321
19890329
19890603
19890623
19890710
19890715
19890803
19891114
19880402
19880515
19880804
19840711
19840720
19840721
19840821
19850127
19850304
19850315
19850606
19850919
19860129
19860301
19860414
19860422
19860610
19860811
19870422
7758521
52331314
aaa12345
alexander
c1234567
autoexec
gao123456
951753951753
chocolate
cnforyou
19860426
19860510
19860513
19860705
19860905
19870423
19890117
19890411
19890712
19890914
19970701
19990125
19901018
19840226
19840228
19840405
19840409
19840614
19840814
19840818
19840919
19850207
19850317
19850609
19850612
19850624
19850724
19860224
19880130
19880319
19880330
19880401
19880513
19880519
19880602
19880604
19880710
19880727
1008610086
10251025
258369147
19811112
19820119
19820312
19820408
19820601
19820606
19820714
19820723
19830126
19830211
19830226
19830306
19830307
19830520
19830701
19830911
19781978
19801014
19801228
19801230
17171717
159258357
12312311
12345asdfg
jiarenqb
shenyang
zhangheng
zhangnan
zhangyuan
yskj33333
520123456
5201314000
5845131421
3344556677
34416912
7410852963
seoshiyan
Q123123123
mima1234
lalalaLA
lililili
delphi2009
96111111
accpaccp
ainiyiwannian
HUIYUANAI
honghong
123000123
124578963
12481632
10011001
110220330
111111aaa
11118888
149162536
19880112
19880422
19880614
19880627
19860405
19860529
19860603
19860620
19860629
19860723
19870109
19870119
19870227
19870308
19870528
19870717
19870722
19890130
19890210
19890302
19890416
19890420
19890425
19890722
19840126
19840130
19840213
19840227
19840506
19840625
19840626
19840723
19840904
19840927
19850122
19850205
19850228
19850520
19850523
19811105
19811219
19820203
19820701
19820720
19820821
19820905
19830110
19830513
19840105
19740302
19801121
19810101
19810323
$$$$
z1231231
wang1987
xiaopeng
xiaoyuer
wwwwwwwwww
zhangning
zaqwsxcde
zw123456
fksdde7039
asdfasdfasdf
aaaaaa111
abc123!@
a1a2a3a4
551648586
45874587
qiujingni
QQQQQQQQQQQQQQQQQQQQ
luo123456
qwerty12
1234zxcv
126126126
123456az
19811111
19811224
19820304
19820316
19820416
19820418
19820711
19820802
19820807
19820810
19820817
19820922
19820924
19821206
19830120
19830510
19830606
19830626
19830726
19840117
211314211314
19840410
19840416
19840605
19840702
19840706
19850206
19850325
19850628
19850816
19860327
19860718
19870515
19880317
19880503
19880521
19880623
19880824
19880905
19890104
19890318
19890324
19890410
19890620
19890929
19900101
19901015
19860729
19860907
19840122
19840219
19840309
19840505
19840520
19840912
19840917
19850720
19850913
19890108
19890109
19890304
19890313
19890614
19890701
19890709
19890719
19890817
19891009
19891203
19880514
19880730
112233123
117117117
20090101
123456!@
123456789x
123456sa
123qweqwe
19811101
19811214
19820123
19820401
19820412
19820417
19820813
19820919
19821227
19830106
19830206
19830222
19830323
19830808
19830817
19830910
19840119
520fagnsg
5211314a
562059487
314314314
wangzheng
zaq12345
zhangkun
zhangwen
zhang1987
wohenaini
gaoxiang
harrypotter
huanying
baobao520
951753852
sdsdsdsd
m1234567
sunyanzi
songyang
poiuytre
q5201314
mimacuowu
kingsoft
sasasasa
remember
shenzhen
wltg2010
zsj201006
xinxin13d
xz123456
zoo-1573
zaglylc369
19811007
19811109
19811204
19820201
19820211
19820825
19820903
19820906
19820929
19830315
19830515
19840121
19800101
19801016
19801028
19801210
19810201
19880111
19880316
19880502
19880704
19880706
19880823
19880827
19860316
19860324
19860411
19860516
19860706
19860716
19870111
19900504
19901016
19890112
19890317
19890325
19890326
19890705
19890805
19890830
19840304
19840329
19840604
19840910
19850106
19850309
19850318
19850722
19850804
19850818
19850819
19850827
19860227
1236547890
123456789m
12345ssdlh
111111121
112244abc
07231564
100200100
10121012
31415927
320320320
444444444
guoliang
h12345678
abcdef123
a89400ab
aa112233
bbscsdnnet
ASDFGHJKL123
bai18dudu
caocaocao
congcong
ingtake1
chendong
chengang
a123123a
ad123456
110119110119
112233aa
113113113
158158158
19810909
19810929
19811008
19811122
19811126
19820102
19820107
19820114
19820120
19820204
19820306
19820617
19820721
19820823
19820923
19830114
19830220
19830316
19830414
19830725
138138138
00001234
02020202
0340412124abcd
19840512
19840527
19840528
19840726
19840825
19840908
19840913
19850114
19850201
19850223
19850504
19850506
19850513
19850901
19860117
19860509
19860515
19860702
19860711
19860726
19860804
19860830
19860915
19870330
19870420
1h2h2h3h4h
19880713
19880821
19890111
19890322
19890510
19890725
19890906
19891204
19901024
qwer4321
superstar
liu12345
qazwsx123456
qwaszx123
nihaoma123
motorola
windows
xiaoyong
wangxing
51888888
85858585
321456987
30303030
31313131
33455432
74511940
ma123456
shangxin
qunimade
happyhappy
891129aaa
hy123456
j123456789
19840318
19840514
19840617
19840618
19840701
19840816
19840922
19850203
19850328
19850421
19850509
19850529
19850915
19860328
19860424
19860517
19860627
19870326
19870414
19870730
19890328
19890409
19890515
19890518
19890627
19890718
19890726
198712821
19880322
19880407
19880716
12151215
19811003
19811031
19811103
19820109
19820121
19820427
19820722
19820805
19821113
19830115
19830130
19830311
19830425
19830718
19830729
19830814
19830914
19830917
19840108
19840115
19781028
19801130
19810202
19283746
008008008
12311231
123123asd
13243546
wen123456
zxcvbnm,./
www12345
www.csdn.net
wx123456
huanghui
huanjue321
f123456789
a1314521
china2008
asd123asd123
az123456
azxcvbnm
changjiang
benjamin
45685200
66886688
33336666
makelove
my123456
tianyuan
kxtn888cn
jkljkljkl
liuliuliu
131421131421
123321000
1234567abc
123456dd
123456wang
127127127
123abcde
11111111q
112233445
10221022
108108108
19880121
19880328
19880607
19880719
19840522
19840826
19850227
19850321
19850426
19850605
19850803
19850814
19850906
19860111
19860121
19900201
19901019
19901225
19890401
19890802
19890814
19890902
19860525
19860528
19860604
19860628
19870507
19810918
19810920
19811102
19820118
19820125
19820212
19820322
19820428
19820506
19820528
19820623
19820708
19820815
19820820
19830208
19830421
19830512
19830613
19830719
19830811
19830812
19830924
19840109
19781010
19781218
19801007
19801201
19801011
19801214
187222455
19810609
19810925
19811130
19820128
19820301
19820302
19820328
19820423
19820501
19820622
19820624
19820712
19820716
19820726
19830105
19830614
19830615
19830709
123789abc
13579000
1346798520
13145211
12301230123
123123000
123456.0
12345677654321
19860503
19860507
19860508
19870403
19840314
19840324
19840325
19840408
19840707
19840724
19840804
19850323
19850324
19850419
19850515
19850905
19880522
19890225
19890428
19890524
19890723
19890819
19890922
19901012
19901990
01233210
2012comeer
2582587758
33787943
77582580
44448888
3714261985
66079350
68973435779
wwwswcy588
wodeshijie
wozhiaini
zhangyun
zhoufeng
yangning
zxcvbnm123456
c120696363520
baobei520
frenzy673954
huangyan
chenxiao
aaabbbccc
nihaonihao
qqqwwweee
qwaszx12
q00000000
love1234
kisskiss
sxg007007
T123456789
sssssssss
sunsunsun
qq520520
qingtian
jiushini
kkk52789
QWERFDSA
lovejing
zxcvb123
zxcvbnml
zzzz1111
zhang1234
zhangchen
zhao123456
weiyu371
wang1989
woxihuan
wodeai123
woainilaopo
woainimama
xihuanni
214214214
19810628
19810924
19811107
19811206
19811227
19820126
19820228
19820402
19820719
19820901
19830111
19830112
19830318
19830423
19830605
19830610
19830708
19830806
19830816
19830822
19791025
19801019
19801216
19801221
10181018
11011011
0000OOOO
12345678aA
132132132
13145211314521
19840128
19840308
19840523
19840709
19850423
19850505
19850528
19850604
19850616
19850703
19850708
19850712
19860404
19860827
19870930
19890207
19890227
19890406
19890505
19890506
19890521
19890527
19890629
19890729
19890822
19890913
19880424
19880507
19880705
19880717
19880807
65656565
794613852
314159265358
998998998
abcdef123456
guo123456
chenyong
csdn2010
huyunqiao
huaihuai
huangtao
f12345678
df000000
asd123321
chenpeng
881125881125
gjxhsgjxhs
19880222
19880417
19880527
19840323
19840412
19840428
19840502
19840607
19840627
19840703
19850213
19850307
19850319
19850409
19850718
19850729
19860119
19901011
19890426
19890512
19890621
19890702
19890714
19890911
19860423
19870117
19870508
19870527
19791010
19791228
19801023
19801027
19810812
19810916
19810926
19811002
19820104
19820313
19820426
19820824
19830104
19830309
19830417
19830628
19830724
19830813
19830927
13654006821
24242424
131415926
123321abc
12340000
114114114
lixiaolong
lr1028829
Q123456Q
whosyourdaddy
wanghong
zxcvbnm0
woaibaobao
3135134162
321456789
311311311
28282828
3216732167
7758258123
77587758
52013148
82828282
84821742
3.1415926535
33221100
74108520963.
68856636
maomao123
qwe123qwe123
qwertyuiop123
kk413200
jiangfeng
jylk1314
feng123456
abcde123
ht123456
iloveyou123
C12345678
baishikele
BABAMAMA
cheng123
csdnmima
123.123.
1020304050
19860613
19860622
19870514
19870704
19840221
19840224
19840508
19840608
19840621
19840812
19840817
19840819
19840907
19850311
19850329
19850503
19850619
19850702
19850705
19850829
1qazxsw23edc
19880323
19880410
19880416
19890121
19890423
19890513
19890516
19890724
19890908
19900125
19901122
19901220
19810901
19810928
19811009
19820218
19820226
19820227
19820407
19820419
19820603
19820614
19820830
19830127
19830227
19830603
19830703
19830818
19840107
19840118
19781122
19801005
13145201
251314251314
2582525775
xiaozhang
zhangjia
zq123456
zzzzxxxx
xiaoqian
xiaoqing
w5201314
wobuaini
z1111111
comeonbaby
abc123321
admintus
a520520aa
a1s2d3f4g5
fuckyou123
baobei521
963214785
98188729
ilovechina
huahuahua
654321abc
7758521.
52005200
lingfeng
sunflower
sb987654321
nnnnmmmm
nevergiveup
mrf11277215
19900102
19900126
19901014
19901212
19901230
19860407
19860427
19860511
19870506
19840316
19840401
19840521
19840710
19840716
19850113
19850511
19850610
19850620
19850706
19850728
19850811
19860309
19890118
19890217
19890429
19890711
19890721
19880403
19880409
13709394
0O0O0O0O
112358132134
12152205
123456789aaa
12345678@
12345678w
123456888
123456jj
123456xyz
123789123
19791026
19801001
19801024
19801116
19801118
19801206
19801217
19810923
19811202
19811205
19820213
19820222
19820414
19820504
19820526
19820610
19820628
19830128
19830204
19830228
19830320
19830326
19830501
19830608
19830707
19830710
19830821
19830912
19830930
19840113
19810824
19811208
19811211
19820105
19820206
19820209
19820215
19820405
19820424
19820516
19820518
19820611
19820710
19820725
19820728
19830117
19830217
19830223
19830325
19830404
19830522
19830903
19791127
19801017
19801128
19801211
16881688
19880413
19880630
19860322
19860330
19860530
19860727
19860803
1qaz!QAZ
19900214
19900520
19890223
19890403
19890414
19890519
19890609
19890708
19890917
19840322
19840517
19840529
19840611
19840623
19840714
19840722
19840806
19840903
19840905
19850406
19850422
19850519
19850521
19850627
19850802
123qwe456
12332145
123321456654
123456789000
12345qaz
12251225
11121314
000000123
5201314q
52771314
35353535
831101qsl
86680101
826826826
yesterday
wangsheng
`1234567
y1234567
WOSHINIMA
wushuang
www.163.com
zhangcheng
zhang520
a88888888
a123456.
a123a123
cinderella
chencheng
ddddddddd
b123456789
qwe123asd
qwertyuiop[]
tqtwffgcc
suzhou@562718
tblkspthkr
OOOO0000
jia123456
jin123456
rrrrrrrr
Love2008
zhang1988
z123123123
wangfang
wodemingzi
woshiwo123
woainiaa
xianjian
00001107
19810808
19810902
19811220
19811229
19820320
19820527
19820612
19820615
19820621
19820627
19820907
19830225
19830301
19830429
19830528
19830602
19830620
19830904
19840103
19781226
19791101
19791220
19801003
19801015
19801026
19801129
2718281828
11201120
19840206
19840301
19840306
19840418
19840525
19850527
19850602
19850629
19850717
19850719
19850812
19860222
19880131
19860409
19860413
19860524
19890402
19901026
1231231230
7758258a
325325325
2870873859
2wsxcde3
520131415
369874125
54545454
CATHERINE
basketball
a123b123
huangxin
jasajasa
confidence
CHENGLONG
flyinsky
ff123456
eeeeeeee
evangelion
dfdfdfdf
dingdang
abc147258
aaabcabc
haha1234
hao123.com
hathaway
appleapple
j2mv9jyyq6
hj123456
8975789757
12345123
1234567k
123456ZZZ
124578369
13245678
19781123
19781224
19791030
19801103
19801107
19810919
19811114
19820129
19820308
19820403
19820420
19820519
19820715
19820908
19830406
19830408
19830412
19830504
19830622
19830627
19830720
19830825
000000aaa
19900206
19901218
19880831
19840319
19840320
19840422
19840613
19840622
19840802
19840916
19850530
19850617
19850709
19860225
19890226
19890522
19890610
19860526
19860630
20100101
110110110110
102030102030
lmj12345
lixy12345678
thinking
sh123456
k1234567
yangfeng
zero696295
woaini00
5845213344
7758258258
800800800
7418529630
52013143344
646656xz7
3.141592654
32103210
770880520
jiubugaosuni
li7xi9bgn
liangwei
qiangqiang
qq0000000
qq7758258
qqqaaazzz
qqqqqq11
886886886
happiness
feng19831
fangyuan
aaaaaa11
aaasssddd
anainima
javajava
asdf4321
asdfghjkl;
aspirine
boshigangchang
102102102
11119999
11241124
11qqaazz
10261026
19810823
19811030
198198198
19820106
19820117
19820305
19820327
19820514
19820709
19820811
19820904
19830129
19830212
19830224
19830305
19830308
19830506
19830514
19830525
19830527
19830604
19830611
19830618
19830702
19830803
19830819
19830829
19840112
19781021
19781128
19791123
19801125
19801126
19810217
18273645
123456789987
1234aaaa
000000qq
19860502
19880429
19900526
19900624
19901030
19901120
19890517
19890523
19890704
19890728
19890810
19890827
19890903
19840313
19840429
19840513
19840519
19840624
19840718
19840729
19840827
19850208
19850306
19850416
19850615
19850904
yuan1234
z0000000
zxasqw12
xiaobing
xiaohong
xiaopang
zhoujielun
zhangfei
zhanghan
zhangqing
zhangxiang
zhou1234
zxcv123456
````````
woaini123456
woaini2008
wowowowo
z11111111
yangpeng
wd123456
asdzxc123
feifei123
detective
8866810635956388
888888889
han123456
hello1234
gertydrj
jackjack
abc5201314
aa5201314
789852123
66666688
67676767
618618618
45678900
QQQQ1234
liu5201314
loveforever
lu123456
lp123456
lx123456
jfjscy8767
shenshen
qwerrewq
sjdf2ghjt
m12345678
napoleon
19840515
19840518
19840620
19840704
19840914
19850313
19850316
19850418
19850428
19850810
1rtj689d
19860429
19860519
19860807
19870426
19890421
19890511
19890608
19890611
19890703
19890720
19890905
20070101
19900123
19900818
19901227
19771027
19810214
19811201
19811207
19820116
19820307
19820314
19820323
19820406
19820409
19820705
19820713
19830207
19830324
19830402
19830427
19830503
19830526
19830619
19830824
118118118
11123456
12231223
139139139
00008888
24681012
25897758
123456678
1234567z
123456ss
1234567890-=
123456789s
12345678abc
12345699
131420131420
1234rewq
12365412
12593000
1305821983
112358112358
19900216
19901027
19901125
19901221
19880703
19840125
19840327
19840403
19840426
19840609
19840628
19850327
19850408
19850411
19850514
19860313
19870407
19888888
19890408
19890809
19810828
19811006
19811209
19820110
19820221
19820303
19820319
19820421
19820520
19820523
19820524
19830123
19830317
19830328
19830407
19830422
19830711
19830902
19830905
19781212
19791111
19791224
19801008
19801021
19801110
19801119
250976046
0000000.
04230423
520131456
619030475
753951456
326326326
415415415
wsadwsad
woshinidaye
wingzero
zhaopeng
zhangdong
zhangyao
zxc123zxc
yangcheng
xiaoxiang
yan123456
aaaaaa123
abc1234567
896352639
98741236
cd123456
dldldldl
ilovethisgame
christina
gg123456
hao12345
guoguoguo
mm5201314
mhh123456
maomao520
nuttertools
QAZ123456789
qazqaz123
linxing7778
LionkinG
qwer12345
jianfeng
justlike
jianqiang
qaz123qaz
qazwsx1234
qq123654
pojaablog
princess
shuchang
taotaotao
liuxiang
liaoliao
x3561668
zhouying
zhang1986
zhaoming
zcwdclqscll
wang4040955
www.baidu.com
wodemeng
00000011
054821054821
19890224
19890502
19890529
19890622
19890706
19890907
19871271987
19880331
1a1a1a1a
20021212
19900104
19900118
19900329
19900512
19900811
19901210
19901211
19901215
19840131
19840321
19840328
19840516
19850429
19850507
19850524
19850704
19850730
19850806
19850817
19851031
1230456789
123456**
123456789!
135246789
123654
123abcabc
13143344
13145201314
111111112
12191219
27272727
19781015
19791214
19801013
19801111
19801219
19801223
19810325
19810610
19811110
19811222
19830108
19830329
19830507
19830508
19830607
19830705
19830712
19830728
19830807
19830827
410651410651
731731731
310310310
3106028011
33334444
he123456
abcdefghi
ac123456
A987654321
aaa111111
aaaaa11111
cisco123
f246865h
fengling
huanxiang
huangjing
huanghua
jason123
index0088
hehehehe
GONZO1982
fy641213
batistuta
88998899
fengxiaofeng
a0123456
dddddddddd
choupiwang
19810801
19810912
19810927
19811106
19811117
19820108
19820113
19820205
19820521
19820625
19820703
19830109
19830116
19830121
19830216
19830405
19830411
19830524
19830828
19840111
19781121
19790630
19790909
19791028
19791102
19791119
19801029
19801106
19801117
19801207
19810312
19810521
176219444
123zxc123
135521234
