123zxc123
135521234
19840222
19840223
19840705
19840715
19850222
19850414
19850518
19850522
19850714
19890419
19890602
19890716
19890717
19890804
19890904
19900110
19900215
19900320
19900510
19900513
19901124
12111211
12281228
08290829
0932313521
linlinlin
jiangjie
JI394SU3
lxsz60652
nihaogxfc
songjian
shuijing
wwwuploves
zhangzhi
zhengwei
yydq1234
34343434
34567890
3.14159265
51885188
846528ydt
78951230
789987789
82468246
547896321
516516516
52111314
526526526
showmethemoney
shuishui
sa123456
liuzheng
liudehua
Jfew3289
jianghua
jiangshan
jing006010
starstar
nishishei
maenbin1234
chenqiang
chenying
csdn2009
binbinbin
gutengda
a111111111
aaaaaa5061313
admin123456
engineer
12241224
11223311
11251125
123012301230
123321ww
123456@@
133133133
1236987450
123a123a
07070707
*963.*963.
19781012
19781111
19781211
19791013
19791024
19791128
19800405
19800819
19801102
19801114
19801127
19811005
19811113
19820317
19820602
19820607
19820608
19820819
19830314
19830519
19830716
19830722
19830826
19901017
19901028
19901206
19901224
19840407
19840411
19840415
19840417
19840423
19840507
19840511
19840603
19850225
19850330
19850512
19941128
1r2t3y4u
19880531
19890417
19860617
19860703
20100000
22221111
YC123456
windowss
viewsonic
wangcong
wangwei123
zhangmeng
zhangsan
zxcvbn123
zz123123
wz123456
xiaoguang
xingkong
zhangxiao
zhaoliang
wangshuo
WANGSONG
wang1985
wang1986
weiwei123
asdfgasdfg
cj123456
99819981
garfield
52000000
5201314abc
5203344587
748159263
753951123
81818181
411192710
36987412
335201314
305488940
63636363
SHENXIAN
shinichi
showtime
syncmaster
onepiece
jiejiejie
218218218
06060606
110120110120
11271127
10020000
10161016
12141214
123qaz123
123456789qwe
12345ASD
135790135790
19900113
19900205
19900801
19901002
19901214
19840307
19840427
19840602
19840708
19840803
19850111
19850117
19850130
19850308
19850424
19850508
19850607
19850907
1985111802
19880414
19810723
19810910
19810921
19810922
19820404
19820429
19820505
19820515
19820605
19820729
19830122
19830321
19830401
19830518
19830704
19830727
19830805
19830809
19840114
174292xy
19760620
19781001
19781225
19790318
19791020
19791021
19791022
19791226
19801108
19801218
19810304
19781118
19791027
19791104
19791979
19801022
19801122
19810620
19810826
19810905
19810911
19810915
19811118
19820220
19820310
19820510
19820704
19830426
19830502
19830517
19830715
19830907
19830908
12031203
10111011
200802200802
24682468
221221221
061112abc
19880509
19900108
19900124
19900203
19900208
19900227
19900820
19901013
19901021
19860425
19860609
19870331
198710086
19840317
19840419
19840509
19850404
19850630
19850715
19890407
19890713
12340987
1234567809
123456789p
12345678QQ
12345abcd
128128128
123abcdef
131452100
729729729
43420024
45612312
52113141
5213713752
50206735020673
77881230
33123456
61616161
wozhidao
WODECSDN
zxcvbnmas
zhaojian
zhongguoren
zmczmc12
xm123123
xiaoping
xiao1234
as123123
CH123456
ICECREAM
ffflufei
aidejiushini
987654321a
951753123
chenxing
chrdwhdhxt
ddzj49nb3
kingkong
kissalan
nihao123!
lw123456
lz123456
P123456789
qazwsxedc123
sherlock
romantic
t839k241
tianfeng
tinglove
jiangbin
jingling
jinjinjin
qwerasdfzxcv
scandisk
ruanjian
LIWEI123
lovecsdn
loveyou1314
q1q2q3q4
quanquan
xiaozhuzhu
wodeweilai
woshi007
windowswindows
Welcome123
wiii2ds1
yy5201314
zxcvasdf
ZXCzxc123
129129129
123456ly
12346899
24681357
19810618
19810621
19810825
19810917
19810930
19811119
19820130
19820311
19820613
19820718
19830221
19830304
19830419
19830617
19781023
19781025
19781026
19781126
19791012
19791015
19791023
19801009
19801109
19801229
19810203
19810221
19810310
19810606
16899052
10000001
116116116
19890727
19900105
19901126
1z2x3c4v
19840413
19840616
19840717
19850000
19850417
19850427
19850710
19860221
19860323
19860704
01478963
00000007
584334421
510406030
520131411
521125521125
53589793
2wsx3edc
77585201314
85411165
876543210
dby123456
dadadada
cj7152821
icandoit
ilikeyou
happy2008
champion
baobaobao
birthday
9874563210
fengjian
fengpeng
fishfish
dg123456789
99996666
abc123
hangzhou
happy2000
cy123456
cz123456
dajiahao
hongjuan
asddsaasd
95959595
90332773
000000001
0000aaaa
00724015
01234567890
01314520
023023023
04061018
19810623
19810720
19820122
19820324
19820503
19820803
19820806
19830330
19830410
19830415
19830516
19830616
19830706
19830804
159357159
194983521
19781210
19781220
19781230
19791008
19801018
19801205
19810228
19810301
19810307
19810527
19810601
12300a00A
123321qwe
1234567.
123456789..
13128255707
254044375
19900505
19900516
19900523
19900525
19900707
19900916
19901101
19901117
19901130
19890430
19890507
19890509
19890617
19890630
19840503
19850119
19850402
19850413
19850526
19850813
13919936479
110112113
12101210
professional
ssssssssss
trustno1
lc123456
justsoso
sleigh1368
zxcvbnmmnbvcxz
wangkang
wc625799
xxxxxxxxx
xiaochao
y12345678
wwwcsdnnet
z1x2c3v4
87651234
852741963
56785678
456123456
77885210
75395100
521521521521
520131488
456852852
528528528
569874123
54185418
790297648
316316316
shandong
success777
t1234567
nihaihaoma
mlf12345
jianglei
k12345678
LS123456
liuyang123
lvfeididi
lbjx9j11
l123l456
langlang
lishuang
88888888a
987456123
d123456789
cocacola
cheng428
cx123456
chinachina
daydayup
aceracer
andyandy
AA12345678
AAAqqq123
a77493618
guangguang
fy123456
b12345678
ericsson
hx2010seo
12021202
0p9o8i7u
10211021
084119084123
1314520qq
123321aaa
1234
123456111
000000..
00112900
19781011
19781018
19781022
19791108
19791120
19791217
19791218
19801204
19810116
19810306
19810510
19810619
19810815
19810816
19820111
19820329
19820330
19820411
19820525
19820629
19820717
19820724
19820804
19830119
19830125
141592653
26511314
19840619
19840805
19900213
19900219
19900301
19900321
19900503
19901105
19901213
19890422
20042008
yueyue521
xiaomeng
xingaixing
xiaojiang
zxc123456789
zxcvbnmasdfghjkl
wangling
weiwei520
ww111111
woaideren
woaini111
zhuang123
zhangping
zhangting
zhao1234
zhangbing
yl123456
yh123456
xiaowang
xm123456
woaimeinv
woaini110
woaitl520
wodedipan
wh123456
huanghai
huangkai
hibernate
iiiiiiii
abcde1234
abcdefghijk
abcdefghijklmn
88880000
chenqian
chouchou
FANG123456
hengheng
haha123456
as123456789
asd00000
318318318
2999811983
5201314159
520131499
492357816
45683968
66667777
66700388
852852852
85602222
7758521000
74185296
74747474
555666777
lightning
liucheng
liujiang
tongyong
tang123456
shenjian
sina.com
sky123456
rifhv123456
LZ11180607
k123456789
jinsheng
jianghao
20072008
19840524
19850516
19850713
19850716
19890514
19900109
19900228
19900314
19900824
19901008
19901029
19901102
19901123
1234567895
123456ff
123456www
12347890
13142659
135791113
123654aa
123abc123abc
203203203
19810705
19811004
19820112
19820702
19830107
19830118
19830416
19830529
19771010
19771126
19781101
19781104
19781120
19781215
19781221
19781223
19790916
19791208
19791213
197912wsr
19801105
19801224
19801231
19810121
19810126
19810212
19810416
159753159
184866884
14725800
13628792658
136136136
19900207
19900209
19900306
19900312
19900910
19901001
19901110
19901111
19901115
19901128
19901129
19870430
19880619
19840402
19840730
19840930
19850118
1a2s3d4f5g
12171217
12261226
10191019
07742216
11011101
11122233
112233qq
04200116
0123654789
19761976
19771020
19781113
19781116
19790315
19791109
19791212
19801115
19810119
19810124
19810206
19810219
19810311
19810314
19810318
19810320
19810425
19810504
19810528
19810617
19810627
19810707
19810712
19810719
19810721
19810813
19820530
19820609
19820616
19830424
19830428
19830523
19830609
19830717
19830723
19830830
12351235
124124124
123456789999
12345678x
13530023404
13456789
21436587
56781234
614614614
6668881204511
668668668
7215217758
30798764681
33338888
456852456
517517517
748748748
7894561230.
82537724
84423196
weiqiang
wangyonglang
wangjuan
yingxiong
yx12345678
yangling
yangxiao
zzxxccvv
zhoujing
wsw800168
woaibabamama
wuyongchong
wwwyhjd198cn
woshiyizhiyu
xiaobudian
xiaokang
xiaoyu520
xxx123456
baobao521
cai123456
cao123456
caonima1
iloveyou520
hhhhhhhhhh
huangjin
a11223344
aaaaaaa1
daohaosima
fan123456
feifei521
explorer
E65351656
jiangjian
jiangxin
jiangyan
tc123456
sx123456
system32
t12345678
tianlong
sunmenga1
programmer
qsd34678321
qw123123
qasdfrghy1
qazwsxqazwsx
pass@word1
qiaoqiao
qingshan
qingsong
lb123456
lh123456
logitech
marlboro
rootroot
shenlong
qwedsazxc
redapple
s5201314
shuangshuang
question
panasonic
qq5211314
qa123456
qazwsx11
jianglong
killer123
jennifer
KONGKONG
sunupsun
sw123456
system123
maikuraki
liushuai
lk123456
xinxinxin
xiongwei
xiongxiong
xiaotang
xiang123
xiaolang
wangjile
wangxuan
ty123456
w4cuvji2
yangqing
yangshuai
yangzhen
youloveme
yuanchao
yygjmy333
woshishuaige
woaiwodejia
woaiwolaopo
woaijing
woaini12
woaini99
zhaofeng
zhangchi
zhangquan
zhan1234
zhang521
20092010
27182818
23242526
2269439999
111111222222
111111qqq
112233
12041204
122122122
19870531
19870831
20080101
19900122
19900202
19900210
19900211
19900217
19900218
19900307
19900415
19900711
19900718
19901003
19901112
19901127
19850401
19850403
19850930
19890427
19890528
123asdfg
123456789b
12349876
010203040506
0111424dd
012520wadll
06124308030
03030303
19810626
19810629
19810701
19810817
19820321
19820508
19820604
19830420
19830511
19781112
19781115
19781202
19781203
19781228
19790203
19790822
19791019
19791105
19791125
19791225
19791229
19800312
19800613
19800812
19810213
19810327
16897188
15890193764
1593572468
191154120
19491001abc
8630516boss
319319319
545007273
58080596547
5845131420
584521584521
624624624
65432111
789512357
7758258520
7758521qq
8012160713
5201314584
52100000
521125521
doraemon
eyesonme
huangjun
885201314
89080620084
9632587410
beckham7
c3df32ea
GOODMORNING
happy1314
happy2009
happy2010
hellocsdn
abc651114
ai123456
aiwosuoai
999999
a123456789a
999666333
a1234560
aa654321
ainibubian
87953747
88123456
dmsqdr0813
dsadsadsa
huangbin
j1234567
javazfj1jie
herohero
happy520
happysky
gslove0409
bwhhfytbz
bluebird
cappuccino
19771212
19781208
19790629
19791029
19791103
19791121
19791129
19800216
19800916
19801113
19810109
19810401
19810412
19810607
19810616
19810624
19810711
19820207
19820511
19820517
19830413
11111118
100000000
14121412
00998877
19971997
19840330
19840425
19850517
19900302
19900324
19900326
19900506
19900609
19900807
19900812
19900826
19900827
19901009
19901118
19901201
19901208
19901231
123212321
12345678901
123456lj
123987456
132456789
135798642
liverpool
jiajia520
simileplun
sl123456
qweasd12
pengyoua
lelehappy
lijianguo
likelike
lin12345
sunlight
snr52lsnr
Ssqhdyx163
sss123456
STUDYHARD
Nintendo
nsns5566
wang1988
wanghao123
wanglei123
woaini5201314
woaini88
woainiqq
woshini88
yangbing
519519519
502502502
84268426
83418341
2876180com
33445200
81234567
4444444444
36237758
4294967296
444555666
4007105899
369963369
84848484
85081056
852456852456
584520584520
615615615
510510510
5205301314
521131400
753951852
76767676
3.1415927
mnbvcxz123
meng070400
qwe123456789
qweasdqwe
qwertyqwerty
shengming
redkissfs
s2j3l9a5
kpawjfhjiuvu
jkluio789
starcraft
sn2752827
power123
qq654321
p1234567
lijiawei
lg2008qq
boke123456
dfkc88com
feng1234
fffffffff
A123456123
aaa123456789
987321654
fzx835123
chongchong
chenguang
huangjia
iverson3
icanfly1130
135246135246
1357997531
1314520
12345678l
123456gs
123456wei
123456xy
12378900
10141014
11021102
11234567
12201220
19810608
19810714
19810818
19810903
19810906
19810913
19820225
19820509
19820513
19820727
19830131
19830509
19781024
19790204
19790626
19790924
19790929
19791016
19800125
19800925
19801203
19801209
19810102
19810125
19810302
19810305
19810508
19810603
16898168
170321064
20080628
20462046
215215215
23571113
19900106
19900120
19900129
19900212
19900220
19900423
19900508
19900527
19900606
19900808
19900822
19900921
19901004
19901216
19910229
20052008
19860730
19840430
1qaz3edc
200200200
141421141421
0123698745
00000000.
07090126
zhang2008
z5201314
zhanghuan
zxcvbnm12
xyz123456
xiaoshuai
xiaozhou
wongyon0363
woaicsdn
wangrong
wangshuang
welcomewelcome
weiliang
veronica
w1111111
zsj961701
yangkang
yj123456
zhangxue
ZHOUPENG
zhouqiang
zhuzhu520
zb123456
woainana
woyaoxiazai
wk123456
wwww1234
xiaoting
xiaowei33
xiaoling
hongliang
huangliang
huangpeng
aaa123321
abcd123456789
abcd4321
abcdefg1234567
abcdefghij
caoyuanzjykyzjk
ccc123456
bbs123456
azazazaz
dong1234
charlene
chengming
daocaoren
97465233
G12345678
ghtdgfg726
hamasaki
hanhanhan
333222111
411411411
5211255230967521
52135213
46191494619149
678678678
langzi8610
shens1d2gf
lm123456
love198893
lovelife
moonlight
q2w3e4r5
qasw12345
qazwsx
jjjjjjjjj
jpzhang28
05240910
00000008
0147852369
16856789
173173173
19810625
19810703
19810713
19810727
19810908
19820522
19830319
19830322
19830409
19770101
19780918
19781003
19781013
19781029
19781129
19781216
19790118
19790815
19791004
19791014
19791017
19791018
19791116
19791126
19791210
197971
19800214
19800918
19801002
19801030
19801101
19801227
19810210
19810218
19810303
19810525
134679134679
123123qw
123456789abcd
123456789zxc
123456op
12345aaa
123465789
1314520..
12181218
1133557799
1111111111111
112233456
147258369a
20080512
20122012
219219219
19991220
19890807
19900112
19900115
19900223
19900303
19900315
19900319
19900327
19900420
19900428
19900601
19900614
19900615
19900701
19900702
19900721
19900918
19900919
19901119
19901217
19901229
19860130
19870731
19860930
19890330
19890424
1a2a3a4a
19850405
19850531
19900116
19900322
19900410
19900411
19900429
19900502
19900518
19900618
19900623
19900802
19900815
19900817
19900913
19900922
19901005
19910101
12388888
13528519554a
12345678m
1234567x
123456HH
13241324
0101010101
!QAZ@WSX
00110011
19771030
19771109
19781016
19781020
19781106
19781108
19781109
19781219
19781231
19790419
19791118
19791211
197976woaini
19800221
19800808
19800825
19800920
19800929
19810120
19810406
19810417
19810503
19810718
19810722
19820224
19820326
19830403
11111110
121212100
0932313520
14785236
13818936500
709394709394
654321qq
323323323
290990www
5tgb6yhn
625625625
530530530
527527527
527778367
520131420
513513513
82760274
7887316123
78907890
77889999
4113231982
4561230.
432432432
xiaoyuan
yangchen
yangying
yuan123456
wangheng
wangshilong7310
wangtian
wan123456
zxcvbnm123456789
wusuowei
ws123123
windows7
windowsme
wocaonimabi
wohaoaini
ZHANG110
handong1
g1234567
guoqiang
belldandy
hua123456
huang520
huangchao
huangcheng
huangqiang
j12345678
89891saa
97979797
Fuckyou1
fenghuang
fengying
dangdang
chen1988
chenxiang
jing123456
jiang123456
liuhao123
qweasdzxc123
oush2010
qqqqqqqa
playgame
mosquito
songhyekyo
TIANJIANGDAREN
tianjing
tiger123
tongxingzheng
top123698745
super123
sunyy098
sy123456
liangjie
longfei123
loveangel
lovezoulin987929
jiajia123
jonathan
kasama1981
kissme123
ms1384609
shenghuo
q1314520
zhangzhao
zhangzhe
zhiqiang
w7758521
wang12345
wang1984
westwood
wanggang77
wantgirl
xinxin87d
x0c6rll1
yishengyouni
yanghong
yongyuanaini
wodeairen
woshilaoda
zwiamakiller
zx123456789
13684995017
03120312
010203010203
05201314
19900204
19900325
19900501
19900515
19900521
19900612
19900616
19900728
19900819
19900828
19900905
19900920
19901204
19901205
19901219
19840719
19840831
1qazXSW@
19880930
123654abc
12597758
1314woaini
12315123
123321SS
123456+-
12345656
123456787
1234567w
123456a?
11041104
11111100
111qqq...
1123456789
11235811
11247412
10431079
223223223
234567890
19810717
19810726
19810728
19810729
19810819
19820630
19830802
168469367
1928374655
19781017
19781027
19781125
19790901
19790910
19790912
19791122
19800218
19800601
19801222
19810205
19810211
19810511
19810602
159357000
29292929
30624700
306306306
852963741
831612583
77777778
623623623
57575757
5843344521
586586586
511511511
46464646
chongliang
dddtefp23
cq123456
aquarius
asd5201314
bj123456
hanghang
gjg5201314
aa1234567
ainideren
aishangni
@123456@
a111111a
ante2005
anycall123
domybest
fanfanfan
fayewong
DY123456
fly123456
dinosaur
hjklh159
huangfei
ilovejava
information
Inuyasha
gaoliang
happyeveryday
cl123456
chinaboy
CHEN1987
chenhao123
baobao123
CAONIDAYE
cb1986619
cctvcctv
dreaming
elephant
english123
f1234567
a5303903
99899989
a123654789
19810803
19810806
19810809
19810822
19810907
19820706
19840000
19760601
19771103
19771120
19780925
19781105
19781110
19781124
19781209
19781213
19790505
19790825
19790926
19791222
19800122
19800316
19800816
19810103
19810316
19810326
19810408
19810410
19810424
19810522
19810523
19890131
20050101
1j2h3g4f
1qaz2wsxE
19900114
19900127
19900221
19900310
19900522
19900613
19900704
19900710
19900825
19900901
19900906
19901006
19901031
19901104
19901106
19901209
19901228
19911015
19840406
!QAZxsw2
009009009
123000123000
123012300
123123456456
123123789
12333333
1234560000
12345665
1234567o
123456aaaa
123456gg
123woaini
10291029
103103103
11113333
111222111
12081208
12161216
1181151539
11900000
10151015
q7758521
photoshop
qwaszxqwaszx
longzhifei
love1314a
lyh520ni
tigertiger
liangjian
qy7ttvj7vg
jy123456
kkkkmmmm
mn123456
notebook
magebaocom
zx123123
zxcasd123
zs123456
xiangfei
xiaochen
xuanyuan
xiaoqiao
xiaosheng
zhejiang
zenjj130
zhang1989
zhoumi1985
zhouyong
zm123456
wangtong
wenwenwen
university
woshilong
woailaogong
woaini
WOAINI3344
woainimen
yuyuyuyu
ye123456
514514514
294753618
330330330
37373737
58420184
613613613
59201314
85207410
83838383
87635984
778899778899
77882500
775825wlw
789456789456
789654321
33221111
301301301
654321123456
65432178
654321aa
87891462
37214728
455696504
3edc4rfv
3er4t55u
5841314920
55668899
NXGyanzi
temptemp
truelove
qqqqqq
q1w2e3r4t5y6
qaqaqaqa
lys545352
lllllllll
llllllllll
KUAILE123
lang237395617
shandian
shi123456
999ing2009
@Wsx3edc
ABCDEFG123456
adsladsl
aa1314520
aaa11111
aabbcc123
abababab
a8645022
aiwo1314
ibelieve
huanglin
ggggggggg
heiheiHEI
dj123456
fengjing
finalfantasy
ds123456
billgates
blizzard
1017795464
110110aa
11114444
10301030
19850131
19890331
19890831
19890930
19880430
19900103
19900119
19900130
19900316
19900412
19900421
19900507
19900706
19900806
19900809
19900903
19900912
19900930
19901109
19901226
19910213
20060101
1q2w3edell
13932996539
147258147258
147258aa
19720806
19761021
19771118
19771124
19771125
19780214
19780909
19781114
19790312
19790918
19790928
19791002
19791003
19791009
19791201
19791205
19800112
19800202
19800505
19800527
19800606
19800609
19800616
19800805
19800927
19810216
19810225
19810328
19810501
19810520
19810526
15935788
19810715
19810821
19820000
19820131
19820507
19821983
19830731
19700808
123963aaa
123qwerty
12300321
123123as
123123zz
123321321
1234569870
123456lll
131131131
13579246
222222
20092006
216216216
011235813
000000000A
ysq123456
yueliang
zeng123456
zhengjian
zhengzheng
zhu88jie
zhanghai
zhangzheng
zp123456
zxcasdqwe123
zxcvbnm1234
xianxian
xiaojuan
xue555999
y007007y
woaini1234
w11111111
whbs999999
warcraft
wb123456
wangjun123
wangweiwei
wang1990
yuanjing
yangting
zhangdan
zhangxing
zf123456
zheng123
zhuzhu123
woainini
wjj3910351
xiaoshan
xiaoyu123
xaoyin78
XH123456
xqf80912
xiangxinziji
xiaochun
xiaohao1
xiaohongcheng
cena123456
builder88
asdfgh123456
huhuhuhu
hui1980peng
hyjqt1213
Ilove123
hf13384332
hhhhhhhhh
chenhong
chenling
chensong
ABC12366
abcdefg1
admin999
Alleniverson
angel520
angelangel
fengkuang
fjfjfjfj
friendship
hello
gly6667115
ghghghgh
g13916055158
haohaizi
happylife
951951951
88888888888888888888
880770660
61286128
6184685521
56652154536
568568568
54188888
326159487
314285769
317317317
302302302
784951623
775201314
775852111
775852177
51685168
535897932
53647110
520131412
520131414
520520123
52115211
525525525
52661314
410410410
365365365
412412412
642353123456
8589909wyq
sf123456
skywalker
security
qawsedrftg
qlihaijun
qq110110
qq123456qq
P@ssword
pangpang
menglong
metallica
successful
LIPENGFEI
kkndkknd
jkjkjkjk
killkill
king1234
147258147
10281028
110119112
11116666
10171017
11281128
121425o0
19981998
1qazxcvb
19890730
19840331
19850331
19850407
19870000
20060606
19900121
19900304
19900309
19900323
19900511
19900514
19900519
19900602
19900617
19900626
19900628
19900708
19900709
19901103
19901116
19901121
19901222
19901223
19910202
25800000
200820082008
20088888
20091001
24862486
19731973
19771026
19771128
19771129
19780127
19780603
19781007
19790210
19790613
19790618
19790828
19791006
19791106
19800210
19800220
19800228
19800622
19800628
19800820
19800829
19800912
19800919
19801004
19810106
19810108
19810127
19810220
19810227
19810403
19810409
19810418
19810422
19810515
19810605
19810612
19810622
19810810
19810814
156156156
12581258
1314520000
13145920
1314love
1230123123
1234567*
123456852
123456YU
12345qwer
123123123.
123412341234
123456.com
123456csdn
12345abcdef
12346578
13524600
1314521a
123abc!@
123qwe12
13403537353
12121122
11111178
111111abc
105105105
0000011111
01478520
145254188
19810615
19810829
19830331
19830630
19741128
19771025
19771215
19771219
19771226
19781002
19781019
19781102
19781103
19790108
19790606
19790622
19790628
19790801
19791206
19800401
19800412
19800502
19800623
19800718
19800911
19801031
19801104
19810224
19810414
19810506
19810514
19810518
19900107
19900305
19900313
19900419
19900524
19900529
19900611
19900703
19900907
19900908
19900929
19911010
19860131
20061205057
19860430
198631100
2468024680
21725182172518
23568900
22222222222222222222
256256256
87654312
775825800
775852121
80231314
77884144
825825825
620620620
31663166
33332222
7215211314
524524524
513030513030
52013147
5211314123
53542306
413413413
372108916038
43214321
xiaotong
yangqian
youyouyou
yishengkjc
zzzz0000
zzzzzzzzzzzzzzzzzzzz
wangchuan
wangmiao
welcome
watermelon
waterwater
w1314520
whoami
why123456
williams
woshinide
wwww1111
wliu5211314
wt123456
woshishuia
zhangqin
zmkmzmkm
zaqzaqzaq
zhaochen
991881991881
chenyuan
chongqing
coolcool
chen1986
chenghao
D12345678
dandan520
ASDF;LKJ
challenge
beyond123
bojiansky
asdwasdw
huangying
jack1234
hao123123
ganggang
godblessme
googlemath
a123321a
followme
dragon123
jfjfjfjf
jiaju20000
maomao6717233
nba123456
nicaicai
sc123456
qweasdzx
qweewqqwe
qwerty1234
sg1234567
shengsheng
shenshine
p12345678
qqqqqqq1
poiu0987
qazsedcft
laser8508
lianlian
lg123456
li123456789
lijingyuan
lliufeng
lq5201314
love2000
liyang123
superjunior
sushaohuai
suncheng
suyuyuan
song123456
tian123456
sapphire
scorpion
shmilyshmily
qweruiop
root123456
jh123456
kl123456
jun123456
jianghai
jincheng
ningmeng
meimeimei
mmmmmmMMMM
q1w2e3r4t5122
openopen
q0000000
li5201314
lianxiang
zhaoCHAO
z6331300
zazazaza
zhouchao
zxcvbnm
zxl123456789
zz111111
xiaoxing
xiaozhao
xiafei1987128
yfl821207
yangdong
yanglong
yangning88
yao123456
you123456
www123www
www163com
woaifeifei
wewewewe
wangzhao
00012345
000168000
03110311
12345!@
12345678*
1234567qq
123456999
123456yang
123578951
123a456b
123asdasd
1314520aa
111111111a
111222333444
11223366
121212
11291129
115115115
12000000
19900224
19900401
19900405
19900409
19900610
19900619
19900705
19900724
19900814
19900926
19901007
19901107
19901113
19901114
19910316
19911019
20000101
1988comeer
19872858
19840830
19851986
19751975
19780108
19780202
19781117
19781119
19781201
19781204
19781206
19781222
19790202
19790608
19790808
19790820
19790826
19790925
19791124
19791203
19791204
19791215
19791223
19791230
19791231
19800128
19800213
19800226
19800304
19800306
19800309
19800728
19800815
19800822
19810118
19810123
19810207
19810208
19810329
19810428
19810509
19810516
19810614
19810710
19810724
19810725
19810820
19820223
1593572486
43215678
416416416
421421421
35612615
36242424
62626262
581545900
58452000
58585888
55201314
5612607890
83836cao
76107610
77441100
7758520520
819793568
742141189
52585258
50505050
52010000
520520520520
47474747
48484848
333333
33669900
314159
27750930
67er2vwdq
66554433
doudoudou
DINGDONG
edian2009
fallinlove
fuckcsdn
bakhn524ds
asdfgh12
bullshit
9581322180
963.963.
chenshuai
dds5351130
chen1990
chengjie
cscscscs
cxcxcxcx
ambition
ak000000
abc123654
abcd1234!
a6370663
ab123456789
a1b1c1d1
huoying1013
huanglong
huangming
Iamagirl
fwy843012
hanhan0121
haohao123
haoxinqing
gft123456
gaoqiang
gh123456
gvdfg48789
good8683227
g123456789
951753456
888999000
890890890
free123456
excellent
dongfeng
feifei520
baidu.com
baiyun;520
beibei520
changqing
assassin
b1234567
aqswdefr
asdf1230
benbenben
blueblue
iamhappy
huluo007
jayjayjay
ifuckyou
ILOVE2HCX
ilovechu
cw123456
d1234567
CONFIDENT
csdn12345
chen1989
chen2008
chengliang
chenhuan
aike8923
a000000000
angel123
19810811
19810827
15816127225
19731024
19771001
19771018
19771224
19780615
19780910
19781006
19790217
19790423
19790621
19790707
19791130
19800000
19800106
19800118
19800206
19800217
19800320
19800321
19800512
19800621
19800712
19801202
19810105
19810114
19810122
19810204
19810317
19810513
19810519
19810524
19810529
19810530
13471862010
123AAAaa
123zxcvbNM
1258012580
1357902468
123258789
123456789123456
123456789k
123456qwert
234234234
24680000
208208208
20081001
20088002
20345156
02032247
00270027
19840727
19850830
1qw23er4
19860331
19860731
19900318
19900402
19900422
19900509
19900517
19900607
19900608
19900622
19900716
19900717
19900810
19900823
19900904
19900914
19900925
19901202
19903287512
13916777619
11121112
111222111222
1122336699
11261126
10131013
121212121
LIANG521
lijian123
lf123456
lgl8068045
just4you
smalldog521
together
sy12345678
SHAOSHUAI
qweasdqweasd
qwert123456
qwerty
sibarking
popopopo
qq100200
qq666666
long1234
long1988
lovemeloveme
loveyang
lq123456
nba123456aa
m6g;4a.6
ma8487955
mao123456
nj791123
WANGCHONG
wangshan
WANG123456789
wang1988218
wang2008
UNIVERSE
XIA123456
xiaoning
xq123456
xrc88com
xc123456
XL123456
zhuifeng
zhangsheng
z7758521
zhaoqiang
ZHAOYONG
zhang1983
zt123456
wxw1987314
www123321
wt120912
woyaonuli
yangping
yz123456
834159672
54385438
5841201314
567567567
277420327
32471388
32781710
313313313
303303303
33445210
770917720123
7758521..
77585217
5345381213
520025520025
520123123
5201314...
5201314110
52013147758
5201314love
520520
521478963
831872us35
86965921
8712107517
41414141
64646464
65351656
67896789
711711711
7120688004
815815815
820820820
77758521
781398917
56575859
55621162
603603603
60606060
619619619
331331331
348920043
nizhidao
O0O0oo00
mm000000
mnbvcxza
myfriend
mcppassword
maoqing609617
maozedong
mimimimi
nishishabi
swj60227
sunliang
tangjian
SU123456
tianming
tiaqid2888
snowwolf
southpasadena
sq123456
lenovolenovo
lan123456
linlin520
liss13026
leida19830814
kwwlkwwl
jiang520
jidewoaini
jx586jxjx586jx
loveless
liuxingyu
robinhood
RAIKKONEN
shmily123
qq159357
QWASZXQW
99889988
a12344321
a1b2c3d4e5f6
aaa000000
abc654321
abcddcba
freebird
freefree
dospass_wenpher
hellfire
glcaofirst
99010525
87klwwgft
88224466
chengwei
chenqing
csdnxiazai
deng123456
changhong
Bo_5201314
buxiaode
bbsbbsbbs
bemyself
asdfghasdfgh
inter1908
HUANGZHEN
hw123456
hz123456
ipconfig
huang1987
12123456
11335577
100200
102030405060
10271027
20089696aa
2010abcd
213546879
225225225
19741010
19761213
19771016
19771216
19780318
19780326
19780501
19780601
19780922
19781205
19790106
19790130
19790219
19790625
19790627
19790723
19790726
19790814
19790819
19790823
19790824
19790921
19791011
19791031
19791107
19791113
19791216
19791221
19800310
19800524
19800611
19800612
19800813
19800921
19810110
19810129
19810223
19810226
19810313
19810404
19810421
19810604
19390808
15975346
19810802
19810904
1231231231
1231231234
12312378
1234.COM
1234567890-
1234567890abc
1234567898
123456789c
123456789y
123456love
123456mn
131452011
123520123
12361236
15080818
033614625035
.123456789
19900111
19900413
19900427
19900528
19900712
19900805
19900821
19900829
19900909
19900928
19910102
19910228
19911216
19911991
19861023ly
19840530
19840531
19840630
20061224
19891009xxk
z1314520
yx123456
yi123456
yinhaibo
yang1987
yang1988
yang1989
yangchun
YanGShuO
yqw12345
YS123456
zkxh2391
zhouliang
zhanghang
zhangxuan
zczczczc
wangjiao
wdmzshyx
w0000000
xiang520
xiaochuan
XIAOZHEN
wm123456
woaibaobei
woaini1314520
winxcwinxc
wojiushi
woshifeng
wxm5841986
zxcvbnmk
zz000000
zzx123456
UUUUUUUU
UGVNYWPV
waitforme
wenwen123
z123456z
yangliang
za123456
zhangjuan
zhangshuo
zhangwe0891
zhaobingju
zhaolong
zhaoshuai
zhaoying
windwind
wingwing
wqwqwqwq
woaishui
woaiwojia1314
woaizhuzhu
wobugaosuni
wohaishiwo
www123456789
xiaoqixiaoqi
xiaoquan
xiaoxian
xinqiao123
xian1001
xiaoguai
xsc241903
huangfeng
huangshan
huangxing
hurricane
ihaveadream
illusion
iyipihcox
hk123456
Hp123456
hyacinth
hzf380721
greatwall
hao123com
guanjian
gundamseed
ad1816ad1816
@126.com
a123b456
age688com
ainidewo
dongsheng
everyday
dkfgoske
ffffffffff
ccccccccc
cdw153189
chang123
ASDFGHJKL1
B05020827
88552200
88776655
88881234
chenglin
chenmeng
cn123456
congcs17
chensheng
christMAS
dandandan
3020201088
309309309
329329329
421522346
401401401
5201314z
52335233
456654456
52885288
51234511
5702070121
62138842793
54605460
65412300
77885432
781221li
789456321
qwaz12345
qazwsx741
personal
opopopop
latitude
lemontree
leo5674383
linxing7777
liqiang123
li7180000
libin19800818
liguoyan
nihao123456
mq123456
mrzhangqiang
mingxing
ml123456
symantec
tiancai123
tt198y220
sjg861226
sb123456
qwert1234
qz123456
RD226407
sh12345678
klhb158com
KING123456
junjunjun
jiao123456
jiangchao
JINLIANG
longshao
lovefish
lyh123456
19890530
19890731
19860831
19900317
19900414
19900417
19900621
19900720
19900915
19900924
19900927
19902008
19910104
19910203
19911024
19991999
1qazxcvbnm
20061010
20062008
20072045
19871234
19875353
19810704
19810708
19810716
19830109@z
19731218
19741974
19760909
19761204
19761224
19771028
19771111
19771115
19771122
19771201
19771213
19780126
19780213
19780625
19780904
19781005
19781014
19781107
19781217
19790306
19790326
19790429
19790611
19790906
19791202
19791209
19800211
19800225
19800528
19800620
19800711
19800715
19800806
19800811
19800814
19800818
19800922
19800924
19810215
19810308
19810315
19810413
19810415
19810423
19810426
19810505
16896866
17110977
188188188
18931226
159753258
190624214
12051205
11031103
11051105
11100000
1111
1111100000
11111123
11223344a
235235235
20082010
2008beijing
061407319
05022229
123qwe
123123123q
12319332
123234345
1234561234
12345678y
123456a
123456bbb
123456lin
123456oo
123456Zh
123456zy
12348888
13201516175
13245768
12qw12qw
1313131313
1357908642
14285714
147258
142536142536
147258123
1478963250
11131113
112233dd
123.0123
0okm9ijn
19900117
19900128
19900407
19900604
19900627
19900629
19900714
19900729
19900923
19901207
19910124
19910325
19911022
19911119
19911121
1987062600
20010911
19850731
19860000
159951159951
16816888
173871361988
19810613
19810709
19810830
19810831
19820531
19820730
19830430
19830730
19751218
19761019
19761025
19770202
19771015
19771024
19771108
19771117
19771203
19771217
19771225
19780307
19780412
19780508
19780718
19780723
19780828
19780929
19781008
19781227
19790214
19790221
19790228
19790311
19790323
19790415
19790424
19790427
19790510
19790518
19790526
19790601
19790605
19790612
19790623
19790624
19790721
19790724
19790812
19790904
19790920
19791112
19791219
19791227
19800104
19800108
19800205
19800219
19800305
19800318
19800501
19800615
19800624
19800703
19800725
19800802
19800821
19800901
19800928
19810113
19810115
19810209
19810402
19810420
18283848
1235812358
12365498
1236987456
123aaa123
12457812
12541254
125478963
1230123a
123147159
1233211234
12345601
123456789ab
123456789h
123456@byd
123456wu
123456zhang
12345a123
12345asDF
20081212
20101010
230230230
232134403
210823210823
04040404
000123000
05210521
06160616
01470147
01470258
7777777
77885200
779846321
74185200
7758520123
409409409
41958021
426426426
43420024420
456258456258
331024842
2l3i4b5o6
319519CGD
64668989
6535688653
654321789
666666aa
6666688888
666777888
48325910
4939471000
5102102293
612612612
5566778899
5843344520
xue123456
xiaowei123
xiaozhu123
xzxzxzxz
xiangJUN
xiaofeixia
xiaohuan
yangfang
yanggang
yangmeng
yjl4007809061
z3787582
zzj880523
zzzzzz
ZXCVBNMZXC
wf123456
whywhywhy
wangyu123
wangbiao
wangwang512
wwwboa123
wwwphylove
woaiweiwei
wodebaobei
wolfwolf
woshi110
wsh123456
zhendao001
zhida110
zmwuzmwu
zhangmang
zhangshu
zhangtong
zhongwei
chen1984
chenping
chunchun
aht659hjt
aixiao8487
ak47m4a1
99999999999999999999
@123456789
abc058888
administ
aa520520
aa888888
AAA111aaa
aaaa8888
a19651030
huasheng
huangrong
hongjian
iwillwin
james007
JAVA1234
guanguan
gedoujia
gy123456
hb123456
gongxifacai
88509790
88588858
928h1025m513y
9787802258
fengxiao
einsunlxk
dongjian
dragon
Founder123
du123456
bin123456
blameoper
beikesun
caicaicai
caonimab
longcong
Love2010
love5207296
lovecaptian
loveying
mima8888
MJ123456
niuniuniu
nthu948342
okmijnuhb
maverick
mayueyue
PAN123456
qqqqq701
qianwei1234
liulinzp
liangyuan
linglong
linkinpark
linlin123
jk123456
kangjian
kkk123456
konglong
jian1988
jie123456
jimmy1113
thinkyou
tiancai1
tianshen
shen123456
shenjing
SINGAPORE
SHITSHIT
qwe789456
qwerpoiu
rise19901208
roc152535
shanghai1943
shiguang
sbsbsbsb
qiaokeli
QW123456789
oo00oo00
qq147258
peimeng1990
q1234567890
qazxswed
lovesnow
loveyou
ll5201314
long5201314
love2003
lovefeng
lixiaowei
microlab
ni80dezz
ok123456987
terminator
tao123456
st123456
linjunjie
linux123
laihao123
lei123456
liangjun
lengfeng
lhz6357659
liushuang
jiangyong
jiankang
kakakaka
kellychen
killer
kkkkkkkkk
zhouxuan
zhen9800
zheng1997
zhuimeng
zhang111
zhang1985
zhanglili
zhangrong
zhangsong
zk123456
zk19863018
zzzxxxccc
xiangjiao
xiangnian
xiangyang
xiaosong
xiaozhu520
xin123456
xingchen
yyh996226
z00000000
yangzhao
woshiwang
woaibama
woailili
woaimeimei
woaini..
woaiwoma
WWW123123
wanglihong
wangquan
wfj458224032960
USERUSER
wang5201314
00123456789
010010010
012012012
01234560
030210312
19841985
19850430
19850831
19851234
19900328
19900404
19900418
19900603
19900630
19900803
19900813
19910108
19910122
19910123
19910125
19910127
19910214
19910226
19910227
19910303
19911001
19911016
19911018
19991231
20030101
200730200730
1503196cs
135qet00
13810752119
151561614
11111111111111
11111qqqqq
109109109
210198468
217217217
220220220
22112211
22228888
25836900
246813579
236236236
20090901
19810630
19810702
19810804
19820331
19820430
19820731
19820823a
19830530
16899999
19760826
19761028
19761202
19761219
19770707
19771127
19771208
19771211
19780103
19780210
19780527
19780602
19780610
19780618
19780619
19780823
19780913
19780915
19780924
19781127
19790329
19790504
19790614
19790620
19790722
19790902
19790914
19790922
19790923
19800102
19800120
19800201
19800212
19800215
19800526
19800629
19800701
19800810
19800910
19800915
19800917
19801006
19810319
19810411
19810507
159357
159357789
15935789
159753
159753852
1230012300
123321..
123412345
1234567890Q
123456789ok
12345678C
12345690
123456ffee
123456jkl
123456mmm
123459876
1234qwerasdf
123654789a
123654789p
123asd456
123zhang
124578124578
13246890
13142121
13420963514
5845203344
594201314
59595959
62510136251013
601601601
4455667788
4253078191
37059967640276
7758521aa
74587458
84211314
863863863
84875075
85419879
52575257
520025520
5201314999
520woaini
5211314
52881314
53535353
32050789
654321123
66143227
70459898
awp6115758
ayanamirei
aqaqaqaq
asd1314520
asdasdas
brysjhhrhl
BEIJING123
beyondbeyond
bigdaddy
bluestar
huayugs888
huayugs8888
hl123456
hongxing
idontknow
iloveyou1
ineedyou
huahua123
cz753951
da123456
cuishaofei
chengpeng
chenning
clm843766
creative
csdntongxingzheng
9ol.0p;/
a12341234
American
amituofo
aixiao888
aa000999
aa110110
aa147258
aaa111bbb
abdullah
a83491273
duanduan
fengzheng
good1234
google123
guangzhou
guanhua917
haor200808
hellobaby
helloyou
95175300
88668866
8888899999
983563622
99123456
96049604
968968968
918273645
8989898989
csdnpass
chenshuang
chenwei123
china2010
delldell
cm123456
charming
chenhuajie
chenkang
biohazard
asdfffff
babyface
Ccjsj1200
HUANG1314
huangdong
huangmin
hf123456
ilovemyself
hk8464698
happytime
hacker123
a789456123
alexalex
amethyst
@163.com
a110110110
a1230123
abcde123456
addw454aa
aaaa123456
aaaaaa111111
fangjian
focifoci
diaonima
1234qwert
123369987
123456+++
123456.123
1234560a
123456789**
123456789.0
123456789as
1234567c
123456@
123456abcde
123456cs
123456hu
12345835
13519145285
13524678
1271987127
14251742
14521452
147258963
13971397
0000000001
00001016
0250202502
04110411
19858888
19860229
19882008
1qazxdr5
19900406
19900408
19900416
19900605
19900620
19900816
19900902
19910204
19910206
19910410
19910418
19910425
19910819
19911014
19911021
19921001
19921016
159487263
19810730
19810805
19721120
19721225
19741016
19751124
197520082009
19761022
19761024
19761111
19761128
19761218
19770218
19770311
19771012
19771023
19771123
19771202
19780404
19780422
19780504
19780716
19780802
19780815
19780911
19780919
19780928
19790123
19790308
19790708
19790829
19790905
19790915
19790927
19791110
19791115
19791207
19800124
19800301
19800311
19800314
19800315
19800326
19800516
19800602
19800721
19800926
19810104
19810111
19810128
19810222
19810309
19810405
19810419
19810429
19810512
19810517
16895678
10306699
10314027
11011000
11111
111111222
111111zz
100200520
10021002
114010105
115201314
11556654433221
2008huang
20131420
25872587
21332133
2233445566
228228228
27135973
2718281828459
kaixinjiuhao
kangkai1985
jiangping
jiaojian
jiayou123
kj0o3y9ht
liuxue0420
lizhiwei
lt123456
luocheng
lxy123456
love8023
lovefang
satellite
sdhzffgg
sakurasakura
sheng123
pa55word
qiang123
peng123456
liujunjie
liusheng
liguandong
leoleoleo
li123123
li321321
liang520
liangfeng
lifeng123
mynameis
nianry520
ml19880611
mmm123456
mo123456
squirrel
tianjiao
TJ123456
song1234
tangyang
sweetheart
tortoise
tt456789
wenqiang
wenwen520
wangguan
WANGHAIBO
wanghaitao
wanghui123
wangjiang
wangjianjun
wangjun521
wangtao123
w00000000
we123456
webmaster
wasd123456
xiaochong
xxxxxxxxxx
xiaoshuang
xiaowei521
xiaoxuan
xie123456
xd123456
zhongyuan
zhenghao
zhengyan
ZHANGCHONG
zhangcong
zhanggang
zhangshan
zhangxia
zhang1984
zhang1990
zhang2009
zhangbiao
zx5201314
zxc123zxc123
www.123.com
windowsdearbook
wordpass
woaidandan
woaijuan
woaini000
yy1613yy
yuanfang
yun521125
yuruyi111
yongbuyanqi
7292086a
741236987
630630630
666pp00ppp
75395112
77585212
7u8i9o0p
8106294715
611611611
578b578b
58452034
555222000
5911902ymt
417417417
419419419
43211234
3344520520
2WSX1QAZ
3.141592
3030256123
52601314
52013146
521314521314
456789001234
45678910
4567891230
5358979323
540324linyu
508508508
52015201
52052000
5211314.
52420552
52775277
602602602
610610610
622622622
5820611321
58451211314
58590383
66663333
666666666666
668518li
698898098
718718718
654321987
7758521**
75757575
305305305
31492768
321123321
328328328
33103310
27709358
33445203344520
33456789
339981339981
83687533
8468501669
423423423
39393939
44569471
453237572
test123456
sunnyboy
systemsystem
tan123456
tangjing
shenming
scjpscjp
simon123
rensheng
s123123123
QWERTQWERT
qwqwqwqwqw
qytqytqyt
redalert
shiming1
kevin123
kaikaikai
kangaroo
kokokoko
jj5201314
jjjjjjjjjj
jianghong
jiangpeng
jiaoyang
jimmy123
longquan
lovebaby
lovebeyond
loveyou123
liuyifei
lixiaofeng
lizhiyong
moonmoon
mashimaro
masterkey
melinda199
minminmin
mamababa
PEIhuai1986
pengliang
pk123456
oscar2008
qqq123123
quijiqquijiq
Qiang325
qing8147268
qq00000000
qq110120
qq1111111
poseidon
lai123456
lanlanlan
LEELEELEE
lin5201314
duibuqiwoaini
editedit
enjoy198412
fu123456
fuckyou
dongliang
dongming
cccccccccc
aoyun2008
asd1234567
asdasd11
catcatcat
blackcat
asdqs495
babybaby
backspace
barcelona
96818968
chenbing
chengfeng
CHENGJIAN
chengjun
chengxin
aaa1234567
aabb1122
ac/88271z
aee@
alcls0901
99991111
a123456s
hs4r956gg
huangwen
JAMESBOND
hx123456
iloveyou521
huangzhi
huihuihui
hhh123456
hieepass
godfather
goodtime
guangming
guofen1988
hbc218wjm
hc123456
hellodearbook
216568754
2008110110
20090701
200920092009
201314520
205205205
258147369
22002200
!q@w
00003333
005201314
00kj123456
05998469
123456110
123456789++
12345678901234567890
123456789789
123456789asdf
12345678b
123456890
1234568k
123456ASDFG
12348765qq
123aa123
123qq123
123qweas
13578876887
13324124
13384993699
13142100
1314520ABC
13148888
13609582430
147258abc
11280000
110112110
110120123
111111111111111
1111111112
11151115
11223333
0o0o0o0o0o
10081008
078915wang
120331848
12291229
19898989
19900225
19900403
19900715
19901203
19910224
19910311
19910315
19910611
19911005
19911012
19911023
19911026
19911210
19911226
19921020
19845660198
19890531
20050607
19980722
1Q2W3E4R5
1qaz0okm
1qaz1234
20010101
19860531
19861234
19870229
16899166
159357258456
159632478
19751206
19751228
19760315
19760816
19761008
19761010
19761102
19761216
19761217
19770926
19771206
19771230
19780125
19780129
19780206
19780313
19780411
19780510
19780609
19780916
19780917
19780920
19781004
19781009
19781030
19781214
19790101
19790109
19790120
19790216
19790310
19790320
19790324
19790328
19790422
19790428
19790616
19790712
19790716
19790728
19790729
19790804
19790809
19790818
19800121
19800126
19800223
19800328
198004000
19800407
19800409
19800410
19800413
19800430
19800504
19800506
19800518
19800521
19800522
19800529
19800603
19800618
19800720
19800823
19800828
19800913
19810502
1534930bb
19810807
1983313abbcd
ykbkoia569
youxiang
yuanshuai
yuanyuan520
yangfan123
yuxifeng
yuxuewei
yishengyishi
zhong123
zhouqing
zhuliang
ziqiangbuxi
zhangling
z7895123
zhaoqian
zhengjie
zhengxin
zhihua123
wangzhan
wangjie123
wangjunjie
wang1982
wang1983
wang2010
wenjg627
valentine
w123123123
w123456w
xiaocong
xiaojiao
xiaoMAGE
xsm123456
xiongmao
xiaoniao
xiaorong
xiaoyanzi
woailaopo1314
wwwhd1588cn
wxy123456
wp123456
wode2008
woshihai
zxcvb12345
zxcvbnm8
zxy123456
zyj888888
zyh123456
zxcsssscxz
`123qwer
wangwei1
wangwenjun
WASD1234
wc123456
whatisjava
weiwei521
understand
wang1111
wang19801224
yt123456
yk123456
yyyyyyyyy
yb123456
YF123456
yang2008
YANGHUAN
yangjuan
yangyang123
zhaogang
zhaomeng
zhl123456
zhouyuan
zhouzheng
zhang
zhang5201314
zaqwsxcd
zhangpei
zhangweiwei
zhangyu123
woaisini
woaixiao
wokao123
woodstock
wxmniu324
wzh1985213
woaibeijing
woaijiajia
woaini139
woainimm
wq*
Windows2003
xiaozhong
xt123456
xiaoma123
xx5201314
HD198846
fwj060122
gfzy5814280
gu123456
handhand
haoxiangni
gl123456
98765432100
9913051011
88888889
898hfsasaS
920920920
dong123456
dongyang
deutschland
discovery
djy251314
forever
forever1314
franklin
fei123456
baichi123
bangbang
caonimaa
caonimama1
cb123456
cc123123
AQ123456
as111111
asasasasas
autojason
bobobobo
brucelee
bustrain
iwanttofly
java123456
jay123456
huanghong
huangjiaju
huangyong
hwx123456
hy884848
informix
intermilan
chenglan
chengyuan
chenting
china521
christine
computer123
csdn2006
cucumber
ddd123456
delpiero
99663300
a119857015
a12301230
a12345600
a123456z
another1
Anything
a8888888
aiwobiezou
abc009mm
abc123dearbook
abcd12345678
44445555
45612378
43281421
3d1415926
420420420
654321000
71177117
713713713
63658187
523698741
45685213
456852753951
520131477
521131421
474538436
48691988612+
510520530
5827165270
58525456
59185918
595207641
5432154321
543216789
621621621
55555555555555555555
5627568OOO
868686886
87092187
753951753
7539518426
789512346
789632147
789whfxy
816816816
7758521q
308308308
310609010329
32145678
345345345
lihaitao
lijiajia
lianghao
litingting
leileilei
lan654012
laopo5201314
jiangying
kuangren
jinglebell
jinglong
jsk993505
jbsishou
thizLinux
tianlang
tianshi520
tianxiadiyi
tj880221
songli2008
shiyang21sky
sinaaa123
sinacom123
sk123456
shaoshao
shenchao
qweasd123456
ren123456
riyueyinghua
root1234
sakura123
q0123456
q111111111
pagedown
q7758258
qazw21123
qazzaqqaz
qepwq1314
pengjian
qpwoeiruty
qq121212
qqq7417129
qqqq0000
qqwwqqww
qw5201314
lizhiqiang
lovingyou
loginlogin
lovechina
LOVELILI
loveling
lll123456
mmwlbgmmwlbg
mingyang
minmin520
ney1987731
nidayede
nightmare
19810611
19450815
15871718415
19741007
19741015
19741022
19741120
19751025
19751030
19751115
19751122
19761026
19761101
19761108
19761119
19761208
19761225
19761230
19770217
19770506
19771004
19771113
19771116
19771207
19771210
19771218
19771227
19771229
19771977
19780102
19780120
19780211
19780228
19780308
19780315
19780316
19780403
19780502
19780505
19780525
19780622
19780816
19780820
19780921
19781207
19790110
19790119
19790206
19790212
19790213
19790316
19790525
19790603
19790604
19790609
19790615
19790619
19790802
19790810
19790827
19790911
19800115
19800123
19800208
19800227
19800302
19800329
19800406
19800420
19800425
19800428
19800520
19800717
19800801
19800905
19800914
19800923
19810112
19810321
1314521
1230.1230.
12304560
1231230123
12345000
123456789...
123456789d
123456a123
123456aq
123456ma
123456shi
123456XZ
13467913
1234inging
1236912369
123987654
124386443
12451245
13571357
222333444
22352255
22968062296809
20205050
204204204
206206206
21000000
2143658709
23581321
23699146
063306119860410
05050505
02140214
025025025
.........
..........
00000000z
0000qqqq
00101500
00123123
19900226
19900308
19900530
19900625
19900917
19910103
19910107
19910116
19910118
19910211
19910220
19910320
19910523
19910711
19910824
19910825
19910828
19911115
19911129
19911201
19840731
19992000
1a2b3c4d5e6f
1q2w3e4r5t6y7u8i
20001019
20015930
20021001
19871989
19880731
19881234
20040101
20060521
20061001
1414213562
142753869
147369147369
13959325365
13598885407
12271227
106106106
07717055048
10tracy15
110110
111000111
1111111
11191119
112233..
1122qqww
098098098
100200123
10102020
100986215
12061206
12091209
12111111
1220520025
11301130
11709394
0887415157
11011911
11081108
111111qqqqqq
111222000
20091010
20131400
26591314
2121212121
241150626
2468013579
19731001
19741121
19751111
19751128
19751201
19760101
19761023
19761030
19761106
19761124
19761220
19761229
19770821
19771002
19771014
19771114
19771121
19771222
19780128
19780222
19780303
19780328
19780410
19780515
19780526
19780708
19780826
19790124
19790215
19790303
19790309
19790321
19790401
19790408
19790411
19790522
19790610
19790701
19790702
19790711
19790715
19790830
19790907
19791114
19800307
19800427
19800429
19800515
19800607
19800610
19800704
19800705
19800708
19800726
19800803
19800826
19800830
19800906
19800907
19810131
19810330
19820831
19830000
19830531
19834230
1659324780
168168168168
16866966
16899263
169169169
17889393
188997733
15571000
15890940173
15935746
15975321
19681968
13543017173
123123...
12312333
12315000
12315110
12315678
123456.a
123456001
1234560789
12345654
123456741
123456777
12345678!
12345678j
1234567AA
123456a.
123456fxx
123456hy
123456kl
12345zxcvb
13075929945
13156976321
123qwe-=
136600net
15137034
13854335
***???78618
++++++++
000000abc
00000123
02130213
05130513
05556872897
2007678nmet
19900222
19900311
19900726
19900804
19910129
19910201
19910207
19910219
19910221
19910223
19910323
19910608
19910806
19910812
19911008
19911020
19911120
19911212
19911223
19870818gyf
19875500
198799198799
1q2w3e
322322322
3262211225
33443344
294828098
501501501
523324602
52415241
51314520
51688888
53344521
53517230
48700264
5201314521
5201314888
5201314asd
5201314x
52089913
5211314000
414414414
456123
395472212
63534695
6762081333
69191217
64218763
654183157
77589911
7852396541
77582581314258
82172159
82503250
79787776
588588588
589632147
626626626
608608608
616616616
85299800
85350604
xiaoyezi
xiaocheng
xinxin521
yangsheng
yanyanyan
yuanmeng
zzz000000
wa123456
wang0000
wang2009
wangbo123
wangzhiwei
wanshi871234
WANGLINA
wangxin123
userisfw
welldone
wendy2009
woaiqian
woaishei
wohenkuaile
wokaowokao
wonengxing
woshijushen2009
wwxwwxwwx
woshishabi
wqw87317
wndjsj6078251
wo5201314
woaimaomao
woaini13
woaini1987
woainibaobei
zhangqi123
zhu19881030
zhubajie
zhiaiziji
zhujiang
zj2e1314
zjh123456
zhang2010
adadadad
a31415926
9981797954
a123456aa
ak123456
aa100200
aaa5201314
aaaaaaaa1
aaaazzzz
ab000000
ab750826
fangfang00
DRAGONDRAGON
firewall
forever1
foxfoxfox
Frank123
fsm198592
fuck1234
FUCKSHIT
dg123654
ding123456
esv050210
googlegoogle
hackbase
hai123456
henry123
hanchao123
happygirl
groupshoes
guozhilongalon
926926926
92702689
92929292
89595251010
89631139
8979323846
913913913
8807701314520
888555222
david123
dd880514
DENGLINFENG1221@
christian
chuanchuan
dai123456
dandan123
CHEN1985
chen3230172
cocofei307
commander
csdn
bonnie123
caihongru
caonima1314
capricorn
cfcqcfcq
changsha
appletree
as5201314
ilovejay
hn123456
hongtong
hhrhhrhhr
huangyang
netadmin
nidtamww
niqusiba
magician
mamamama
manunited
missingyou
mitsubishi
mysecret
mountain
tianshi1
tianxing
strawberry
su123zxc
teamtop123
TKFKDGKSEK
tongxing
tonytony
sz5201314
sun12345
lanlanlanlan
liangchao
liangyan
lijunjie
lili123456
lincaian
lawrence
lgx876292
jgchun5039
jiangmin
JIANGXUE
jiansheng
jiaxinpinpai
jl123456
lkx1986516
liuyuxuan080920
lixiaoyao
looklook
lovejuan
lxsz61542
sasasasasa
seaseasea
SERVER123
r12345678
realmadrid
QQ888888
qqqqqqqqabc
qaz123321
presario
qq456852456852
qingyuan
qianfoshan
qiannian
qinyanwei59
q3636401
qaz12388
qazwsxqa
qq789456
qqq12345
oopp123456
opensesame
pa$$w0rd
qq331018
philips1
pwj1988721
LENOVO123
leon123456
li000000
liaijing
