123456
111111
000000
123456789
123123
123321
5201314
12345678
666666
888888
111222tianya
1234567
654321
121212
789456
111222
woaini
112233
1314520
7758521
88888888
11111111
1234567890
123
131313
a123456
999999
123654
555666
980099
333333
520520
147258
zxcvbnm
aaaaaa
100200
222222
abc123
00000000
110110
147258369
qwqwqw
1111111
123456a
iloveyou
987654321
323232
5211314
qazwsx
393041123
7758258
555555
12345
qwerty
123123123
7777777
qqqqqq
456123
tangkai
zzzzzz
159357
521521
123qwe
31415926
789456123
1234
778899
1qaz2wsx
456789
666888
1314521
123789
123698745
dedewang
101010
201314
777777
vicekw
168168
qyahzn
159753
987654
asdfgh
password
llllll
qweasd
123000
634142554
123456abc
123abc
qq123456
googletester
qwertyuiop
tianya
789789
314159
963852
asdasd
qazqaz
1q2w3e4r
yj2009
*123456
0000000
ffffff
deeven
asdfasdf
369369
594232
qwe123
11223344
584520
abc123456
131420
741852
ASDFGHJKL
456852
abcd1234
131421
123654789
1111111111
007007
111
476730751
110119
135246
321321
741852963
780813
999999999
zxcvbn
888999
147852
0123456
753951
9233923
211314
518518
456456
1111
123qweasd
0123456789
123457
811224bai
444444
windows
qaz123
asd123
963852741
QQWWEE
010203
336699
258369
3.1415926
1234560
qazwsxedc
12341234
q123456
654123
119119
147369
1q2w3e
12344321
321654
qwe123456
woaiwojia
520530
0000000000
7758520
112358
11111
110120
911911
951753
az123456
1314
7654321
564335
3429795
135790
abcdefg
102030
258258
ww111111
shmily
686868
733733
87654321
99999999
dddddd
1234qwer
232323
111000
222333
811009
369258
ggg111
246810
251314
520025
111111111
121314
000111
wan0425
a123456789
as123456
3353212li
1qazxsw2
aa123456
66666666
123465
a12345
721521
010101
3344520
709394
123asd
xiaoxiao
666999
791127
wwwwww
woshishui
majiajun
445566
989898
000123
584521
z123456
1q2w3e4r5t
333666
777888
147852369
5845201314
12121212
123456789A
12301230
20082008
loveyou
1234554321
1123581321
zxzxzx
098765
523
12369874
forever
qwer1234
SSSSSS
qweqwe
223344
521125
1357924680
142536
storyofall
123456987
111222333
22222222
19491001
787878
888666
EtnXtxSa65
aaaaaaaa
1234abcd
259421
000999
hao123456
W123456
741741
999888
0000
q1w2e3r4
816618
1230123
147896325
234567
always
123456aa
123456123
buzhidao
584131421
woaini1314
qweasdzxc
585858
yangyang
880312
jingjing
121121
120120
212121
20092009
012345
0987654321
123456.
332211
caonima
159951
9YUE27RI
zxc123
1708
abcdef
3344521
650829yjm
000
asdf1234
200810
987987
635241
369258147
aaaaaaa
20080808
aaa123
123456q
168888
zxcvbnm123
774517397
tiantian
woaini520
123321123
124578
wang123
sgdHhfC4x2
fuckyou
780504
112112
210316
wsky0o0o0o
963963
584131420
123567
a00000
181818
111qqq
d123456
131425
mnbvcxz
1qa2ws
000000000
9876543210
xxxxxx
114114
19960309
565656
NBvBB32fa9
134679
20062006
nihaoma
kb9zc8uxtx
jianfei000
mm123456
521314
qwertyui
113113
11112222
2199127551
135792468
12345678910
maomao
123456qq
147147
ApjSqpM844
25257758
463395727
321456
333222
a111111
520123
goodluck
sunshine
852456
qq00000
734992
fashion@000
legend
789987
159159
feifei
zxczxc
s1t2o3n4
235689
aaa111
7895123
ye123456
123456654321
weiwei
qqqqqqqq
898989
beyond
qwaszx
556677
198410
7788250
a000000
uifKjhF522
001280
zzzzz
lwxlwx
1234566
520520520
1233211234567
6666666
qazxsw
ndaCebx2wx
8496856
821010
asd123456
12345679
555888
JxsGx2Yd87
gggggg
312312
bbbbbb
5203344
5845211314
001234
801122
198512
998877
z1122334455
110110110
667788
123456123456
woailaopo
sxUaIehAtp
999666
q1w2e3
801018
huang
111111a
001122
090909
122333
1q1q1q
7788521
789123
mmmmmm
858877108aop
2m66xF2AJT
wodemima
789654321
wanshuai198202
vjfLkiG522
33333333
208884
shanghai
001001
198611
199771
3456789
142857
1234561
791028
summer
benq*edifer
19891229
158158
16897168
123987
000001
6Cxd2X986x
13141314
198411
d54q7xjmhx
qfcFgdA3zx
14789632
315315
00000
456321
PCwAC33gb9
198412
19871015
809998
668899
151515
5841314520
123520
yuanyuan
kkkkkk
198612
xm55xExBZS
jiajia
b33m6yghef
119911
mcaBdaw2vx
198511
198211
d54p7xjkha
CrkUrrP954
231997
i97wb6sxq7
131415
a123123
4wdaxQ642F
3uc9xN53xH
19801122
333
5213344
821222
11235813
baobao
831220
zhang123
winner
lssy123
19991226
37217086
198311
nintendo
theIigD4x2
987456
cin123
567890
123456asd
majiajun8888
321123
123456b
200820082
111333
welcome
198312
7Fxf3Jba8t
1234569
yniQnmK733
963258
1111122222
521521521
001119
100100
115569
11223456
wangwei
55555555
zWN6Vbdvpj
2597758
100000
hao123
cazzo1001
252525
00107896
200100
198212
992309
781225
123qaz
1709
912401
258456
12qwaszx
g86ua5qsn5
1122334455
michael
anycall123
198111
369963
diank123
811010
7894561230
LztEz2xe98
125125
8x2h4Fddap
xj453CxDXQ
700209
1a2b3c4d
e65r82kni2
6Exe3Za97v
830830
qazedc
71310615
123369
ymhPnmJ733
4yfb2S753C
55555
198510
d888888
1234568
computer
nicholas
WWW123
VHBtH55jec
909090
321654987
123789456
1122334
13131313
191919
wojiushiwo
770880
wjsswj
tingting
821126
pointjor
FRI3Q9arjg
hhhhhh
113355
119110
198210
081125
52333333
5bt2jtzTKE
123123a
emi^kinki1979
loveme
mylove
c44n6vijgc
ZLEnK77nge
100200300
7788520
a1b2c3d4
Hk336699
5201314520
2r97xJ3xEY
aptx4869
200000
1415926
a33k5Afgdh
77419743
123455
superman
qwerasdf
xfx3ayFJRK
860712
19821010
13610366977
1234321
qqww2288
369852
mmmmmmmm
a11111
44444444
111112
qazwsx123
SEyxE44hca
333888
789654
996633
l123456
lingling
222111
xgx39zGISL
198289
007008
dongdong
2222222
12345600
1478963
202020
125521
8888888
1314258
800815
dsd998
223068
3155530
918918
520
cccccc
8xxg4Gcc9q
101101
821128
DsmWssR955
a1b2c3
696969
1a2b3c
123456qwe
meiyoumima
f5GhyjqHAv
iloveu
wangjing
19851230
hulinbing
7788414
JMFxL78nhe
456987
198314
l23456789
UGAuG55jdb
zhangwei
abcd123
479133
19821222
ja8yc8uxsx
161616
1234512345
tangkay
qq123123
334455
1236987
ggggggg
363636
126126
q111111
518888
198610
123789abc
jjjjjj
itlv20
XJCrI66kfd
19841010
198310
0564335
xk55xDxCYR
5zgb2T764B
225588
171717
25251325
198712
beckham
xi345BJFVP
84131421
19741976
198011
19801230
198112
753159
dragon
111aaa
416143479
20102010
asdf123
110
6543210
b43m6xhiee
98752100
no1444888
730312
woaini123
77777777
1949101
y123456
198711
1111qqqq
63256632
goyj2010
HvqJvxVb76
19841025
210046yyj
shanshan
666333
1212
584201314
330302
111888
19841020
20090605
28zxrpvNFA
1111111111111111
12345qwert
yingying
262626
g76t94prm4
130130
112211
911119
VVVVVV
74004186
3838438
aaa123456
vivian
qebEfcz3yx
123888
123456aaa
821016
wkgMkjH623
161222
asasas
f76t93nqk3
820611
19851030
789523
987456321
821023
345678
163163
118118
19841021
a1234567
rui100
qqqq1234
qaz123456
abcd123456
19861010
731801
28zxrpuNFA
111213
zouyong
868686
xiaokun
kissme
2n66xG2zIU
213213
700700
pppppp
hhhhhhh
123456w
16899168
198110
198396
abc12345
DSK4R9bskh
HPH2N89qif
19831020
imissyou
1106
666555
456654
774277
7758991
841025
2q87xI3vFX
3sa8xK4xDZ
123456abcd
7410852
821025
AVM6Ubdunj
GvqJvxVb76
justdoit
xh246AIGUN
141414
660561398
821212
332335
ab123456
8888
383838
......
821225
matianyu
HwrIwxWc76
1230456
6cs2huAULF
922i4Deebm
123666
587170
chenchen
miaomiao
yyyyyy
m2YdEgkDws
xiaoyu
sheshe
556688
ja8yc7txs8
791010
4xeaxR653E
801212
HHHHHHHH
1231230
123456z
19841024
512512
574712
whoami
886886
821026
878787
wjq19820207
uIS9Zdgysn
922i4Ceebk
831011
flower
RDxyD43hca
DsmVssQ955
811022
811028
821028
521000
mingming
821020
6237141963
128128
820113
801121
200888
yxd789321
asdzxc
chonger
oookkk
woshiwo
19851024
q1w2e3r4t5
800800
741258
JMFxL78phe
520521
123458
19861214
zhuzhu
821015
BqkTqqN844
123450
110120119
112233445566
841023
123456ab
139139
111999
516888
i4IfBinFyu
811029
19841016
7Fxf3Jaa7u
weiccg
19841026
hahaha
wangwang
19831120
19841023
329800
13579
666777
burni101
tianyashequ
811024
5Bhc2V875z
123456789abc
820406
761023
ja8xb7txr8
8x2h4Eddan
138138
123456yu
998998
811018
962464
19861210
198661
e65r82mnj2
1986212
2r97xJ3xEX
821224
asdfghjk
beijing
ok123456
sdfsdf
321102
456258
h87va5rtp6
820919
771314200
19831010
19821982
515151
811225
IxrHx2Xc87
FupYuxTa66
e65r82mpj2
780405
samsung
qwertyu
KytFy2xd98
198012
f75s83nqk3
10101010
060405
579395571
135135
841010
808080
wangjian
801225
zniRpnL744
3331314
19861020
4xebxR653D
63637971
x7BktntLEz
19841015
4501031984
852963
19841028
198254
12342234
821022
831018
xkhNmkI633
8en3dwDXPI
DAMINGQI88
3tb9xM42xI
i98xb7sxr7
xYQ7Xcewqk
zhanglei
801215
343434
19841012
5zgc2T764B
killer
2p76xG2yHV
19841011
19850118
013579
821021
815452
19841018
820820
821018
zaq12wsx
12341233
19851010
g76u94prm4
lovelove
LzuDz2xe98
811016
987654123
801020
820527
008008
123258
KytFy2xd97
811025
110011
200808
4yfb2S753D
19841001
9999999
86924950
qianqian
aaaa1111
999000
321
19851225
qw123456
fffjjj
74108520
19821128
ab12345
831024
198699
zhimakaimen
781201
895623
xk45xDxCYR
e5FhxkqIBw
19860502000
333444
821012
821024
napoleon
415263
12345687
820812
huahua
wocaonima
zhangzhang
922i4Ddebm
841026
QDxzC43gba
g86u94psn5
1976928
5Ahc2V875z
122122
821216
abcabc
b43n6whifd
841028
811226
qq1234
k3ZeDhmExs
080808
2525775
asdfqwer
wenwen
xinxin
851010
123456000
5841314521
198010
1122
831010
woaiwoziji
qq000000
c44n6vijfc
011104
841024
852852
19841022
19841027
801124
811026
wZQ8Xcfxqm
asdfjkl
19841984
19831983
2260841
dh123456
TFzwF44idb
xingxing
jordan
chinese
885522
781014
821013
x123456
xh248zHHTM
pdbDfby2xx
520999
55667788
4vdaxP542G
020202
19821018
19821026
aini1314
831225
830217
801214
259758
529634
37213721
system
spring
19841013
19841014
19841029
n2XcFgjCvr
zhangjie
woaini521
841012
21AINIYAN
831026
a12345678
a7CkuntLDy
821017
english
299792458
133133133
13572468
110119120
821019
801217
mc9Ad9w2ux
801010
abc123456789
888777
hello
811228
116688
qingqing
WIBsH56kec
xfk3bxEZQJ
19840214
19861016
520000
801123
821014
881125
821122
821125
19831119
141421
1234567899
123546
s123456
qq111111
TGzvF55idb
771123
841020
aa1234
110112
3ub9xM53xI
19861212
841022
821124
821228
818181
wobuzhidao
19851212
198282
575757
orange
HPG2N89qif
wZR8Ycfxrm
821226
cctv123
gogogo
811012
19831212
618961
dandan
861229
sakura
771122
841016
xiaofeng
530520
123zxc
19861021
aiziJI
831025
handsome
FQI3P8arjg
811023
821121
chinaren
19820726
77585210
h123698745
811027
BqkTrqN844
850525
198710
19851216
0133689
821027
821011
YKDpJ67mgd
missyou
12300
198964
19841017
198262
qwert12345
811014
841015
theIigE4x2
781025
19861001
30728755
454545
1230
797979
p2WcFfjCvr
820522
worinima
zhongguo
382408
2587758
214214
19841218
636363
811006
qqq111
811015
aishangwj979
h4HgAipGzu
123456l
688496
1qaz1qaz
yanyan
asdasdasd
810810
19841124
333555
211211
12345a
850726
h123456
821001
woaimama
wanglei
wangxiaokun
19841019
19851016
424242
841018
841013
zhangjing
321321321
63529993
282828
19831215
318318
x8AxspuMEz
922j5Cefcj
801108
a22j5Bffci
kangta
19821023
19800619
boranjing
811021
8x2h4Fccap
801120
801226
821215
19821020
123454321
000789
kimi1015
fangfang
851125
801024
xi345BIFVN
888168
198200
19821012
GvqZvxUb76
internet
woainima
781212
2p76xH2xHV
4weaxQ642E
19821022
123456qaz
821220
74107410
A1S2D3F4
xh247AHGUM
831020
1212465
111444
19861023
20052005
19821024
tHTaJehzsp
zxc123456
19851015
314485995
221013
1234567a
491001
111666
19851020
801128
841011
841029
890419
zhangyan
wu123456
19861119
19861120
19821209
123147
20090909
821218
xiaowei
781028
841027
vJS9Zdgyrn
wkgMmjH623
969696
gggggggg
hopehope
851001
831015
831028
qxVbGfiBuq
19831015
1985810
19861011
19741130
111111q
781023
784533
821029
yXP7Wbewpk
li123456
100866
19860809
19851025
19851120
159632
821127
pebDfcz3yx
guo150
c54p7uikgb
1314159
19831025
c6DjvmsKCx
BUL5Tacumi
JysGy2Yd87
k3ZeChmExt
821120
791026
821210
tiancai123
nishigou
crystal
841017
800829
801216
19870111
20081234
!@#$%^
3651118xun
543210
qqaazz
zniQpnK733
f76t94prm4
7cr2guBVMG
419516
3tb8xL42BJ
001002
xiaozhu
811227
love1314
ncaBeax2vx
qecEgdA3zx
pebEfcz3yx
p2XcFgjCvr
789789789
8834796
flying
19861121
656565
13637067546
555444
525252
303030
WWWWWWWW
woshishei
781125
dingding
b43m6xhife
19861028
523523
4wdaxP642F
19851012
234234
111111qq
618618
123521
801125
841021
811128
831215
zaq123
510510
357159
39xxpqwQHB
19851125
2q87xI3wGW
zhangjian
821123
801118
tiancai
phoenix
801127
258963
19831023
19883075
541888
19821001
811013
791023
oooooo
2n76xG2yIU
19831217
871015
831123
821227
zzzzzzzz
820911
820920
19821016
19821212
zhangyu
830701
19851018
19851123
19861012
19861022
1029384756
811017
poiuytrewq
811020
tianshi
a22j5Bffcj
ccll99
781105
19841212
840223
yXP7Wcewpk
784512
aaasss
tttttt
781123
851008
851212
118720
2228983735
309309
19861986
198299
123aaa
rgdGheB4xx
794613
95to59
michelle
gggg1111
821030
131452
29yxqqvPGB
000000a
791120
longlong
kuaile
h97wa6ruq6
19861216
UHAuG55jec
987321
7Exe3Zaa7u
FupYuxTb66
INGxM78phf
c123456
19861030
198812
19860923
19861017
19851985
114477
CrmVssQ955
CTK4Sabtmi
811224
831210
xmhPnkJ633
781010
01230123
262728
19821028
5Ahc2U874A
197812
19861123
19861225
19841120
pebDfcy3xx
g4HgzjpHzv
831120
841001
198686
811118
801023
801228
811220
781024
8888888888
19861026
19830101
123456798
116116
369
5121314
831016
831125
801129
b6DjvmsKCx
369369369
616161
eeeeee
jiaojiao
520134
19821019
19821021
19831024
811218
831212
m123456
vjgLkiG522
FtpYuxTa65
genius
811216
19831225
198588
123456789q
3ta8xL42CJ
198688
2q87xI3wFW
801220
781020
821230
z12345
821217
851216
851225
secret
889900
5555555
528528
12345abcde
801025
811210
851015
zhangjun
abcde12345
198181
19851023
3333333
987123
791123
821106
d6EiwkrJBx
wangyan
336688
19871010
19831121
19861015
19861018
198642
250250
woshizhu
791022
rxVbHfiBuq
BUL5Tactmi
791020
851210
lenovo
19861226
19801980
-269961902
kimi666
linlin
liujun
831122
831124
781226
wangtao
theJigE4x2
ffffffff
j3JeChmExt
791024
851020
801218
IwrHw2Xc87
Huanhuan
9em3dwDYPI
dedede
another
REyxE44hca
19821220
19861220
19851124
19841005
198811
218218
123698
619619
19861024
990609
815195
740071
19861118
19831123
666aaa777bbb
102102
2008110110
132456
808247
904139
leilei
861209
zz123456
111110
330822
791025
xiaoxin
aaa
shuxin
821129
821213
831216
asdf123456
YKDpK67mgd
19851127
66668888
701840865
maggie
dddnnn
CrmVsrQ955
801210
821130
qqqwww
19841125
19841226
19861115
19821013
122101544
51201314
310310
19871026
198755
1492bvst8173
781210
cherry
781218
811129
851024
QCwzC33gb9
851123
821116
a123456a
444555
5757124
19851220
19841002
doudou
h987654321
198615
19831017
000888
5865588
19831016
19841004
19851215
19821025
815815
851023
uieJjhE5x2
baobei
197911
19851210
19861019
19861109
19861224
654654
4avxmsxRID
3371333mm
19831018
19840902
059336
841204
zhaodong
okokok
781026
791016
19841224
19851022
19831021
12345678a
198786
801126
800526
811127
831126
781228
841102
rainbow
wanG123456
375044
271828
198199
19831005
19861025
e65s83mpj2
860312
841224
801028
19841123
19851001
19821123
108108
3vc9xN53xH
19861122
781103
831027
851208
821005
811011
811019
fffffff
801026
821211
zhang198614
love
19861128
19841126
19831026
19821015
320320
333666999
19870504
19861215
123459
780912
freedom
IwrIwxWc87
831214
123456..
1313
333999
272727
201201
19871029
153624
54321
11201120
198533
198198
791125
841226
8830137a
wangyang
821006
19861213
52335233
19861127
19841008
19821027
111116
811001
kaixin
liuyang
lezhi
831012
841019
13baozi
19821225
19861029
198622
19851019
060606
4423
123456789.
801130
831226
rfcGgeB3xx
qq123456789
pp123456
meimei
831023
770520
adidas
19851126
19851219
19851223
19831128
224466
083901
820123
821223
NBvCA32fa9
789654123
b33k5ygheg
19851224
19851228
19861125
198288
709909
19791010
19851121
1984327
baggio
dfdfdf
820423
851124
781215
h87va5qtp6
19831013
19871027
19821029
19821120
19821017
19861013
678678
6Exe3Ya97v
i4JfBinFyt
fs1234
7Gxf3Ibb8s
vjfKjiG522
asdf!@#$
c44p7uijgb
wanghui
821109
781022
831208
861214
258000
520333
517517
100001
226688
20002000
19841210
198421
19851011
159263
168168168
william
q123456789
xiaoqiang
xiaobai
831112
801022
851128
zx123456
790429
791126
821219
xfk3cxEZQJ
juese8
19871220
19831106
030303
ja8yc8txsx
DSJ4R9bskh
8xxg3Hcc9r
ccwang
aaabbb
wangqian
h4IfAinGyu
801230
19851027
19851217
19861002
19871024
19861111
19861217
246437
19851122
fengfeng
831022
831218
791018
88889999
781126
791214
811123
811125
820214
8198823
777936
851121
QDxzD43gba
nishizhu
www123456
19831001
19851111
19821218
123451
yWa74b
jintian
hunter
xmhNmkI633
19851214
19851213
19871221
801224
howareyou
friend
jessica
kb9Ad9vxux
wangying
wangfei
963258741
8675309
811215
811217
851129
19871987
19871020
127127
6652264
19831125
19851017
19841006
19841127
19821122
197811
801012
741000
771224
821118
922i4Deebk
858585
xk55xExBZS
ESJ4R9bskh
811223
19831210
123456as
19841213
19851013
19811010
******
246800
791225
888
8x2h4Gcc9q
791205
791226
828282
811121
yan123
beibei
fangyuan
1013
530530
4awxnrxRIC
19851110
19851218
102249
liuwei
758521
aaaa
x7BxtntMEz
861023
INGxM89pif
01020304
198321
19821216
369852147
200200
541788
5Ahc2U875A
133133
353535
19821011
19851026
iiioookl
kingking
snoopy
xgx3ayFJSK
821105
820102
811229
791128
football
8dp2fvCWNH
19831124
311311
117117
19851211
23456789
333333333
benben
ilove32
801014
801016
821214
woshiren
19861126
19861228
19831022
123456ok
821008
851230
771125
monkey
nnnnnn
831115
841127
YKDqJ67mfd
19840310
3396815
19851021
198082
13789801971
qweewq
qqqqqqq
MAuDA32ea8
爱上千寻
g123456
197912
198228
19851112
19841121
19831213
19861219
516516
135791
fuyun6060
xiaolong
wangliang
8598411111
``````
841014
841227
821221
781012
781224
800810
tianya123
zhang
rxVbHfiAuq
19821111
555
1qaz2wsx3edc
2864760
19841030
84849618
b7CjumsKDy
801015
771215
781122
781216
820125
831121
88888
19831224
168618
19821014
626262
19841221
1986111
136136
830214
820130
zzzxxx
shinco
801213
801223
851025
831013
xem3cxEYQJ
861218
13145200
19820902
1981104
668668
65899916
19811022
19861206
19840101
19831220
19831221
YY123456
831001
841008
841129
801021
741963
820815
791030
lijing
987789
334421
1231512315
19831118
851026
811120
821002
d55q72kmix
mcaBeaw2vx
781018
810927
e65r82knix
194910
19821224
841123
831105
mengmeng
rabbit
800116
801208
851120
19831028
19871028
1234asdf
572200
258852
19831126
19831226
19851028
19841220
19861027
801116
791011
831029
820828
771212
841210
qxWbGfiBuq
mc9Ad9v2ux
linda628
2n66xF2zJT
000218
19841110
198222
851126
7896321
801221
820625
beijing2008
philips
VHAtG55jec
vJR8Ydfyrm
820210
801013
781211
yx12345678
xi344BJEWP
19831011
19871012
540822
12345677
4181639
511511
19851014
192837
19821030
xiaoyao
781220
a33k5zggdg
sgdGheC4x2
m3YdDgkDws
shirley
zhanghui
781029
789632145
841125
7dq2gvBVMG
19841129
526526
1212123
112113
301415926
811212
781120
851127
820520
x1e6h6
xiangxiang
zhangyang
huihui
881117
791012
d6EiwkrJBw
taotao
WICsI66kfc
590426
19841128
19821217
178178
19831111
2689168
leslie
cccccccc
902902
810926
801106
820222
821112
811214
7788251
851028
841212
xh247AHHTM
chenliang
19851115
19821230
19851118
520888
daniel
791013
821104
781124
781223
811230
diablo
wangjun
13800138000
1357913579
199999
223300
663621
19871023
326326
chen123
801227
851122
791212
821103
820818
861228
800312
810923
841225
19831223
19861124
19861218
14725836900
19821210
198283
1233210
12131415
3.14159
2115409
513513
19841003
19841228
19861102
162534
850910
831006
811002
811231
x7BktntLDy
851011
jianjian
kb9zd9vxtx
19841214
3879412
19871120
19851206
527527
asdfghj
811122
801112
820212
791129
811211
831224
831229
jiejie
shuang
922h4Eddan
520110
1111112
135565
19851029
19821126
197711
19831227
20022002
55665566
791112
841126
niuniu
781016
811213
801219
810214
yang123
a33k5zghdg
dirdir
4avxksySJD
2n66xF2zIU
19861112
19821129
6cs2itAULF
103103
19861116
19831112
GupZuxUb76
841120
831014
821102
821208
821115
831021
831116
831223
zxc
19841230
1984921
19851226
19811018
52001314
12345678900
123698741
129129
19861223
831127
831211
850514
801109
781128
791021
861011
19851221
198322
19861003
210210
3vc9xP532G
19841215
198626
19831102
19831122
198911
521369852
4awxmrxRIC
5100
801011
admin123
google
801205
811008
811124
8112184
831228
xh247AHHUM
xj344CJEWP
6cr2huAULF
19831014
19831229
19841201
19851128
19850101
19811981
zhangbin
791019
781203
811126
800123
851021
831118
831227
820926
19841007
198422
198488
198100
222888
791001
852741
adgjmptw
nihao123
851215
851218
801206
1392010
19871016
19871025
123333
19831228
198400
19861129
841218
831129
jasmine
831128
88488848
vZR8Ydfxrm
19831113
19831216
1008611
0243218
115115
522522
19851117
19871225
155680
800128
810928
781108
yaoyao
19871114
19860214
19831019
123357
19831012
19831110
19861110
19830223
198224
yxqs90999
woshitiancai
791015
820821
800820
775885
851202
qazxswedc
qifeng
newmj2009tp
851017
791121
781118
820813
821117
801001
19821127
19831211
2q87xI3wFX
19851203
19881010
6198198
676767
6821569
801111
811205
850618
781209
nxa1024
99887766
801122jun
851221
841128
821108
1212121
19801228
19870101
19871021
19841111
19861108
19861014
19821125
19821215
19811015
19811024
316316
1233
00112233
821007
831106
abcdefgh
88888a
q123123
831109
826826
781015
851013
zaqxsw
liu123
kulooo
861113
123098
19811023
242424
728728
5131421
313131
033883
19861105
19831218
1986123
861010
821202
820923
781121
781231
771020
a5201314
e65s83mpj3
771010
771128
767676
820916
801102
811003
198666
19831006
112233qq
0932313
525525
301301
200800
19831214
19860101
19841216
66778899
131488
820424
821110
790629
kb9zc9vxtx
liuliu
zhangli
851012
821229
7xxf3Ibb8s
19811025
19821124
20012001
12345671
790111
791029
chenjian
791014
781213
791228
821113
yangguang
19841105
19841219
198521
1215225
6512212
19831108
19831230
089823368
354862
a654321
MAvCA32fa8
mimamima
820826
810124
791208
791103
747474
831019
831209
810219
810929
angela
9638527410
098poi
19851113
19841225
198500
19851227
1985414
123456qw
417zhu716
242526
xmhNmkJ633
810906
820917
831017
851220
wpqAfc308Xecon
bugaosuni
841122
7dq2fvBWMG
m3YdDhkDws
nishishui
20060101
19851201
198425
19801010
3ub9xM52xI
10241024
2006tianya
314314
19811029
19831101
19831127
19831206
198621
198623
s123456789
rfcFgeB3Ax
lixiang
860214
811208
825521
841124
791213
801201
800428
771129
master
95279527
19871022
19861008
19851116
19851129
19851229
198766
5auxksySJD
36388490
131400
3224445
771226
811007
831219
791216
MAuDA3xea8
ESJ3R9bskh
huangwei
871128
861120
791211
791124
781019
851223
19851005
19871019
1010110
098plmokm
296133
19861221
19981219
19821112
781021
781217
781221
790815
821003
831213
wjgMkjH623
xj453CxEWQ
liu123456
kb9Ad9v2ux
bingbing
831221
851213
811219
huang123
a123321
19871018
147741
444888
711711
600118
19811028
1232123
791206
851016
821119
poiuyt
991220
821101
841006
7788945
791108
781008
f76s93nqk3
666666666
53231323
19811126
19831208
198721
69191217
119119119
141242
heihei
LzuEz2xe98
811204
801115
840310
851217
78963214
ERJ3Q9askh
h97wa6rup6
929929
604604
198271
11111111111
3141592653
39yxqqvPGB
520168
19861113
19841101
19841122
19841229
791017
zyj123456
liangliang
QQQ123
851018
831130
861210
haohao
19851119
19821002
19821223
141592
1155665
11221122
000333
840220
781001
811221
820928
xYP7Wcewqk
z159357
xiaohuo123
781102
781109
781129
abc1234
112200
19821228
198399
1q2w3e4r5t6y
124124
19831029
19861005
19821213
19821226
19811001
20072007
301415
820910
820913
820101
811030
761230
831217
841230
810925
861125
1a2b3c4d5e
19860226
19831027
198787
314159265
123456qwerty
65432100
19861114
861025
98765432
nihaoa
tangtang
801029
801211
840816
851014
831113
800214
y66y88
870120
t123456
19831116
198754
198300
198203
070707
5Bid2W875y
198761
00001111
wangfeng
801114
8xxg3Hcb9r
791111
820124
820619
19861006
19860126
19861103
19831103
19820918
19821219
010010
821203
841121
781106
791218
801229
811105
810924
autumn
922j5Befcj
811130
820428
820915
781013
rfcFgdA3zx
XJDqJ67mfd
xuanxuan
19831009
19851204
198600
1956516
123456x
19861211
110120130
520184
555111
edison
791223
7xxg3Hbb8s
820120
821004
841228
820417
820925
831205
861022
861028
CHENJING
19861106
19861101
19830214
123456zxc
198266
19821121
102578
31415927
781027
781115
781214
7xxg3Ibb8s
811201
801027
8911852
9999
aabbcc
binbin
7Gxf3Ibb8t
831206
840216
791221
518168
02610471
023023
19821211
19811026
169169
19861104
198326
19840927
313313
1986816
198361
198566
800818
770101
821206
821207
GPH2N89qig
Q00000
xxxxxxxx
zhangying
811102
757575
syd495273
ddddddd
19840202
19841116
198466
19821008
19821205
654987
5131420
19821004
19821102
19840210
19831114
19871212
6584609
5Agc2U864A
2010000
ad123456
801105
791215
791027
791102
791122
886688
861024
951951
801017
800216
820912
761013
851029
123456C
19841009
19871125
10231023
568568
325325
19831219
851027
851204
841216
811104
821111
831107
c43n6whifd
fantasy
zpiRpnL744
9701202544
xfk3bxEZRJ
820823
811108
801103
801110
811005
19851205
19881020
00123456
102938
122500
19821115
198241
19831007
19841227
198418
518000
850411
820505
821204
771015
771120
xiaojing
a33k5zggdh
juanjuan
victor
wonderful
811222
801113
801117
821031
820927
851226
opopop
19831117
19811210
19821005
197900
19851114
198677
200011
789852
820612
801008
801119
861226
888000
8828383
963369
77889900
zhangyi
19831115
19841206
19871214
009009
0okm0okm
19821229
19811020
521
3sa8xK42CZ
771024
801019
vvvvvvvv
801006
801104
771213
841004
820918
791105
830120
nothing
CUL5Tactmi
456789123
19811225
19871123
19851231
23232323
252039
19841217
19841223
19820716
19821116
19821227
0.0.0.
000...
365365
811116
811209
791130
781127
841005
820213
820216
821009
821107
821205
sophia
q13579p
forget
lxm128czsc
850312
810918
801030
781110
781112
781116
791109
871010
wangxin
000520
626626
66522718
19820401
19840124
19840704
19841117
19841211
198419
19861227
1990722
success
861026
8dp2ewCXNH
GupZvxUb76
huangtao
h87va5qsn5
781230
791204
800120
810910
820128
chenwei
861212
861015
19821106
19791979
198618
19841115
19871011
20032003
123456321
198439
198383
19821214
6Dxe2Y996w
881698
820825
841211
xingfu
qaz741
ndaCeax2wx
qwe300100
841213
831230
820513
820909
820115
8223373812
800728
thankyou
19860906
191117
1235813
19831105
39xxnrwQHC
5418854188
111123
10101313
88723043
i98xb6sxq7
801101
810922
811103
811112
771025
771210
820714
821114
791219
781206
781219
zaq1xsw2
861126
781130
811203
800125
821201
123156
19831002
19861208
19851202
19851222
19811016
19811021
19851105
1985720123
19871014
616616
820217
781208
841103
801209
771126
830123
861224
923923
comeon
tIT9Jdgzsn
791227
820715
821209
748748
691212
19851102
1985123
19850726
19821006
123.123
207756
333777
321000
198585
19831130
19831202
19851006
519519
820816
830208
791116
771028
771201
851211
h87va5qtp5
861018
aaa000
SFywE44icb
qwerty123
qzfft1
wangyu
820127
820320
781111
3211862
1984920
19820525
19821003
19821108
050505
606060
198215
198261
19830403
19851208
19840918
19841205
19841208
19841222
168861
334420
791118
74123698
831002
840213
840214
820410
801207
811106
811207
8737211
love520
jiushiaini
bluesky
810820
851224
781101
820416
820822
xkgNmkI633
mima123
3sa8xL42CJ
198888
19840209
19821221
19810609
20042004
23452345
283431148
12311231
111111xxx
19840305
19851207
19831104
6Dxe3Y996w
q12345
841215
811206
7xxg3Hbb9r
791210
97404158
861213
x7AxsnuMEz
wanghao
781017
791002
791106
851214
800828
BqjTqqN844
h4IfAinGzu
j3JeChmFxt
19821130
338566
520131
123456M
19811027
197810
19871001
19851008
1161982
790618
791231
851030
761125
831108
meimima
xiaohui
wwwrrr
880911424
8en2ewCXPI
831103
ZLEnL78nge
wsxedc
xx123456
operation
qq3200
521520
521999
259695
365413
198366
19871017
19811114
123456788
123abc123
12345qaz
13677496724
52795360
5555555555
19851104
198482
791220
851112
888888888
f918918
hotmail
a33j5Afgdi
871014
woaiziji
851019
811107
811110
810818
781006
781104
g4HgzjpGzv
xgx48zGITL
19831205
198649
19811224
198822
1234567890123
0000000000000000
6Dxe3Ya96w
654321a
5Bid2V875z
623623
123qweasdzxc
19811019
198216
19851002
198526
198415
419419
33455432
518918
wqepqkcg
wangshuai
VIBsH56kec
P@ssw0rd
passw0rd
liming
861215
781114
851219
820316
820726
810828
811004
800328
781011
820628
761212
831005
831114
861124
inzaghi
fanfan
19861203
19861205
19811012
198188
19821103
19841112
CHENRUI
zhanghao
74123963
841206
790118
820118
b14b03
19840216
198628
198528
147963
19871228
50768090
198788
198522
19871013
19850303
19821101
430924
800816
851118
knight
DsnWttRa65
IMFxM78phf
xem3cxDYQJ
841130
777888999
781117
781207
880505
3sa8xK4xCZ
19821203
19860206
19831129
123111
000723
213344
250250250
19821208
197611
1472583690
316225
99212213
861020
x8AxspuMFz
jackie
781113
790923
791224
7708801314520
800122
841220
851022
840414
820419
820718
820829
821231
801107
811202
781205
771119
caocao
xunleili
iverson
hh123456
123456*
19880322
198810
19831004
632
7215217758991
109109
198484
198426
198000
222666
haohaoxuexi
happy123
asdf
lxl72z
wo123456
790216
818818
820830
811031
800224
810920
yang123456
xiaoxue
n2XdEgkDwr
tomorrow
steven
861128
771225
761226
328328
39xxpqwPGB
19811017
0.123456
123456789yt
19811230
197832
198388
19860202
19871126
19871127
841219
831110
830101
790219
j3ZeChmExt
880210
9638
8779341w
830820
831101
820415
820616
820924
810916
jiayou
19871217
19861209
19821119
123456789123
516518
198298
19811129
19811223
19870913
841030
841112
7758521521
781204
830216
970227
FupZuxUb66
xgx39yGISL
zaqwsx
zzzzzzz
841115
801003
820418
820922
771118
771217
771218
liujing
XJCqJ66mfd
861012
19851003
198525
19861230
19831003
198601
198722
112300
628628
19871213
19871121
19841130
19861204
1986520
330330
861121
771124
851113
758258
820921
791101
791203
811101
TFzvF54idb
zhangxin
lanlan
guaiguai
hxy123456
a1111111
wode2009
123342
007007007
19870302
198499
611611
1234567891
19871122
19861207
19840106
198561
19831030
19811123
19821202
198219
100900
820711
cgf198896
aa123123
adidaspk
bj2009
zhendeaini
command
wangpeng
putao0919
825825
851228
830215
801231
781030
861016
xj452DxDXQ
6Cid2W985y
458563
223322
21981080
198123
19850815
198624
198681
19840420
19841103
19841104
134679852
654312
19841113
19841118
19841119
19870214
19811228
19820202
259775
506125860
sgdHhfD4x2
c6EiwmrJCx
hacker
851205
771127
820315
810726
830219
830116
771208
841002
800118
749749
a33k5zfgdh
abc654123
wangbin
951357
889988
123400
3379071
39wxnrwQHC
220041229
19811011
19820322
19821009
19871124
19841108
19861229
198625
4avxmrxRID
668866
791230
791104
831102
820525
wangli
tongtong
kimikimi
lijian
duoduo
861225
beautiful
791008
851111
5bt2itzTKE
198599
19841107
19820923
123580
11231123
006789
19821104
19781978
19841231
19871111
19831109
19831207
188452
19871224
5201314a
820819
791115
800212
8130112
81392412
884813
rfcGgeB3Ax
liyang
ty123456
wangchao
swallow
881212
841007
771018
771216
775521
honghong
love123
518598
115599
131131
19820816
19821107
19831008
19840128
19840908
19841204
221221
2p87xH3xGW
584211314
19831107
19850808
19851101
19811121
198765
771026
770110
841116
851115
851206
830115
820116
8802667
881122
8dp2evCWNH
917364
801204
830927
831008
841214
slamdunk
kissyou
playboy
19811127
182838
19860712
19860901
20082009
678910
123abc456
123478
2p77xH2xGV
198318
19841102
19851007
147896321
1564335
19871128
19820101
19820815
19821110
001100
505050
youyou
820228
751025
791113
800920
7cq2guBVMG
810625
ling-sheng
jasonjason
xiaobao
zhouzhou
8dp2evCXNH
9999999999
810528
810815
761128
841208
520111
19821105
198324
19841106
198423
123890
111113
19841109
19851108
19850401
19871129
222555
791007
xiaoming
pingping
bj2010
huanjue321
format1094
w123456789
7894562
771121
820126
820811
19871210
19821231
198416
19861004
19851106
000666
6Cxd2W986y
3ta8xL42BJ
19840925
19850214
19850712
19881212
1989629
19821118
159191122
588588
123150
10011001
7890
78787878
800927
811117
wh31416
8822320
87156151
892888
MAuCA32fa8
wkgMmjI623
uieJigE5x2
shinhwa
801202
790826
820421
820721
841003
831003
831111
881123
9514
198451
19861222
198627
19821204
19811128
198277
19871218
19821109
18411949
19861107
198606
19831201
1168083681
lovemyself
ndbCeby2xx
830911
831117
831207
841221
851002
guoguo
861013
841217
791207
771228
830925
820202
820218
820328
dlktwdyl
19831222
198619
215215
541015qf
123qwe123
6Dxe2X996w
198700
19820808
19811013
19811116
19811216
444
4444
456
456123789
111777
510520
a33j5Afgci
cinderella
ia8xb7txr8
wopianbuai
820121
780818
851116
835538
771221
nirvana
qq5201314
happyhappy
xiangni
jinjin
820105
831201
830210
851201
85208520
861220
wangjie
501501
727272
19811124
19811226
19851107
07753779459
132132
1314920
198424
198651
198371
19811101
19811212
xixihaha
richard
861027
861123
761028
820516
74511940
790909
830126
831104
westlife
zWN6Vbdvnj
bc987654
861127
911911911
19811014
19770101
19820901
1980322
6Bid2W985y
594211
12345689
5zgc2U764B
625625
325600
168999
19851004
198518
1985315
198691
198413
533298645
252321
223366
0101001
851108
790621
781031
820914
761010
azsxdcfv
jiangwei
890890
yongyuan
770423
810822
800315
3141592654
139019
19841207
198327
19851103
19871030
19860815
19861117
19820120
600600
216216
800101
810919
831119
820203
820623
821100
851119
861112
asddsa
shadow
nishiwode
QDxyD43gba
771011
820610
790628
790929
jjjjjjjj
wangji
INFxM78phf
feixiang
861129
1982
19811214
198177
19830910
19861202
198481
19831203
19871215
123123456
048282512
19871226
159357456
19851209
319319
4832514
520152
880702
winter
791110
810825
820413
831222
little
ia8xb7sxr7
xiaofei
azazaz
admin@1
butterfly
791209
820824
810915
811109
860906
871024
micky06040125
tt123456
515515
198515
1987123
19881028
1981811
198221
11081108
620620
19820818
19801120
19831209
198454
502502
112500
123456yy
373737
paradise
811115
800929
830320
851102
851227
841223
820420
820615
820716
791217
790214
771105
casablanca
ApjRppM844
jiangnan
f123456
771023
771112
810618
791107
841108
820114
xiaohua
AISU1314
19840528
19881120
1988925
19871211
219219
01010101
101112
0532
198431
198516
19830125
19820909
630630
6cr2huAVLG
731731
302302
200880800
dddddddd
hanhan
PCwAB32gb9
uifJjhF522
woshishen
860120
771001
811111
811114
800922
800215
820629
83121400
shiqunxin
h97va6rtp6
microsoft
861017
198281
198633
19831204
19871102
1987520
323323
1231234
595959
547896321
2222
292929
19871005
19811002
19811120
198121
198218
6Cxd2W986x
12348765
861029
870113
820122
820108
810823
812812
771106
769394
790925
791201
791229
w12345
820622
820817
816816
810917
801005
B123456
kkkkkkkk
2958369
19820214
19811102
197910
19840303
19840928
19831231
198316
198325
19861231
545454
24669988
1221
820411
820510
820613
820906
841222
851110
850101
761110
881028
8812345
925925
babamama
bhyf123
xiaoli
791117
810912
820412
zniQpnL733
HwqIwxWc76
junjun
0121314
19871104
19841203
19811106
19820128
19820417
19821007
19821117
198225
198799
19881018
54181452
567567
6bs2itzUKF
5buxksySJD
106106
123qqq
19891010
19850909
19871115
19861007
771027
771211
830818
838383
810909
801002
841106
781119
april0713
JxsHx2Xc87
j123456
zxcv1234
790918
791004
791119
771013
771206
760309
820215
828828
800921
801007
19860215
19820912
66802356
20462046
5959
514514
19821114
198233
19860210
198427
198520
19881024
007
2589
123654987
810101
810624
810629
820620
881012
871213
uJS9Zdgyrn
amilne0410
ccjjbbinsert
790624
761024
800811
830129
mars@)
19860105
19860927
19861009
19850315
19871117
19820928
453647598
1231231
1128
19820929
19821201
198223
1971
197228
19860201
19860406
19831031
19881225
198728
525jia
3vc9xN53xG
689689
707707
mb9Ad9v2ux
pengpeng
871025
xjxj
830916
780928
789000
820901
850214
850324
781005
781222
800628
881225
861110
tiankong
happy
chenjie
663333
198417
19861201
198461
19870202
19821113
19780312
1314520520
1213141516
1020516
130582
12369
19820920
198471
19860910
810816
850828
851117
830929
830213
781003
791005
820106
820110
magictx
xj454CxEWQ
yanjing
820518
820618
810326
800311
8008208820
781227
840110
780214
771111
jjjjjjj
sunyanzi
womendeai
woainia
861115
928928
19860925
198328
198341
19870623
19870901
19801020
19871223
123456mm
112800
0000001
393939
222222222
2000
2470555
19820910
19820916
19811125
19860208
19860212
198501
51879321
sherry
771117
771205
77887788
820722
751212
851003
841109
840101
830926
800825
801009
801222
810824
780923
790613
790626
c44n6whjfd
c54p7xjkga
d54q7xkmix
rongrong
rrrrrr
771029
820808
810911
800228
830521
kimi920
cfxtdcom
244891gz
220220
20070101
1234565
19870904
19840929
1983123
198616
19830921
19830923
19820110
121800
456456456
615615
123100
012210
12356789
1982123
19811229
19851109
198502
19840926
198725
199862
790315
791006
800915
810728
810808
850211
820311
820523
820723
sxUaIehztp
yangfan
xiaoyang
helloworld
student
wangyong
820211
820929
820103
831007
751010
771016
840706
851106
791031
781229
810921
800210
811113
926926
861122
959595
abc111111
qwer123
qqq000
yangjian
19871216
19840205
19841031
19871110
200613
203203
105105
19840815
19881013
198912
19811115
198214
12345654321
13869746303
810202
820324
820521
820814
820905
761225
hs12341234
format
870125
861030
lkjhgfdsa
hamasaki
cc123456
WICrI66kfc
771108
771223
780211
800119
800918
830912
840122
820310
135799
11118888
372100
317317
19811122
19871227
19881001
19871105
5buxksySJE
2230497
2345678
11211121
091833
12211221
1314179
52013140
5618274
19870825
19881012
198213
820422
820614
820810
800819
800115
771203
771204
790824
woshiniba
g86u94prm4
a1955426
898600
861221
737373
820206
820322
820526
841118
841229
jiandan
RExyD43hca
198746
19870305
19840924
19851009
198477
234561
24367826
2008
111111_l
612612
19821207
123321456
12131213
45874587
841009
800112
790619
790825
780620
820312
820317
861211
979899
TMXUKTKE
theIifD4x2
aaaaa
config
820429
810121
810913
811119
841105
84239382
829475
830313
830923
771116
zhangtao
001225
19820828
19820911
19840102
19840910
19840921
19870614
19871107
198577
19881016
161718
198527
19841114
19841202
198315
1987121
198821
123581321
366366
52331314
yangjing
762788
810210
810505
801203
820112
781107
790823
841205
aassdd
change
toshiba
testtest
qwert123
861219
860228
881016
eillen880312
family
zhangqian
841113
851207
810830
771030
771102
790101
790625
830520
830828
830917
820326
820405
820517
820528
sxa029589
861105
198291
19830102
198313
198323
198513
19871008
66886688
312663580s
4444444
040622
123321a
123456s
123456789*
123963
19860511
19860806
19830606
19811205
198118
19821206
01234567
000000aa
887766
871023
820219
801004
e5FhxkqIAw
rfcFgdB3Ax
ww123456
woxiangni
juventus
qqq222
maozedong
800321
810105
810930
820117
830128
771022
771219
diandian
congratulate
yangjie
xiaoyan
008300
13863855320
544257999
19881107
198671
213456
39yxpqwPGB
313936
12251225
2p76xH2yHV
521123
198617
19820904
19801215
19811005
19881988
19520612
771220
810520
810615
818283
791009
9en3dwDYPI
aa6528028
wobuaini
ttg451884829
790615
780512
771231
77587758
777999
840928
841117
820626
830124
830125
831031
800925
800218
yellow
remember
a600110a
chenggong
CTL5Sactmi
880520
19860928
19850201
19850202
19811108
197712
423000
228228
198122
168000
198428
13141516
030809
861216
771012
780828
791202
831009
831030
830202
820903
liujie
suibian
ABC123123
access
chenying
820321
820621
820624
820827
771227
810123
810715
830924
wangyi
showme
198491
19830926
19820922
19801212
707070
601601
19811231
19860909
19860912
198509
191954
31415926535
g4HgzjpGzu
830188
820319
810609
810812
810826
800821
851203
790623
ncaBeax2wx
ly123456
xiaojie
acmilan
751225
771230
760909
800618
800910
613613
65303950
222221
2222222222
232425
19820919
123456789aa
518951
55long
212212
3sa8xL42CZ
340104
333111
000007
102800
19820915
19860408
19860926
19870324
198401
171819
830218
790916
761018
851229
sisiaijun1314
tianxia
861223
liqiang
851114
831203
800525
800213
771115
820223
791114
780926
7878778
midouli
xiaoqing
victory
19830909
198523
19860205
19871222
20061013
6666666666
10251025
1223334444
123555
138168
333520
33033501
19881128
19881210
1986116
19830330
19820829
122600
wabjtam
z123456789
830918
840305
840821
820201
810619
861102
871210
qwerqwer
pdbDeby2xx
mtyy28
987412365
800124
782233
81592109
771114
asdfzxcv
d54q7xkmhx
e5FhykqIAw
ZLEpK77nge
369958
19810927
19860103
19860820
19830927
19840201
198414
19881022
19871201
198781
720520
12345688
123456@
121000
123.456
08980898
621621
666
19881220
198406
19840703
19860228
19860621
1984
19870205
19870628
198231
19830216
999111
990708
881027
861103
861217
jiang
happyday
771214
800208
800219
830127
830425
820314
820325
820713
851107
790816
790822
800521
800528
801031
810510
761126
761129
851209
830625
820323
967683579
w111111
uweihai001
qweasd123
hellokitty
hengcomt
aaaaaAAAAA
19801018
19870123
19871112
198614
098098
123456zz
1qa2ws3ed
258147
413413
418418
143798
19840211
19840923
198456
19860102
19860916
192837465
198292
19820926
1596321
001218
300400
tsinghua
shenzhen
820208
810623
800126
740307
780125
881025
dongfang
kimi930
lxqqqqqq
810725
810914
820129
820220
820224
820225
820426
819819
820104
790915
781002
830112
830323
tianyaclub
qwert
q11111
mainmain
mamawoaini
meiyou
19840104
19840105
19871003
198381
19850926
19830514
11002958
610610
552200
2012comeer
33333
12345abc
19820925
19821031
197878
19851130
19860929
188188
001224
q2WcGfjBuq
830312
820119
820725
770820
800715
jessie
lechengwang
vifKjhF522
881010
hhxxttxs
hahahaha
800520
800812
800824
7dp2fvCWNH
810813
761208
761228
830225
830815
