30815
831204
820207
820720
820727
as@#$%369DF
zxcasd
qweqweqwe
86812250
870911
0123
200404100828
20090101
155500
19860204
19840818
198687
1983425
19850102
19850219
19871002
19820826
19820917
198226
198242
198251
1415926535
12345ssdlh
19810929
19811217
19491949
168998
19870203
19871118
871028
830119
800930
s88888888
purple
wanggang
tdy123456
861021
911207
98989898
zhangfan
830212
741258963
790913
850711
19870201
19870620
19871108
19840123
19860104
19860808
19811112
198021
19820709
19820906
19881112
102600
538510
32323232
7138505
2r98xJ3xDY
19850203
198208
19830815
070809
123159
138139
840822
841207
810622
810711
810723
790128
790612
790622
781202
881007
WJCrI66kfd
aqmmbj
790821
841202
851109
820627
810601
800211
830228
830713
871225
letmein
nihao
19811111
19811215
19881213
19850921
19870801
19861130
303303
21461562
215216
6821651
19850923
198402
19870210
19830823
19820921
19881025
594007
123456789qq
252217
12332100
830914
761020
820209
820512
820617
820703
whoareyou
int123
aaa222
aabb
lovely
a0000000
GPH2P89qig
820519
790911
851005
76867686
800612
810616
810712
810720
810729
qingtian
江南喀纳斯东区，是“
612345
6330920
1988118
198762
19840901
19860305
198391
198296
19811004
242730
222
52105210
520510
19811104
19811105
19801225
19871208
19881011
198331
1983528
1985122
198524
198613
198629
19860911
19870616
19840308
123456789000
1457521
qazzaq
qawsed
ningning
800331
800611
790818
820712
761025
761220
852258
ERJ3Q9arjh
zc.123456
xiaomei
CTK4Sactmi
andylau
athena
AVM5Uacunj
BUM5Tacuni
apple123
chen123456
841114
791003
830524
830714
761016
771021
820318
820329
qingfeng
916916
ty1234
zhang123456
ll123456
hello123
HNG2N89qif
1314512
1a2s3d4f
19840824
19850105
19811209
19811213
19811218
198161
19881026
19871203
198723
412412
364122
360025
12312312
001314
19881123
198486
19850210
19850924
19850927
198571
19860623
19811110
19811211
19811221
198126
198202
19820903
5036190
860305
99999
820303
820414
790927
830621
830809
831004
831231
830220
741123
nanjing
lavender
liuyan
800901
800928
810610
810829
8291807
830920
830928
760825
790813
790921
780812
a852741
881210
861019
963741
YKDqJ67mgd
331303319
712712
19830922
19881015
198768
198866
19860312
19850107
19850920
0054444944
110001
202202
233689
123A456B
6507069
19850918
19860816
1984116
19830123
19830809
19830920
198899
ABCDABCD
780924
790524
820504
810314
800217
800310
800320
830522
830619
830910
830117
921815
861227
8730001
stefanie
sunday
thinkpad
youyou88
866888
830511
790814
851103
851105
800615
800926
820710
p123456
19880808
19881019
19840304
19840801
19840909
19860216
19860924
198709
1981
19810926
19811109
19811220
198151
16881688
251413
5555
365227
718718
11110000
110108
19881218
19811118
19811203
19830620
198541
19860124
19860211
19850128
223223
4257600
13579246810
woxihuanni
jiang123
good123456
f65s83mpj3
hy741105
haizhongs
a4545111a
790820
791222
830110
830211
830527
xk55xExBYS
9kimi18
861118
860927
861002
999921
881026
913913
i97wb6rxq7
myself
jiayou13
zhangrui
790606
820313
741015
741023
800630
800916
800225
761122
135789
123456y
19840127
19840915
19830105
19820905
19881215
19871205
588484
11231214
012345678
624624
260916513
52571314
19881121
19830209
19811130
19761114
19841209
198432
19850301
19870120
19870824
198696
111555
820425
830915
830922
840126
810216
850122
841101
841110
MAvCA32fa9
861014
998866
woshimao
supervisor
xesxesxes
AVM5Ubdunj
asdqwe
d55q7xkmix
c6DiwmrJCx
840911
841119
790614
780808
780925
800229
ICANFLY
TGzvF54idb
123110
198635
19830929
198377
19840708
19840808
1984123
19870625
19860116
198602
19860902
1985121
19830203
19820914
19881224
1990121
622622
617617
602602
720720
512
12346789
19871209
198726
196396
19820217
19820505
198232
198245
19830303
198517
19850325
1986121
19860601
19840311
19840810
362514
322322
1223weiwei
800127
810519
810522
841107
768594
820226
790920
830629
830921
830118
830209
999
871123
administrator
aabb1122
chenjun
xi346BIFVN
zaqzaq
lin123
jZr198757
991231
860126
880214
MAuCA32ea8
840123
800226
800325
840311
790424
790810
751018
741jin
820515
goodboy
123321123321
001213
04475771
20041205
415415
333000
19840212
19850205
1983111
19860209
19860606
19860920
19870621
19870815
197800
19820122
197600
198088
19811201
19881211
19870606
19840204
19840412
198581
19860220
19830928
19830930
145236
sanjuqingan
jennifer
881020
881218
861111
861230
800911
810315
761210
771113
830716
745839
841231
790123
790912
790919
b612
asdfg123
kaikai
f65s83npk3
zhenzhen
771017
771103
775852
820305
820401
810120
810312
7dq2fvBWMH
800913
youandme
wYQ8Xcfxqm
132435
123412
555555555
535353
4671629
19830925
19870105
19870612
19860123
19860320
19811208
19811227
198217
198234
19871219
19881118
198910
19860823
1987
19870610
19871103
19871113
1986814
19830205
19830814
19820103
19820228
++++++
64758976
43420024
203344
jf520318
CTL4Sactmi
good2006
800725
800826
800113
820719
790610
830315
830325
871012
871022
zhangbo
830930
820306
810811
800924
790314
790828
790910
851006
19811031
198256
19881125
198724
19850104
19870615
19860118
198519
332623
366566
22222
2001911
122222
112345
123568
13576744853
1983623
19840126
19860317
19860824
19870618
19820601
198128
520777
516688
850926
820205
820904
820908
830221
780929
800326
810125
810213
810722
8851046
asdfg12345
ssssssss
shandong
qwe123qwe
chengcheng
970701
871125
810626
820506
841104
777777~
770707
780315
7896363
790812
zxy1117
wahaha
wang
4xeaxR643E
52771314
009988
39xxprwQHC
43147100
198171
19830710
19820616
19801026
198022
19870909
19850928
19860203
19840208
19840217
19881124
19890604
123456789m
064226
102300
111118
562059487
19891020
198191
19840109
19840312
19840601
19840912
19870206
198352
19860905
159159159
3322110
33445566
wangqiang
790620
840815
800512
800813
800223
820728
830622
840124
751120
89823912
sdfdgtf
ax57563095
lemon515
fengyun
ai123456
88026179ll
vincent
800316
790115
790316
790529
781007
840812
851104
771209
820330
PCwAB32fb9
zhaojing
345345
0000000000138
217217
2q87xH3wGW
19860529
19840229
19811008
19800101
19801012
198018
19820823
19820824
197511
197612
19820126
19820927
197988
19801023
198252
19880509
19881017
19881023
19881113
19840125
19840129
19840911
19840914
19860917
198652
198698
000222
110911
12315111
123456bj
200300
820309
820327
820408
810110
800629
800817
761121
830628
830724
830908
840312
888555
920920
theJigE5x2
lilian
881022
881126
871124
861107
a1314520
840820
820602
820907
790126
800616
810523
810612
810721
19840120
19840922
19870215
19870228
19801226
1987922
4686186556
586586
710710
7195397
257758
25802580
1000000
100859
123456+
123456789z
19891013
1991715
19840215
19840315
198438
168668
19830213
19830308
19830601
19830605
19830820
19830918
197488
810228
810628
810710
800108
800129
800619
820204
751125
840623
780110
780228
771229
986532
871011
861003
88888888a
zpjRppL744
ai123456789
chenlong
BVM5Tacuni
lhj74331
KysFy2xd87
uJS9Zdgysn
zhangpeng
qinqin
abc1234567890
abcdefg123
banana
9898998
881015
861208
800814
850929
850215
zhangqiang
19830110
19801015
19820416
19850211
19870208
19870911
19840219
19840302
19850910
102500
5zgb2T764C
6Dxe3Ya97v
226226
123456asdf
1357911
505505
416416
717171
19850916
19850624
198608
19840203
198319
19870209
19820613
19801001
19830901
19830906
19830915
19880101
198718
091128
111223
123123q
121300
121316
594188
555999
zhangmin
yuaifx
yueyue
xk45xDxDXR
861005
919919
f65s83mpk3
f76t94nqm4
ihateyou
hazerex
771110
761206
800518
800830
800222
830525
830526
830618
830130
liao5566
ja8yb7txr8
jt19790130
jnknsd
860101
860924
886868
anybuy
830512
830523
830822
850216
751024
820902
800626
80238023
760517
780101
hainan
g5GgzjpHAv
wangdong
4xfbxR653D
19881114
19830202
198099
1979118
19801007
19820913
19870624
19870626
198498
19860110
19860520
19840221
173173
156156
336037
3333333333
324324
122112
000321
001002003
000168
007slm911
112400
107107
1013922
102400
19820208
19820415
19820908
19830701
19830707
19811117
19881014
198727
162636
19870807
19871109
19860903
520116
200211
141516
tianya.cn
8802616
9942lyf
xiaodong
qqqqqqqqqq
qw1234
chenhao
771006
751123
830606
830612
830314
830321
840210
840818
841203
810513
800623
820221
790218
790829
790601
780906
780915
780916
840219
830620
771019
771107
760815
741230
820524
848484
800523
810217
800121
986926
861109
963500
liliang
simatuzi
推荐你看一看这篇文章
zhaowei
chenyan
GQH2P8aqjg
lyf654123
ooo000
19860108
19860302
19840913
198684
19870102
19870910
19850228
19850601
19820125
19830201
19830206
19830211
1987613
10201020
10203040
102282tsq
12121212a
690056707
39wxnrxQHC
369147
040506
000521
19840707
19840920
19860125
19870112
19871009
198631
19830306
19830816
19830817
19820423
198227
197479
19801024
665544
555556
871026
yangming
800117
810516
810827
761120
830310
830516
840920
850927
820809
chenlei
aabbccdd
aaabbbccc
a456456
BJ2008
coffee
xg248zGHTL
861205
wk78225522
liujian
leehom
761215
771005
771109
780312
780918
790926
790928
810529
850923
852369
zhoujielun
GOODDAY
gardenia
1123456
65674009
727727
19801028
19761976
19830903
198201
19820205
19820418
19881119
19881228
19891225
19850925
19850207
19870312
19871119
198329
1983121
19850912
19840207
19840524
19840916
19870125
19871101
19871116
198492
19850220
19860219
19860306
19860311
19860612
19860918
19830718
19801121
19880214
19881214
198716
4awxnrxQHC
132211
6666
20050101
1111aaaa
dennis
qasxdcfvazwsgbhn
861116
861206
861008
99998888
zhonghua
liusuting
780815
761022
800103
800324
800329
800808
830223
830711
830814
830610
851007
851101
810211
810325
810518
810627
741025
7451321
shanshan1980
qqq123456
wlzx010
abcd12345
991024
860213
洒的发送2342asdfas#
111111aa
1060313
19871204
19881126
19881226
198586
198591
198595
1986117
198429
1984520
19850320
19850711
19840116
19870301
19870310
19811103
19811204
198125
19830312
19830411
19820201
19820211
19820723
258258258
125800
71926164
122800
3629010
19820127
197981
198309
19830912
198127
19881217
198719
19860217
1983112
198333
19840816
19850612
19850805
231231
20080101
286044
zhaoyang
zhuang
wozhiaini
820109
790617
810224
811811
851222
761103
770825
xiaomao
xuan1230
ymhPnmK733
q12300
PBwBB32fb9
online
nannan
881021
88886666
871126
LIYING
liuying
770918
820601
830623
830725
830518
74651175
751026
751122
751216
790125
810119
810212
810218
7Gxf3Iba8t
800408
800415
871016
861117
prince
BqkTrqP854
catherine
112000
000518
556688op
5236309
19850108
19860629
19870127
19870129
19870521
19870627
19850911
1986118
19820302
19820606
19830103
123999
13434732456
123456654
123456p
123678
001128
12315
100910091
713713
19830218
19830913
19811003
19811107
19820425
19870124
19870218
19870401
19870622
19871004
19871106
19850623
19860207
198555
19871231
518518518
3344179
a1s2d3
wangxiao
huangyan
n2XcEgjCvr
830106
830114
830626
830827
780126
761108
790102
790616
840725
861108
861203
870214
881018
sz123456
ADMIN2010
aoqi2009
zxcvb
kk123456
841111
830624
830627
830811
830303
830415
800202
813813
810220
820107
790221
790611
790630
751028
feizhai000
shasha
306306
123456tt
666111
19881129
198284
19830106
19830215
19830315
198066
19850929
19851031
198472
19850103
19850309
19850312
1986214
19870224
198706
19870608
19860818
19840110
198398
195410
179091
19891012
1983119
19850125
19840917
19870821
19860213
19860821
19820303
19820427
19820822
198293
19830207
19830219
206453
209345743
112600
020378
aa000000
damingai88
CHENFENG
885288
860201
zhangkai
KztEz2xe98
810526
810613
800110
800201
8022629
800823
840829
852123
830206
840115
780628
771207
771130
761118
850120
800624
810324
860212
871212
888889
a000999
ronaldo
morning
mother
iopiop
yuyang
123123aa
19830625
198582
19860223
19860416
19850826
19871006
19850216
19840206
19840309
19840814
19840826
198409
19881021
19881223
19871206
338000
5201202
520240
527725
528100
123569
12345677654321
198717
198791
19881227
19840115
1986
19860913
19861031
198384
19850305
19850801
19870212
19801219
19820809
19811206
123...
112700
521241
xiaowen
zhangliang
990828
860911
800106
800412
841209
790113
790212
840116
840125
830122
830812
820514
windowsxp
tianmi
tiantang
songsong
darling
lalala
uieJjhF522
860815
871120
820501
810819
800513
800527
800625
761102
830226
830412
850123
780316
780618
cecilia
SFzwF44idb
qecEfdz3yx
makelove
newlife
5155239
19810629
19811006
19830124
19820124
19820810
19870121
19870912
19870925
19860616
1984121
198678
19850215
19850520
19850606
19850820
19970701
19871229
198713
19891016
001125
121313
1001
02368587114
123234
541881452
123852
137137
19881111
19881115
1987828
19840306
19840316
19870128
19860129
19860505
19850109
19850122
198356
19810909
198119
1983
198301
19830210
19800829
5bu2jsySJE
411411
37214728
my626532
861101
jiangtao
liyifeng
shenjun
iyachi123
780826
790924
789
800529
810128
800220
800323
741130
820707
761027
761029
761123
771014
770214
780218
830121
830824
830528
830813
831202
830513
790124
790211
790808
810115
810221
800822
850124
850815
820930
minmin
861001
881215
870509
8765931
fighting
b33m6xhhef
beauty
w5659007
wanglin
woaimeng
417417
327327
520911
19820305
19820625
198236
159357258
198362
198382
19870207
1985125
19850525
19860402
19881229
19881029
19830310
19801125
19780619
19820203
19811202
147369258
19860624
19860822
19860826
19870110
19850115
198632
19850812
419696
001123
56565656
132333
132465
68048650
6Dxd2X986x
woshinidie
woailaogong
violet
wangkai
wangyue
wjgLkjH623
Leisure
z000000
820111
790213
790215
790412
840926
761115
761213
800712
800923
7Fxf3Zaa7u
asdffdsa
861006
881024
880116
887735688
871013
861114
woaiwo
zxcv
mickey
qq12345
qq310064
800609
800711
810118
810316
810903
830416
830611
761015
761112
790922
780528
780823
850623
690107
369874125
19860316
19860428
19860625
19860915
198355
198386
19870204
19870810
19870902
19850126
19850206
19850212
19830108
19830623
19820624
19820713
19820802
198229
198751
0000850825
10281028
123124
120110
421421
25897758
3041
19881216
19820623
19820811
19820814
19811219
19801220
198243
1982728
19830828
19830902
198433
19850302
198506
198597
19860721
19860812
19860825
19860921
19840329
19840618
19840624
19870601
19870611
198682
12769674
56586156a
520119
529529
5841314
850228
851130
810525
741020
751210
820511
781004
790328
790811
790917
840118
761124
weishenme
zaochensheji
860818
881128
870504
king123
KANGKANG
iamthebest
860923
950920
761218
800917
800114
840128
830909
830919
830113
820308
820530
790129
790318
ding123456
qawsedrf
rebecca
5657822
52013145201314
3925017
6utyu6
731025
123456abcdef
20050403
19860321
19860329
198529
198532
198462
19870501
19870613
19870702
19870822
19840122
198255
19830208
19830810
19830911
19820801
19871207
1987127
198764
198778
19881027
19830115
19830321
19830421
19830914
19830924
19810122
197211
19801016
198403
19840820
198668
198695
19860828
198393
522222
200811
226227
sdfjkl
86150825
george
wangmeng
770923
851009
850608
751108
820603
800422
810127
810205
810328
830316
830816
830505
850210
851004
840315
790827
780921
780927
810117
810707
800919
751128
820606
871226
zc123456
woaisiyuan
swarov2009
jtchs741852963
killyou
aa1122
asd456
19840919
198598
19860315
19850226
19810920
19811030
19820206
19820714
19830120
19830916
19881221
1212121212
121500
111122
10261026
329329
521531
715715
1113
19881206
19830313
19820707
19820812
19820813
197610
19850625
19850821
19850913
19860318
19860814
19840111
19840605
19870122
19870629
19870928
5211314521
432156
135781012
921921
881019
int
GQH2P89qig
zpjRpnL744
ZLEnK78nge
niaiwoma
830318
840212
840228
830529
830829
761021
780123
780816
790202
810126
810204
810521
liuxin
wangbadan
triumph2008
shangxin
qwqwqw001
MSconfig
j3JeBhmFyt
BrkUrrP954
881224
871218
860623
910910
8x2g4Gcc9q
liuxing
xiaojun
xYQ7Xcfxqm
800620
830710
840127
850922
790127
751020
751129
780120
780215
780216
761026
110123
6bt2itzTKE
198701
19870106
19870107
19850208
198685
19840218
19840505
19850915
198592
198596
19860819
198246
198263
19830323
19830326
19820102
19820204
19771127
198771
150150
163163163
19791214
19801218
19820825
198286
19830126
19830316
19860829
19860919
19850112
1986521
198672
198694
19840114
19840517
19840822
198715
198735
19881127
100101
0147258369
130841
6528042
331331
563536
484848
761223
830426
830715
800613
800726
810421
810501
810515
820304
850321
790801
790806
aa79880132
wangping
rxUbHeiAtp
zhanglin
xiaolei
xiaoying
ab1234
abc123abc
B612B612
hk169hk169
781009
800515
771008
774789
830712
830418
840912
820427
820724
881220
860123
861104
861106
861204
jackson
54188
4avxmsyRID
513315
515253
1234123
122400
225225
305305
198777
198235
198265
19830717
19830813
197786432
19780503
19811119
19820402
198206
19860301
198609
198338
19870602
19870619
19870906
19870923
32103210
138000
134977.
5y55yu
69696969
500500
123.321
123456780
13143344
19870108
19871007
19850824
1985115
198567
19850123
1987815
19820210
19820216
19820306
19830127
19830129
19830908
19811113
19791111
batistuta
chenyang
abc123321
wohenni
xiaoxiong
xiaojian
yiduedu
xxxxhh
yang111111
881124
rinima
820729
823823
761214
777
770525
780318
790203
790901
810620
800221
850820
850928
830808
830913
830105
820801
850724
7412369
800206
810416
810423
800912
wangting
uIT9Jdgzsn
talent
huangjing
qwer123456
881121
871029
860725
19820711
19820924
19820930
19751975
19810923
19830217
19830829
19850314
198385
19840612
198407
19840906
19860127
19860310
19860403
198655
531531
300300
28yxqqvNGA
1a2s3d
6924911
725725
131415926
12345612
12321
11251125
024680
39326650
3tb8xL42xJ
20080512
20042008
2046
19840130
19840224
19840829
198485
19850317
19850521
19860521
19870315
19830618
19820312
19820420
19820421
19820712
1980
19801221
198101
19871230
19891026
19881117
19881122
0147896325
110220
671107
881014
880715
9876543
90909090
sunwei2009
800606
810803
800319
802800
790116
790120
790220
780625
780922
771202
771222
760618
780213
840925
caicai
zxcv123
zym19831230
qqqqqq1
ouyang
nicaicai
yu123456
GQH2P8arjg
881213
871018
870615
850313
780613
790802
830317
830721
828126083
810424
810716
800701
800418
761012
820508
51211314
565758
1123
123321aa
19891015
19870211
19870320
19870715
19840501
19840620
198638
198653
19860626
19860701
19860708
19860801
19850209
19850505
19850613
19850628
19850725
198091
198196
19820413
19820720
198209
198248
19830119
19830624
19830811
198023
197411
1357900
123456789asd
242431
19820428
19810925
19811009
19801130
198019
19871202
19880314
19850621
19840213
19840326
19870104
19870811
19870817
1987111
19860120
198551
198574
198644
159123
001230
101200
820701
820988
830102
850126
840612
840828
840916
841201
790713
771007
810203
810418
810517
810605
810821
800806
871020
888222
861119
887023857
999888777
dddnnnppp
a666666
CrmUrrQ955
wangrui
wanghai
wkgNmjI633
ia8xb7sxr8
hanrong
zhanghua
q12345678
mingtian
927927
881228
861222
810320
810621
850911
850921
820529
820708
830109
830519
771002
760811
760315
lfxl505
logitech
k1234567
asdfdfdf
zhangchao
xu123456
f76t94nrm4
19801025
19801111
19801114
19801118
19801216
19820218
19820621
198268
19830118
19830121
19830818
19830917
197410
19850310
19850917
19870219
19860218
19880202
198763
551551
500828
521888
2008808
200411
256256
691027
12191219
0898
19881116
19860628
19860811
19860922
19840827
19870828
19850217
19850903
1985314
198543
198572
197412
19790514
19830204
198306
19830721
19820123
EsnWtxRa65
979797
woaibaobao
mxddy2001
820403
810817
800313
800801
850728
790830
789123456
830306
830515
830614
830826
AqjSqqN844
baichi
871027
860810
881226
jason123456
830616
830224
800610
800827
810412
800302
800303
740118
820806
780311
790228
761030
761127
761216
851231
840616
840621
840923
yaozhiwu
19820116
19820316
19801210
19830826
19810402
198564
19860611
19860813
198392
19840107
19840301
19840725
282209662
1234abc
520131400
5566
650103
633887
5yfb2T764C
731026
21212121
214218
3s98xK4xDY
423423
19840220
19840904
1984111
19860107
19850907
19850922
1985
19850110
19850221
19850304
19850515
19850707
19870213
19811222
198154
19820806
198244
198247
198264
19830320
147896
1987615
1987813
585802
5211258
111eee
123151
001007
001212
13784815326
881013
8853323
991218
860223
871021
852627582
850925
830207
830326
840120
840202
830601
830810
800718
810129
810527
780910
78963wa
790817
830427
830429
840129
840924
810303
810319
810428
810718
7xxg3Hcb9r
800318
800622
770513
xihuanni
congcong
chenxi
wangzhen
881029
881216
8i8i8i
liuzhen
410410
222000
001028
111525
110102
112288
1133
19891021
19891023
19880822
19870216
19870603
19860714
19840118
19840626
19850124
198351
198531
19830109
19830304
19830615
19830722
19820212
19820219
19820819
19820907
19820729
19830128
19850823
198562
19860225
19860523
19860810
19870718
19870823
19870924
198394
19840320
19840506
19840629
19840728
19850710
427842
123345
258758
503503
761209
830718
830729
790311
790321
790723
790726
780825
800721
810323
810506
810611
810809
800506
820409
820802
850212
850515
myname
REyxD44hca
haoren
881219
871121
870625
880125
860124
a000111
a123654
912912
mcaAdaw2vx
840825
830821
830823
840203
741111
780128
780202
7777
780505
790503
790627
800416
810302
appleapple
as1234
jk123456
yjh998865
wangfang
shitou
woshinigg
19850121
19850204
19860328
19860426
19860728
1986119
198639
19840405
19840806
19840828
19870714
19870816
198317
198345
198238
19830907
19820403
19820615
1982121
19900305
13774388082
123456h
200111
4180603
121900
120000
123!@#
00123
110112119
198756
19881008
15986mz
168268
19820104
19820309
19820827
19830525
19791129
19860222
19860303
19850106
19850828
19850901
198568
198641
19840702
19840724
3s98xK4xDZ
123456ll
308333
jiushiwo
jiangjun
liujia
800524
800601
800714
800803
800130
741120
840324
850218
830707
830201
830328
780510
789520
798186
820706
761204
771003
930912
975695
b6CjumsKDy
cynthia
A1B2c3d4e5
haiyang
foreverlove
917917
900900
jordan23
woohyuk
WANGJIN
UGAvG55idb
771101
761105
850106
810901
751015
820407
830311
840109
840218
790121
790312
790510
asd
2618036
059059
123123ok
663886
19840821
1984929
19850218
19850420
19850425
19850608
198508
19860719
1986114
19870306
19870728
19870917
19870927
19881030
198798
198124
198168
19830526
19830831
19830905
19820220
19820323
19820628
41109537
12312300
120160
1101
1111111111111
2351539
221015
552211
19820215
19820405
19820412
19820619
19820805
19801128
19801211
198295
198302
19870116
19870304
19870829
19870916
19850417
19840121
19840226
19840328
19840623
19840723
198689
19860603
19860726
19850825
19850914
1985520
19891024
131417
646464
asd1234
aaa888
shijian
921711
969798
95959595
870611
871224
8844147
fengzi
pebDfcz3xx
qxVbHfiBuq
SAVAGE
790323
810714
7dq2fvBWNH
800227
800522
800909
761001
770921
780217
850102
840510
840209
840215
83418341
751213
820404
820301
780206
780210
780212
761224
790310
810415
810617
800413
751016
751126
751220
7415963
741212
840428
840722
840929
850810
HUNAN98gl
881023
871215
870305
apple
chenchao
sunjian
qwee341123
n2YdEgkDws
yangyong
zh123456
731028
200909
040328
139364
5211314w
19891129
19830417
19830516
19830628
19820304
19820315
19801014
19771112
19850410
198332
19870410
19870820
19870920
1987112
19860707
19840404
19840408
198645
19850810
19840504
19840903
19870707
19860112
1988520
19961106
19881101
198274
19830122
19830808
19830812
198081
19810101
19820410
19820426
19820618
2359863
24682468
5205201314
5261314
11011101
008009
100800
chenlin
860125
840814
840915
850315
850326
790226
790308
820709
761222
771104
770128
751115
751218
800102
800205
800306
800627
810425
810426
810614
830417
830428
h87va5qtn5
kikokiko
motorola
workhard
woshihaoren
tomato
wangle
wangming
wangzhang
woshinidaye
haiyan
871030
881120
chaochao
820503
790906
780303
810215
810311
810410
800510
800516
751206
ndaCeby2wx
manager
rainrain
keke521
1010
025520
19820109
19820318
19820614
19791015
19810809
19810918
198308
19801110
19860111
19860326
19860702
198578
19870307
19840103
19840327
19840625
19840812
159753456
1987119
511688
522008
54724833
556600
2p77xH3xGW
2r98xJ3xEY
20090217
1020304
3924768510
654789
5Bid2W885y
50614025
1987114
19881202
198818
19860401
19860802
198372
19870826
19850120
19801011
19801224
19820424
19820715
19820728
197510
19830523
19830608
19830714
19810214
19810928
123abcD
137138
lucifer
c6DjvmrJCx
INGxM79phf
8874929
871017
870129
860216
q1q1q1
751226
820717
840625
840824
830726
800809
774411
780323
780423
790605
790715
790603
780723
840619
840927
850419
751111
741225
821821
830615
840201
810223
810902
GQI2P8arjg
k123456
WANG1234
89898989
9090980
123a123
13607054
426426
3386139
12181218
198108
198166
19820526
19820821
197979
19801213
19830220
19830626
19830821
197777
1985927
1986126
198693
19840610
19840613
198408
19840809
19870325
19850816
19881103
19881222
688688
5271314
543216
258369147
11223300
19850904
1985111
198514
1985714
19850306
19850307
198587
19870617
19870814
19840424
19840811
19820817
198096
198182
19731217
19830324
19830528
198061
16681668
915915
860110
860215
870215
ks48fn93f9i84
lksflksf
gundam
heaven
xiexie
810206
810512
800411
751027
750220
780525
790724
850110
850304
761205
woshi123
wenjie
wenjing
moon520
nicole
server
xiao123
HvqJwxVc76
iloveme
860210
881001
lovewei
AVM5Uadunj
sophie
770518
790208
790322
790418
780418
780611
780615
780913
800410
800420
810102
810207
751109
850118
840523
830719
830720
830203
830322
19840108
198453
198455
19850114
198654
198536
19870914
19860117
19860519
19860709
19860807
19881130
198732
19801124
19810816
19811007
198131
19820321
19820408
19820620
19820622
19820705
198272
19830612
19830713
19830803
464646
444777
10301030
122900
200511
233391
28yxqqvPGA
535897
59188035
52005200
19830715
19801029
19801109
19801119
19820108
19820520
197512
19860304
19860618
19860620
1986911
198436
19850225
19870103
1983116
198578hfb
1970-01-01
198741
1989520
19881219
13011007058
119120
030201
829829
830204
840121
810116
810321
810414
800322
761116
780428
790109
840721
751022
751230
741210
liudehua
yiwang
zhangqi
yangqian
8899174
860321
shuijing
wangling
741010
751023
761203
761211
780122
840119
830205
830330
800209
800401
800517
800716
800722
840527
840715
841000
850113
850823
790103
790324
790608
790716
790930
780623
820803
REyyD43hca
IxsHx2Xc87
860128
860326
987
asdfjkl;
cocacola
121213
123007
115000
001215
198558
1985815
19840418
19840905
19860113
19860128
19850723
19870117
198294
19830314
19820129
19820406
19820529
19820702
197999
19801022
19891123
198877
200611
2654734
523232
552233
5251314
4561230
250360
123444
122000
021021
10141014
19871130
19891130
19880912
19870303
198708
19870813
19840409
19840529
19840628
1984119
198663
198692
198435
198603
19860419
19860609
19790118
198204
19820419
19820611
19820722
19820820
198285
19830107
19830622
19830728
19830806
135798
choiweiwei
aa111111
820609
820702
830108
830617
830723
750630
761221
780621
790426
790521
790908
800203
800429
810429
850827
850916
850119
850615
840626
y7343217
xi346BIGVN
tangjian
8xxg3Gcc9r
zqt1220
zhouwei
xiaoyuer
yao881011
zhangjin
840716
751215
820227
817817
810226
810318
810724
800621
800301
790326
790327
790721
780521
780629
780909
SFzwE44idb
881011
870623
woshinibaba
wodeai
01983228
050202
3.1415
3130426
198273
19830410
1976325
198116
19820308
19820311
19820506
19881208
198733
19860525
19860602
19840321
19840324
19840621
19870604
19870915
19870921
19850902
19850213
18181818
68587114
701002
721021
5122962
5649335
121100
001020
334420334420
357951
4321
26511314
200812
19820325
19791127
19870126
19870605
198707
19870808
19870926
19860109
19860411
19860506
19840227
19840426
19840823
19850811
198542
1983520
1986112
198757
1987627
19881007
woxihuan
780308
790119
790210
790329
741018
741028
840918
841031
850116
800317
810208
810801
800729
770815
820307
zhrmghg
zniRpnL743
lifeng
888518
a147258369
monica
e5FixkqIBw
DsmVssR955
wohenhao
tttttttt
wuliao
asdfghjkl123
741013
790523
780824
830722
840217
830423
850128
850219
850320
850510
840622
840711
840913
850920
800104
800204
810502
998899
871122
922922
860920
880820
1987117
19891989
19860604
19860904
198487
1984911
1984917
19850722
19870520
19870609
19870827
19870918
1983823
19840804
19840825
19850829
198025
198028
19820106
19820225
19830112
19830423
19830627
19830819
19830824
0okm9ijn
411872726
3tb8xM42xI
331234
19820324
19820328
19801115
19811207
19781128
19850814
1985119
1984310
198452
19850224
19850629
19860106
19860115
19860227
19860309
19860512
19860711
19840520
19840527
19870220
19870406
19870417
19870701
19891128
19891212
198729
19881002
1234567890A
126127
014789
629629
235235
860814
856324
thdIifD4x2
hongkong
zhangyong
xiaofang
810905
800713
800802
800314
780616
780626
790320
820608
751211
760316
850825
850913
850217
850221
829924
830329
830517
shangwenjie
qwe1234
rxVbHeiAtq
perfect
lyf0909
haha123
gameover
871220
881129
diamond
wohenaini
830324
820630
800327
810222
810814
800724
790108
790217
790513
790729
780820
850310
840326
770302
770512
761008
751001
308704060
19880215
19881006
19891019
19891025
19870217
19870321
19850627
19850729
19840225
19840608
19840813
19860314
19860613
19820209
19820429
19820501
19820721
19820830
19830311
19830405
19830711
19830725
198026
511314
4724275
333221
62521767
700520
1214
071209
025025
11111a
0147258
000618
520258
308308
2008080808
19791229
19801113
19820504
19820627
19830104
19830212
19830412
19830518
19830712
19830720
19830726
19810916
193777
19860501
19860510
19860729
19870114
19870115
19870727
19850908
19840117
19840521
19840526
19840712
19840722
198448
19850116
198505
19891120
1988123
810420
810524
810607
830510
830717
820302
780911
790725
790728
790819
840512
840826
840909
850302
850427
azsxdc
b43m6whife
huanghuang
IwrIwxWc77
871019
870923
woshimeinv
why111
XJCrI66mfd
youwillbedied
zhangxiao
840807
850826
830902
830411
810511
810606
800511
800903
780416
761109
780102
780124
qiuqiu
nathan
chunchun
chenxiao
chenhui
dd123456
liufeng
luhui2004
jiangjiang
870124
868111
a112244
887523
922i4Eddan
19891224
198714
19810825
19791212
19801223
19791001
19791018
198297
19830517
19830521
19830617
19820226
198207
19820725
19850311
19850501
19870505
1985921
19860410
19860715
19860914
200212
236236
2222636
22334455
000815
111111111111
110000
5211146
666000
1236547
135136
112929
000119
011509
19860119
19860713
19860907
19870316
19870522
1986113
1986224
198489
198495
19850510
19850724
19840701
19840930
1984115
19850906
1987129
198891
19890419
19891018
19820227
19820329
1982111
197699
19810815
19810911
22446688
2211yydy
269961902
271314
2832752
731107
714714
603603
51166701
413026
870622
871211
860823
860829
860916
881127
881214
pppppppp
yangjun
朱雀腾空朱雀腾空
fayewong
780205
761019
830420
830728
834100
751011
840615
840922
850316
780513
780619
780728
790110
810122
810310
810317
820705
liuqiang
wangdezhou
amanda
chenzishuai
future
860211
a123a123
nokia8310
qq365412
qiaoqiao
wangqing
820805
751106
750320
830630
830301
810114
810322
810329
810509
810708
810713
800423
800614
800719
850117
850125
850612
790528
780321
jiandanai
315400
1976511
19801106
19830130
19830629
19830801
19830822
198656
1986926
198697
19860114
19860908
19870328
19870523
19840428
19840523
19840711
19840714
19840802
1984919
19850129
19850322
19850326
19850514
19850610
19850715
19891014
19891017
199012
198825
123123123123
461690224
570915
520112
206206
2171204
223456
19891218
198801
198237
19830401
19830418
19830501
19830805
19810919
197922
168520
19850512
19850518
19850809
19860405
19860516
19860725
1986115
19840525
198702
19870308
19870712
19870723
19870818
1234aa
1314526
135531
524524
58585858
123223
1233214
03916532
721228
63112656
jonathan
a147258
870908
860315
8979781
881206
huoying
780412
780520
780622
78329333
751208
7423
780115
770813
770420
850225
840629
840910
810106
810411
810603
800207
qq11111
wanwan
taobao887
a111222
870818
jin888
l994330
xfj3byFZRK
chenming
c44p7uikgb
zy123456
melody
mnbvcx
nihaoya
edward
800111
800710
800723
810408
810727
810907
741026
751209
790512
820402
840520
850115
850226
850924
830422
830609
840221
761217
770717
770924
19870903
19870907
19860407
19860513
19850818
19850919
19850416
19840314
19840410
19840706
1986125
198368
19830325
19830414
19830616
19830825
19820320
19820404
19820703
1982119
1988121
19890304
1987118
16899052
159753123
210000
420420
12300123
1230321
101800
000214
121618
022259
19820221
19820807
19830422
19830919
19801021
198051
19850827
19870919
19860308
19860319
19860716
1986107
1986918
198478
198496
19850513
19850523
19850528
19850616
1984112
1987113
198796
198902
19880110
123456ww
52013141314
780114
790205
790712
780411
780415
810109
810225
800000
800900
751112
741024
830419
830804
831010qaz
820804
850816
850220
850520
850526
clamp
wanghuan
wangyuan
870824
881116
922j5Cefck
91482686
860127
yi200538
zhangyue
yXP7Wcewqk
feeling
hanbing
qwe789
shdHifD4x2
qazwsxedcrfv
860811
bb123456
dangerous
champion
850103
850104
850127
850213
840525
840921
770618
7758258258
761202
780522
741017
751127
830817
830819
830103
830305
830409
hsb123
zhaozhao
521111
040806
030609
123...456
235711
227227
1q1q1q1q
1234567899876543
19880818
19881104
19881105
19881205
19881209
19830116
19830307
19830702
19770429
19820121
19820518
197808
19840419
19840616
19840729
19850113
19850223
19850324
19850529
19850703
19860421
19860619
19860622
19860724
1986101
1919
1988
1987621
198782
152535
19860412
19860615
19870109
19850822
1985117
19850227
19850524
19850714
19840325
19840713
1986614
198683
19790510
198287
19820626
19820704
19810915
198117
198178
168169
121315
112900
001228
721721
711117
716716
600000
508508
125600
4444444444
333888asd
208208
asdfg
860220
860816
9632147
96321478
870101
870328
891012
999666333
jianren
selina
meteor
mi59420
830502
840130
840227
830608
830903
800608
800906
840327
840405
840628
840914
751113
751124
741229
748596
790122
790319
790515
790525
790114
790209
790520
780612
780822
800717
780118
741218
751116
751121
881211
ZHOUJIAN
asas
aiqing
wodengni13
PINKSHINING
ren123456
yuyuyu
200512
302010
600100
720815
19781010
19791017
19820804
197311
197312
19830327
19830429
19830505
19870420
19870812
19860224
19860425
19840604
198458
19850708
19850728
000009
007700
121700
10181018
102682
1010101010
112100
4xeaxQ642E
124816
13001711022
19850503
19850701
1986923
19840611
19840622
19860325
19860710
19860817
19881003
196952
181855
19830305
19830827
19810921
19801123
19781023
19820523
19820706
214365
3541012
11301974
123168
005200
012542002
09090909
xiaobing
ainiyiwannian
chenli
AA6188
a1a1a1
881217
99819981
860612
861201
861207
891225
88998899
871216
868912
lhm19850823
liuxiao
lipeng
751224
800519
810805
800426
780601
790701
830605
830227
850105
850723
你是我的朋友吗
h97va5rtp6
issafay
hu123456
850405
850423
850914
790416
790714
780514
789963
750929
7539510
800305
800425
800805
830111
830613
840114
8177562
780204
761111
77778888
871008
871102
a003109z
919191
capslock
baishikele
laopo520
SILENCE
12345q
14159265
13697767456
19820422
19810910
198279
19830515
197899
19801116
19881201
1987911
198792
198919
19981998
19860422
19860527
19860610
198474
1984820
19850423
19850618
198507
1983118
1983129
19870922
19840715
1986818
520666
7211042
600839
131499
112255
000ooo
10221022
510000
46709394
198637
1983214
198479
19850403
19850414
19840223
19840422
19840512
19870819
19880401
1987726
19801205
198024
19820617
19820724
1982117
19830221
19830512
txTaIehztp
uIS9Jdgzsn
wangjia
chenqi
770226
760101
760325
7410852963
741224
850416
850611
840712
780518
780614
810111
810113
810306
830801
xiaoyi
yygjmy1984
hellohello
918273
881017
880828
891011
liutao
quniMADE
pdbDfcy2xx
mingyue
830410
840518
850625
770124
770218
810112
820507
780930
790425
wowowo
yang1984123
k3ZdDhkEws
KysFy2xd97
891010
871228
870612
870621
870629
860202
zhouwenjun
19830409
19830802
19801129
19801201
19891028
19891125
199011
19870412
19870427
19870429
19870607
198584
19860720
1986714
198675
19840615
19840619
1984114
198441
19850127
19850619
19850626
123456qwer
721212
428428
3333
448941
000918
012315
01233210
00000001
001223
103202499
19850415
19850419
19850717
19860122
19860803
198354
19870221
19870421
19870806
19870908
19870929
19840807
1984101
1985114
198576
19891216
1987629
197966
19801117
19801214
198278
1982911
19830301
19830723
19820513
19820517
1979
19791020
168fff
510120
721127
725018
wodetianya
qaz123123
qazplm
niujingyu321
huanglei
DTK4Sabtmh
dingdang
790710
780523
780914
840410
840823
850919
830222
830414
830421
751118
770822
770926
771031
780219
780220
810227
810301
810305
810508
800617
860206
861009
9083359
881221
yangliu
xyz123
www
zhangyuan
xunleitk
xiaotian
osohu6763
zhouyang
zhutou
wangjuan
ERJ3Q9bskh
huangjian
g5GgzjpHzv
881030
951236
800105
800308
800421
810717
830507
830901
840211
780425
780608
790225
790325
790428
790531
790604
850824
850912
840321
840723
850421
850621
850627
850722
777666
820502
751012
751103
751105
l123456789
104104
1223
1225
002002
1qaz
20092010
123a456
136130
1987423
198785
19850412
19840416
19840510
19840607
19781212
19801112
198031
198071
19810415
19810924
1981121
197710
198192
19820610
19820612
198276
19830614
19830719
147123
198748
1987825
19991999
19880615
198253
19830408
19830904
19810820
19801126
19820113
19840317
19840318
19840522
1985118
198563
198342
198365
198369
19860722
19850318
19870118
19870119
19870630
19871031
198636
2000comeer
2n66xF2AJT
2305021981
2582587758
001012
000416
100861
050607
12151215
123456pp
1234844
5289027
56785678
ligang
lovejing
WIBsI66kec
wj123456
q365412
BqkUrrP854
751228
741226
790410
790501
780715
780919
810131
810313
810503
800605
820731
777111
ineedyou
hke8908
huawei
880808
87909591
860203
860909
860929
861004
991010
987987987
870213
871129
860122
861231
qaz
JAYchou
xfk3bxEZRK
zhangnan
abc
asd12345
alibaba
d5EixkrIBw
770528
770910
761106
761219
780810
790106
790914
789321
840111
850620
850712
840319
840515
840516
810107
810422
800109
4624312
55040113
2121521
2136446
730124
730323
5zgc2U864A
1983929
19840131
19840228
19840401
19840503
19840516
19840617
1984117
19850813
1985126
1985625
19870425
19870803
1985929
19860307
19860517
19860706
1984521
19850316
19850329
19850405
19820301
19820314
19820414
19820803
19810325
198184
198275
19830309
19830319
19830504
19830619
19791026
19801013
19801019
19881207
1988627
124520
123456k
13174149
403403
425425
12101210
120120120
101002363
102100
10271027
0.123456789
11241124
000777
6653331
6412053
717717
224224
318000
198823
19881102
175854519
176215
198008
19801208
19810901
19810922
198129
19790101
19791016
19820115
19820629
19820701
19830522
19830703
19850308
19850402
19840113
19840307
19840403
19840411
198344
19860121
19860322
19850905
19870227
19870428
19870705
19870802
800604
790516
790526
7374521
760818
761229
780105
780208
770315
840316
840424
840613
850121
850628
820131
840225
840226
840229
830727
qq123321
papaya
shenyang
860310
860316
860512
860520
881005
871116
870911ff
zj123456
a7CkunsLDy
christina
dswybs
eleven
goodbye
870626
871204
871227
860118
860915
881203
98766789zh
jianqiang
jingling
liulei
830413
800702
810304
810405
810831
810904
790130
790206
790303
790720
790727
780419
780819
780224
775852100
761006
761011
770627
770720
850129
850523
woshini
changanzhen
ab969103759
a5509007
xuyunfeng
xiaogang
wwwwwww
19870404
19870512
19870524
19840322
19840415
19840805
1986225
198658
198662
198437
19850328
19850409
198554
198565
1983419
198364
19860417
19860504
19860614
19880120
19880312
19880521
1598753
19830117
19830402
19791023
19791025
19801231
198033
19820119
19820319
19820512
731024
001578
000502
10121007
335577
303601
200911
20050626
20010911
200818
205205
221310
66739681
551188
471000192
19820207
19820602
198239
198303
19830716
19801229
19880206
198808
19891119
19860605
19860718
19860727
1986127
198634
198405
19840518
19840606
19850713
158598
39xxpqwPHB
10211021
123456789w
123456li
xiaolin
xiaoling
850112
850613
840827
810608
7h8006ln
830304
840105
827827
760826
761002
780529
790809
999998
871103
968968
881229
860412
860824
860926
qqqqqqqqq
admin888
china2008
Shevchenko
TDDYCZ
wordpass
wodezuiai
sssssss
sun123456
whf2637
860226
861130
861202
871127
870926
881201
968574
790518
790707
800405
810419
810630
741128
840329
840526
840917
850202
761017
780226
770816
840106
830506
long123888
aa123456789
aikunzhen
shanzhai
123456789p
123588
12365478
55940086
200012
5yfb2S764C
6360884
10121012
002440
12161216
123123qq
19891124
198922
19890101
1987619
1987625
1987626
198769
19880105
19881005
19820118
19820213
19820223
19820528
19810801
198257
197100
19850327
19850620
1986927
19870318
19870423
19870706
19870720
198589
1985928
19840112
19840414
19840614
19840718
1984124
402402
368368
376794770
2035840
2399002
123579
588888
19840511
19840602
19870323
19870710
19870717
19850422
1986122
198546
19880901
19890214
198197
19820609
19791208
19830416
19830506
19830704
6677946
731010
719719
721118
1231516
118811
001216
006688
10131013
110520
qwertyuiop123
741001
741022
780314
780721
810201
810427
810701
761201
