password
123456
123456789
111111
12345
5201314
123123
123
12345678
1314520
123321
7758521
1234567
5211314
woaini
520520
520131
666666
1234
888888
112233
11111111
123654
a123456
654321
1234567890
11111
7758258
147258
1314521
521521
100200
123123123
88888888
131452
1111111
@163.com
aaaaaa
110110
147258369
zxcvbnm
woaini1314
123456a
159357
wangyut2
12312
7936369
111
@qq.com
121212
159753
iloveyou
456123
999999
222222
987654321
584520
1111
qqqqqq
789456
asdasd
775852
qazwsx
555555
201314
456789
ILOVEYOU
qq123456
qwerty
abc123
123000
333333
789456123
456852
a123456789
123789
woaini520
521131
1234560
123qwe
111222
520
321321
5845201314
12qwaszx
5201314520
7777777
31415926
1230123
147852
7758520
110
woaini521
25257758
1314
211314
110120
123456789a
3344520
1111111111
woain
5845211314
52052
QWERTY
584521
12301230
aini1314
asdfgh
102030
zxcvbn
woaini123
753951
a12345
123698745
1.23457E+11
778899
windows
251314
abc123456
666888
qwe123
10203
741852
123654789
1qaz2wsx
qweqwe
1QAZ2WSX
321654
131421
521125
741852963
asdfghjkl
131420
101010
5841314520
123abc
zzzzzz
QWERTYUIOP
woaiwojia
168168
ASD123
111111111
520123
258369
258258
1230
369369
520530
521314
963852
asdfasdf
abcd1234
987654
qazwsxedc
564335
7.7088E+12
7788521
yangyang
q123456
721521
456456
709394
12332
5203344
3.1415926
123456q
789789
adgjmptw
woaini131
123456abc
52152
1q2w3e4r
951753
qazqaz
963852741
520520520
11223344
xiaoxiao
521
7007
110119
3344521
55555
777777
369258
808000
999999999
147852369
123456123
adgjm
qweasd
521521521
808080
xxm111
12369874
134679
314159
buzhidao
qwaszx
qwertyuiop
@126.com
520025
123456987
woaini52
zxc123
142536
1.23321E+12
135792468
123456qq
112358
ASD123456
Aa123456
weiwei
1q2w3e
147369
abcdEFG
518518
66666
110120119
12312312
123520
775825
336699
asdf
444444
caonima
25251325
wwwwww
aaaaaaaa
12341234
12344321
woshishui
7895123
147896325
12345678910
123456aa
1.23457E+12
jingjing
12365
555666
a123123
654123
1357924680
110110110
584201314
770880
321
5.20131E+13
159951
Abcd1234
qweasdzxc
5213344
1123581321
qq123456789
852456
88888
a5201314
yuanyuan
z123456
wocaonima
1314520520
135246
wojiushiwo
zxcvbnm123
abcdef
121314
8888888
baobao
qq5201314
qaz123
123456789q
woainima
w123456
7758521521
shmily
123465
124578
120120
14725836
zxczxc
a12345678
aaaaa
abcd123
asd123
962464
13141314
14725
7.21522E+12
7894561230
131313
10101
369258147
456
58452
888999
1314159
111000
198611
131425
159159
5841314521
asdasdasd
DDDDDD
q123456789
65432
love1314
abcd123456
888666
1122
1.23456E+11
abcdefg
woaiwoziji
pppppp
jiushiaini
198712
584131421
2009
232323
2525775
14789632
135790
111222333
110120130
9876543210
jiajia
ffffff
hu1990
qwert
66666666
zhang123
119119
911911
tingting
shanshan
qwe123456
wangjing
maomao
100200300
11011
445566
198811
fuckyou
87654321
wangwei
198911
123321123
585858
asdf1234
qq12345
13579
1001
12121212
1314258
123567
20080808
qazxsw
584131420
55555555
feifei
77585210
qwer1234
computer
1234qwer
11223
123457
20082008
22222222
xiaoyu
321654987
as123456
nihaoma
6806719
10020
198711
7.75826E+13
zhangwei
nicholas
dongdong
wangjian
198612
369852
520131452
258456
1234566
131415
forever
888168
8888
ssssss
dddddd
loveyou
123asd
123456asd
1989
321456
321321321
1234567891
1234568
125521
39398890
beyond
147147
1.9881E+11
123123a
5.20131E+12
2597758
167669123
74108520
com
chinaunix
ZHENDEAINI
520521
1231230
11112222
1989101
12300
1230456
.com
asd
98765
llllll
tiantian
7654321
ABC123456
welcome
xxxxxx
1.31452E+13
1988
123369
12345600
1989121
222
1478963
5201314123
zhanglei
666999
555888
77585211314
asdfg
aaa
98765432
q1w2e3r4
qwertyui
woaini5201314
198610
1234567899
......
334452
5211314521
5121314
superman
q1w2e3
jiaojiao
a111111
aaaaaaaaaa
abc12345
dandan
22222
1qazxsw2
1987
121121
1234569
13142
wangyang
michael
qqqqqqqq
aaaaaaa
asdf123
woailaopo
122333
1234554321
12345678900
198912
332627
1212
1233210
123456ok
123456z
1.98812E+11
112112
1q2w3e4r5t
5555555
895623
ZHANGJIE
zhangyan
xiaolong
aaa123
zxc123456
qq.com
mingming
1060313
1.9891E+11
5201314a
45612
45678
212121
1.98706E+11
565656
7788520
zhuzhu
goodluck
Adgjmptw
123456aaa
19892188
1986
1988112
181818
198512
12345679
259758
198812
1988121
qq123123
683372591
qaz123456
worinima
DRAGON
123456789qq
.ADGJM
12315
1122334
1988101
20131
520131400
456258
456321
7.7088E+11
love520
liuyang
999888
wang123
q12345
qazwsx123
852963
zhangyu
a000000
a1234567
1.23321E+11
123456789abc
213213
1989122
321123
332211
1988122
123258
1.9871E+11
1236987
aaa111
yingying
99999999
mengmeng
584211314
wanglei
xiaowei
xinxin
521000
198411
198511
1989112
1988102
2222
234567
888
787878
789
555
molihe
xiaoqiang
wenwen
wobuzhidao
989898
a1314520
7.75852E+13
qw123456
qwertyu
tianshi
235689
2008
1987112
198761
198810
252525
1.98911E+11
3838438
246810
2.0082E+11
5.20131E+11
110112
sunshine
aaaa
abc
abc123456789
baobei
zhang
wo123456
584131452
5858518
898989
mnbvcxz
linjiang
wangqiang
753159
19861010
1988111
222333
225588
19871010
1987121
19881010
1234abcd
1.9861E+11
1.98709E+11
10086
123987
13800138000
15935
7788250
A1S2D3F4
aaaaaaaaaaa
longlong
7788414
789123
aptx4869
asdfghjk
686868
19861011
198791
19881212
19891028
52013140
123zxc
123455
1234561
13145200
1472583690
198510
2222222
liangliang
loveme
584520131
584521131
huanhuan
aini131
ainiyiwannian
woaini1314520
7758991
78945
635241
xiaofeng
chenchen
1986101
1.98612E+11
123456ab
123456qwe
11235813
52013141314
5205201314
456654
520134
1.98802E+11
333666
aaa123456
asasas
aidejiushini
MIAOMIAO
5566
woainia
wodemima
wangyan
6666666
3621587
1.98912E+11
1314woaini
123.123
123456..
1987101
1987102
19881120
333
1.31452E+12
100100
1986121
19881210
142857
741741
777888
8080985
ASDASDASD
lingling
wangpeng
woshiwo
woxihuanni
woaini12
winner
9638527410
zhangjian
zhangxin
qianqian
shanghai
a1b2c3d4
987456
666
woshishei
li123456
932313
168888
1986102
19891226
1.98712E+11
1010110
123QWEASD
119911
19891016
1989111
19871020
198781
19881015
19881016
19881026
881122
www123456
829475
99999
www123
woxiangni
yanyan
HHHHHH
jiejie
999
1986112
19871024
19871122
198910
1990112
123456Q
1.98609E+11
123qaz
19841024
198410
19851217
223344
198710
19871016
521520
1314512
samsung
SHANGHAI
QQQ
killer
legend
love5201314
kkkkkk
w123456789
woaimama
abc12
78945612
zhangli
zhangqiang
qweqweqwe
system
iloveu
1.23457E+17
1.98708E+11
1010
123012
123ASD
125125
19861016
19861123
19861212
1987122
19881012
1989110
1990121
134679852
1392010
12378
1.12233E+11
1.98701E+11
1.98801E+11
1.98909E+11
19891014
1989102
19861015
19871210
19871216
19881029
19881122
246437
789654
wang123456
mmmmmm
zhanghao
z123456789
niaiwoma
l123456
784533
758521
wangchao
whoami
xiaoxin
54321
668899
19881124
198821
19891020
19891026
200888
159632
2587758
1234512345
123789456
1314521521
51201314
198412
1985112
19861012
19871011
19871023
198762
19881
19881011
19881215
19881218
198931
199012
123456789aa
131400
130130
103636
1.98711E+11
1.98901E+11
39078
gggggg
789987
775852100
kissme
asdfghj
998877
another
556677
7758258520
725178
6464605
xingxing
fangfang
lovelove
qwertyuio
tiancai
34416912
44444444
198211
1985
19851015
1.98611E+11
1.98811E+11
123456as
13145210
12365478
259775
19861017
19861020
1986111
19861121
1986122
19871
19871014
19871124
19871215
19881024
19881223
19861118
19861129
19861215
19881125
202020
1984
19851225
2582587758
3141592653
53231323
123147
123456789*
0.123456
1.98808E+11
112211
1020
philips
x123456
xiaobai
963258
963963
zhangyang
zhangying
doudou
jordan
881025
552200
6543210
womendeai
wangshuai
zx123456
yaoyao
110011
111111a
1.23123E+11
1.98903E+11
12121
1215225
19861023
19861025
19861026
19871019
19871028
19881022
198881
19891017
19891212
33333
52012
520184
512512
198312
16897168
258963
32132
000000a
1.23457E+13
1.98707E+11
1.98902E+11
1.98908E+11
123698741
132456
19891010
19891015
19891123
1989120
1990102
19861027
19871026
19881028
19881225
19851010
1415926
3608074
nishishui
918918
80808080
wangbin
wangli
xiangni
woainilaopo
asd12345
a7758521
zhangjing
genius
imissyou
edison
huang123
7.75852E+12
qwerasdf
wobuaini
xiaozhu
woshiniba
yangyan
leilei
liyang
369963
259695
250250
19861226
198622
19871021
19881017
19881018
19881211
19881217
19891121
19891214
198852
19891022
19891024
19891129
19891225
214221
19871121
19871125
19871212
198721
198741
19881019
19881025
19881027
19881117
123456520
1.31452E+11
415263
15975
zhang123456
zxcvb
885522
85208520
huahua
jjjjjj
love
liu123456
qingqing
qwe12345
wangfei
wangying
wangfeng
794613
799800zz
adgjmp
@sina.com
ab123456
851212
886886
881010
lijing
linlin
laopowoaini
19841010
159263
123888
1232123
123456789w
123456w
1.98803E+11
112
198600
19861022
19861210
19871012
19871025
198752
19881020
19881030
19891018
1990
33333333
520333
521241
5200
1.98702E+11
1.98809E+11
1.98904E+11
1.98906E+11
1.98907E+11
123123qwe
19851215
1985122
4444
3155530
299792458
277434968
19861018
19861120
19861223
198621
19871027
19871219
19871228
198722
198822
198851
19891021
198952
199051
199771
1a2b3c4d
command
ILOVEYOU1314
internet
66661818
zhuang
851023
wanghui
wangxin
xiaolei
5555
qq1234
q5201314
881018
881125
868686
77777777
ILOVEYO
jiajia520
jiandanai
jianjian
mylove
aa123456789
@yahoo.cn
aiziji
667788
74107410
s123456
nishiwode
woaiziji
198871
198891
19891013
19861122
19861217
19861220
1986123
198682
198692
19870618
1987062
19870624
19871115
19871224
19871225
198792
19881001
19881118
1988120
1231512315
12345678a
1.98705E+11
1314179
111qqq
52001314
528528
198311
19851020
141414
147
14785
16899168
1122334455
12369
1314520a
1213141516
123458
1.9851E+11
1.9901E+11
19861001
19861013
19861021
19861024
19861114
19861125
19861206
198691
19871029
19871123
1987120
19871218
19871221
1987123
198725
19881021
1988110
19881128
19881228
198888
19891215
2532725
332335
520131488
3333333
wodezuiai
xiaoliang
Hahaha
hello
861128
881212
851127
860315
qq1314520
qqqqq
qwqwqw
696969
7.75826E+12
woaini123456
woaini3344
wan1314
xiaohui
baobei520
BUGAOSUNI
841018
dirdir
zhangjun
z12345
zxzxzx
shuang
55665566
363636
1.9841E+11
1.98805E+11
1.98807E+11
1123
153624
1564335
1984101
1985121
52013141
19861110
19861126
19870214
19871017
19871114
1987520
19881014
19881023
19881129
19891012
19891023
19891128
19931204
1a2b3c
315315
258
1.98608E+11
1.98905E+11
100000
1002
11111111111
1234321
123456L
135135
369
19861
19861228
198651
198688
19880808
19881013
19881116
19881220
198991
19851023
19491001
520000
52013143344
520999
wangjie
wangwang
wangyu
7008
741258
640528
881021
778852
cccccc
asdas
987456321
998998
a1b2c3
nihao123
liqiang
m123456
microsoft
zhangliang
zhangtao
yongyuan
qqq111
QQQQQQQ
operation
nishizhu
u88sms
831026
wanghao
wangjia
wangtao
xiaoqian
881023
861120
861122
881216
chenjian
master
lixiang
kuaile
456456456
5131421
52131
25836
123450
123456abcd
1.23457E+15
1.98602E+11
123AAA
1029384756
19841018
19851028
19851115
333888
19891029
19891210
19891217
198921
198981
19861014
19861128
19861218
198686
19870815
19871106
1987111
19871127
19871227
19881209
19881214
19861029
1986110
19861127
19861216
19861219
19861225
198626
1986520
198681
19870213
19870619
19871013
19871110
198787
198788
19880215
19881114
19881121
19891001
19891019
19891122
19891216
19891220
19891221
198941
1989815
1990101
199011
3.141592654
520131499
5201314qq
52053
131
13143344
1.98606E+11
123456zxc
19841015
19841028
151515
161616
justdoit
meiyoumima
loveyou1314
88121
881013
90909
xihuanni
woainiwoaini
wangjun
wangkai
wangmeng
www.
xiaojing
shangxin
qwe
qwer
tttttt
pengpeng
841026
851010
821025
775885
789632145
8008208820
dospy
jaychou
@yahoo.com.cn
asdzxc
beckham
zhangkai
zhimakaimen
zhang520
zhangbin
zhangqian
yongyuanaini
zxcvbnm,./
xiaoli
w12345
wohenni
wozhiaini
mimamima
881017
881120
851217
841024
758258
pingping
sakura
qq000000
beijing
aaaaaaaaaaaa
Abcd12345
???6688
huangwei
jiangwei
diablo
dragon
haohao
159357456
1970511
1979
19841016
19841984
19851017
19851022
19851030
19851212
32165
198892
19891027
19891231
19861028
1986120
19861205
19871126
19872
19880828
19881003
19881105
19881113
19881126
1988123
111888
1.98703E+11
1314920
1231231
123459
11012
123woaini
3344179
357159
454545
5021314
4561230
52527955a
258852
19831010
19851016
19851216
158158
198586
19861101
19861111
19861214
19861227
198672
19870610
19870909
1987092
19871015
19871022
19871101
19871118
19871120
19871208
19871211
198771
19881103
198899
19891030
19891118
19891120
19891125
19891230
199061
1-2-3-
1.23457E+14
1314520123
111112
123...
123456789z
hhhhhh
huangjia
HUIHUI
fantasy
woshishen
xiaoming
woainilj
wokaonima
wwwwwwww
wang
5555555555
556688
860214
861023
881019
881028
881123
liu123
nannan
996633
bbbbbb
qq12345678
oooooo
summer
testtest
q111111
751102
7451321
881121
881126
881218
881221
8812345
851128
861010
861110
861226
8686886
871018
88101
881020
851016
guaiguai
hunter
wangji
wangjin
wangqian
qiangqiang
qqqqqqq
rainbow
nihaoa
nimabi
juanjuan
junjun
laopo520
bingbing
chen123
12352
1.98512E+11
1.98804E+11
119110
123666
132132
131415926
3141592654
525252
52013147
520888
52112
5320
19891106
19860815
19861221
19861224
198699
19871008
19871108
19871205
19871214
19871220
198782
19880101
19880202
19881007
19881111
19881213
2121241
369852147
334455
19851024
198212
19841020
19841023
19851005
19851126
19851218
163.com
171717
192837465
147741
147896321
314159265
13579246810
123456798
12345qwert
1.98704E+11
101001
110119120
3333
520240
52052052
52101314
521123
5.21131E+13
19860214
19861117
19861202
19861230
19861986
198652
19870616
19870707
19871001
19871003
19871109
19871128
19871206
198718
19880815
19881227
1989021
19891011
19891112
19891116
19891130
19891202
19891224
198961
198972
1990111
1990122
199022
a123456a
a123s45
aa12345
851125
851230
881127
881224
951357
74185296
7418529630
7.21522E+11
zhangpeng
zhangshuai
yy123456
841016
841021
841025
851025
791123
liuwei
meimei
miaomiao
woshinidie
woshizhu
wangrui
wangzhen
www
xiaojie
xiaoxue
woaishui
woaiwoji
qqq123
qwer123
snoopy
q1w2e3r4t5
orange
FREEDOM
freedom
851124
851129
861025
881012
881016
881225
881228
891026
861214
861215
541888
a11111
binbin
ainibubian
beijing2008
yueyue
zzzzzzzz
woshitiancai
yang123456
william
xiaoxia
WANGGANG
wanghuan
841010
821123
825048
781129
liuyan
lijian
liming
letmein
198571
19861201
19861211
19861213
19870315
19870601
19870825
19871018
1987110
19871117
19871129
198751
19880203
19881106
19881112
19881219
19881221
198842
19890214
1989091
19891003
19891025
19891227
19891229
198962
199010
19901127
198112
19851120
19851213
3250475
456789123
52571314
518888
511511
11122
121
12312300
123456456
114477
++++++
.adgjmptw
1.99004E+11
1.99011E+11
10101010
123AB
333333333
334420
37213721
19841025
19841029
19851012
19851027
198523
184816
198861
19891113
19891119
19891127
19900214
19901120
199021
1986100
19861113
19861115
19861203
19861208
19870228
1987060
19870621
19871104
198742
19876
198799
1988052
19881005
21131
126126
128128
12131415
12321
1.11111E+11
100
516888
520334
521334
52152152
523523
liujia
love123
zhangbo
zhanglong
yyyyyy
861227
871010
871017
871023
85122
881112
881220
vivian
qazxswedc
qq520131
qwe100200
taotao
foreverlove
dingding
EDISON
jingjin
a123321
config
chengcheng
54188
784512
831121
821017
821022
851113
6596811
wodeai
xiaoyao
xiaoxi
wangdong
wangliang
yang123
woshinima
woaini5211314
woainiya
xiaofei
chinaren
baobao521
aa123123
987987
999666
?????123
88112
861225
870615
871015
871021
871027
851225
852123
861011
861026
880818
881024
891025
89757
LOVE521
kaikai
LENOVO
liying
zhanghui
zhangxiao
zhuzhu520
zz123456
q123123
qazwsxed
shasha
nuttertools
oracle
7410852
541788
841014
841022
841213
851028
8.8077E+12
801215
811224
7788945
821026
821228
770880520
45685
456987
5201314584
527527
1887415157
198111
19841021
19841026
19841027
19841115
19851118
19851122
19851125
19851230
197511
13572468
111333
120
123451
123454321
123456000
123456qw
111111q
23456789
19860808
19861105
19861207
19870101
19870912
1987100
19871002
19871230
19880214
19880820
19880928
19881115
19881123
19881229
198862
19891111
19891218
19891219
198982
1990120
200808
20092009
200
20032003
198832
19890202
19890828
19891108
198932
198988
19901020
1991101
23456
19860910
19860923
19861004
19861019
19861030
19861124
19861204
19862
1986923
1987021
19870626
19870828
1987091
19871006
19871009
19871105
19871112
19871207
19871226
19871987
198726
198735
1988012
19880213
19880305
19880310
19881006
19881102
19881104
19881108
191919
1949101
198310
19831020
19841001
19841128
1985102
1985110
19851123
19851210
141421
521999
520131420
5201314abc
52105210
383838
1.99009E+11
1121
115599
12345612
1234567a
123521
13145201314
12qwas
3.141592
3.141592653
258000
138138
841023
841027
841028
851015
7896321
821020
821121
7758521a
huang
881208
881217
871210
880825
881001
861125
851126
851216
861102
XIAO
xiaojian
y123456
yangfan
xl123456
waini1314
wanggang
wanglin
wangming
wohenaini
baobei521
beibei
abcdefg123
zhangjin
zhangyuan
kangta
ningning
niuniu
playboy
sunv819
secret
745839
72152
654654
74108520963
zhangrui
zaqxsw
852
852741
852852
861015
861028
891123
891221
909090
911119
963258741
861126
861218
870214
881215
871123
871225
881007
881026
841120
841216
84131421
85112
800800
811228
821023
821218
789654123
HANDSOME
jianqiang
duibuqiwoaini
english
ffffffff
abcabc
baggio
xiaoyan
xiaojun
yang
wangcheng
wanglong
shuaishuai
supervisor
tangtang
qwert12345
monkey
liukai
5201314q
521131400
5282
530530
198581
19861003
19861103
19861116
19861229
198616
198618
198623
198628
1987012
19870202
19870521
19870605
19870620
19870623
19870628
19870715
19870812
19870910
19871119
19871201
19871222
19871223
198769
19880108
1988011
19880204
19880801
19880818
19880917
19881127
19881206
19881207
19881226
19881231
2.0072E+11
19890120
19890227
19890315
19891004
19891124
19891223
198918
198922
19901014
163163
19851021
19851107
198522
2582525775
262626
369369369
123qweasdzxc
1.98511E+11
1313
131417
1212121
1223
1225
1231
123156
123321456
1234565
123456654
123456789m
123456zx
12358
123698
123qw
10231023
111213
131452052
0.0.0.
1.99003E+11
1.99005E+11
1988520
19890201
19890810
19891007
19891102
1989119
19891206
1989123
198923
19901010
19901210
199031
199082
20202
200428
19860605
19861106
198641
198666
19870207
19870313
198706
19870808
19870915
19870928
19871030
19871113
19871213
19871229
198783
19880124
19880205
19880628
198808
19881004
19881203
19881205
19881216
135781012
134679258
520110
520131415
45683968
334421
4444444
198210
19821020
19831012
19841004
19841013
19841014
19851124
19851211
19851226
19851228
197813
320320
246800
257758
555555555
56433
567890
chenjie
chenwei
aa123456
abc12345678
abcd
aini123
aini520
ainiyibeizi
aiwobiezou
ASDFGhjkl123
baobao520
871124
871218
871228
880125
851211
851213
861018
861115
861124
870626
zhangnan
zhangning
zhaojing
zhenzhen
fengfeng
format
hahaha
hao123
gogogo
jiushiwo
791225
841011
841020
841127
851024
781022
761009
769394
81620
821128
801125
801225
831225
k123456
xiaobao
woaideren
wokuang
xxxxxxxx
yangjing
wangxiao
qwe12
phoenix
q80800214
qazws
qq111111
qqqwww
nirvana
spring
jinjin
haohaoxuexi
987789
a00000
c123456
abcde
adidas
ai5201314
66668888
7007007
541881452
545454
zhangfan
yu123456
861224
870210
870629
870824
87102
851208
851210
851219
858585
861008
86112
871120
880420
891019
89102
881206
881210
881211
wangyong
woaiwolaopo
xiaobudian
xiaogang
xiaohua
yangjian
ww123456
xingfu
831015
777
77777
781001
781130
789852
841019
84102
841126
851022
80238023
821010
821011
821016
821028
821120
liujian
liujie
love123456
juese8
lishuai
25825
310310
136136
1.98603E+11
1.98605E+11
1.99012E+11
101101
1126
114114
123110
123456789l
123456qaz
132465
19860213
19861006
19861112
19861222
198613
198625
198655
198671
19868
198696
19870102
19870602
19870611
19870612
19870622
19870811
19870904
19870905
19871007
1987114
19871202
19871217
198716
19880218
19880228
19880712
19880810
19880812
19881008
19890101
19890205
19890327
19890801
19890802
19891107
19891117
19891213
198992
1990123
199052
1qaz1qaz
2.58258E+12
200000
1478520
1596321
19821225
19841002
19841017
19841022
19841030
19841125
19841211
19841227
19850312
19850921
19851025
19851026
19851219
19851231
520131412
520111
5201314159
52013145
520woaini
525525
119
#NAME?
1.98412E+11
1.98806E+11
123580
123mutouren
125
1212123
123456p
12345a
11012011
25131
2525132
13579246
1350713667
198200
19821212
1983
19831123
19840214
19841216
198421
19851002
19851019
19851102
19851128
1985120
19851224
1457521
147963
159357258
159456
1q2w3e4r5t6y
19860126
19860210
19860228
19860728
19860909
19860912
19861005
19861008
19861119
198624
198631
19870110
19870120
19870415
19870617
19870629
19870816
19870821
19870827
19870920
19870921
19871103
19871204
198715
1988022
19880301
19880620
19880624
19880926
1988118
203344
214214
19890108
1989020
19890210
19890514
1989080
19890812
1989092
1989100
19891002
19891101
19891126
19891228
198951
19901013
19901015
1991
3396815
laogongwoaini
laopo521
li5201314
999000
daijin
asd456
chaochao
chenchao
chenhao
chenliang
shuangshuang
q12345678
qqq123456
success
gfgfgf
gundam
58413142
58420131
5845213344
5571826
821013
821124
82800
831010
831016
831125
771122
8008
811121
75395
841013
841121
850726
851121
851122
851123
881106
88122
881226
881227
851207
861012
861021
861027
861105
861112
861121
861123
861207
86121
861210
871025
9527
971110
87112
880321
880615
880826
xiaoqing
woaini520131
woainimama
wangbing
wangchen
wangfang
yangyang521
xiaomin
wangyuan
xiaodong
ericsson
Jackson
HUANG
huang520
huangjian
haiyang
chenjing
chenlei
chenyang
chinese
cm38??
abcdabcd
abcde12345
987
987412365
ASD12
asdf123456
aa5201314
aaaaaaaaa
zhangchao
zhangmeng
zxc
yuanyua
yuyang
zaq12wsx
zhoujielun
LIN123456
liqian
mm123456
motorola
stefanie
slamdunk
victor
saiban
qqq
qqqq
qwer123456
qwertyuiop123
nothing
poiuytrewq
74185
871116
871128
880520
880828
880912
881011
881027
860125
860922
861007
861016
861029
861106
881114
881124
881219
881223
8888888888
891014
891124
891217
861217
861220
861228
870619
871024
54181452
5649335
565139
5700
5800
5841201314
5845203344
6120
628628
851012
851029
851120
831228
821014
821018
821021
821227
78963214
791121
771126
781228
800810
801010
801109
801122
80808
810718
811028
811225
362421
36925
36936
3344
44444
25802580
258758
521888
5201314789
5201314aa
52113140
5131420
1024
1.98508E+11
1.98509E+11
1.99008E+11
10010
11221122
11223300
113113
116116
118118
12012
1221
123159
12332100
123456y
12356
198592
198601
19860104
19860215
19860618
19860903
198695
19870310
19870501
19870606
19870607
1987080
1987081
1987082
1987090
19870924
19870929
19871111
19871116
198766
198772
198786
19880211
19880217
19880221
1988030
19880309
19880425
19880601
19880726
19881002
19881110
1988113
19890217
19890412
19890510
19890629
19891105
19891208
19891211
1991102
197938
198012
19810505
19831108
19831225
19841008
19841122
19841129
19841224
198500
19851029
1985111
19851202
19851220
147258369a
159
159159159
19821017
19831021
19831025
19831026
19831228
19840206
19841012
19841102
19841111
19841117
19841202
19841212
19841226
19851101
19851110
19851113
19851204
19851209
198526
530520
5201314..
520168
520510
526526
369874125
258147
323232
2925138
198866
198882
19889
1988914
1989010
19890121
19890206
19890302
19890417
19890814
19891005
19891103
19891109
19891204
1989126
19901
19901002
19901126
19901219
199032
2010000
198602
1986021
19860302
19860315
19860316
19860505
1986092
19861009
19861109
198642
1987020
19870203
19870210
19870215
19870216
19870321
19870505
19870512
19870516
19870518
19870520
19870614
19870810
19870813
19870903
19870908
19870911
19870916
19871102
1987119
19871209
198724
198728
198733
19878
1987825
19879
1988021
19880216
19880317
19880321
19880613
1988062
1988071
19880806
1988081
19880902
19880922
19880925
19881201
123963
123qweasd
0.123456789
1.98601E+11
1.99002E+11
122
12300123
1231234
123321a
131452000
111999
112113
1128
801130
801218
811025
820815
820820
821008
821027
821119
821215
841015
841029
841207
851018
851020
829531
831207
771011
775521
7758521123
7777
781025
781121
789789789
791010
nishiwodeweiyi
panpan
showme
qq00000
qwerqwer
rongrong
abc5201314
chen
chenyu
compaq
daniel
as12345
asd123456
9999999
a-z0-9
xiaoxiong
xiaoy
xiaoyang
wei123456
weishenme
westlife
windowsxp
yangyong
woaini88
woainim
WOSHINIBA
iverson
feifei520
eeeeee
jiandan
jiangtao
l123456789
lenovo
liang123
mamawoaini
meimima
michelle
liuqiang
zhouwei
zxcvbnm12
yn820406
zhangcheng
zhangfeng
zhangyue
56789
5841314
7374520
741236985
666333
6688
861205
871026
871029
85121
851226
861017
86102
871119
871204
871213
871215
880127
880217
880423
880513
880928
88102
881030
888888888
89112
891125
891126
891130
881115
881130
881214
9595
96385
961016
871127
871203
871211
871224
878787
880202
880215
8802667
880425
880813
880924
861129
861203
870125
870227
870627
870721
871013
871016
8520
861005
861030
881213
886688
926926
891022
891106
liuchang
menghuan
mima123
missyou
nihaoya
llllllll
JUNJUN
9999
chen123456
A147258369
a520131
abc1234
abcd123456789
aiziji1314
butterfly
790228
791024
791029
841012
841208
851013
851027
851116
800929
801120
801123
811027
821001
821019
821106
821129
821225
821230
77585201314
7758521000
781024
781122
831020
831024
selina
swallow
qq7758521
QIAOqiao
iloveyou521
jackie
handsome
hao123456
diandian
football
woshinibaba
weiwei123
xiaohai
XIAOQI
xiaoying
woaiwo
yang520
74511940
zhanghuan
zhangmin
you188
ZZZZZ
zaq123
zaqwsx
5917487
5757124
5488142
112300
123546
131488
1025
131131
1.98503E+11
1.99006E+11
101
101112
123150
12345677
12345678912
12345688
123456li
123456mm
123456x
1980
19821010
19831016
19831028
19831218
19841011
19841105
1984111
19841217
19851006
19851011
19851111
19851121
19851207
19851222
14785236
52002
5201314587
521131452
5271314
1986010
19860106
19860206
19860208
198603
19860806
19860812
19860901
19860927
19861002
198661
198675
1986921
198698
1987010
19870113
19870201
19870301
19870311
19870412
19870504
19870625
19870719
198708
19870901
19870907
19870923
19871107
1987115
1987623
1987815
19880103
19880125
19880126
1988020
19880201
19880219
1988031
19880311
19880314
19880412
1988051
19880513
19880715
1988072
19880802
19880822
19880824
19880909
1988091
19881130
19881230
198816
199212
1qazaq1
2345678
198828
198831
198858
198868
198872
1989012
19890213
19890216
19890219
19890226
19890310
1989032
19890529
19890822
198909
19890902
19890912
19890918
19890922
19890923
19891209
198916
1989211
198971
19901012
19901018
19901025
19901225
199081
19911015
2121521
221221
198582
198591
19860101
19860112
19860217
19860219
19860317
19860321
1986072
19860804
19860902
19860925
19861007
1986126
198633
198654
1986826
19870109
19870124
19870128
19870129
19870204
19870206
19870401
1987050
19870603
19870608
1987061
19870710
1987072
19870720
19870721
19870820
19870826
19870829
19870902
19870927
19871004
198729
198755
1987624
198765
198798
19880123
19880403
19880406
1988041
19880415
1988042
19880521
19880811
19880906
19880912
19880913
19880921
19880923
19881101
19881204
1988124
1988128
198823
19890106
19890123
19890212
19890215
1989022
19890321
19890506
19890614
19890711
19890724
19890815
19891
19891008
19891104
19891110
19891114
1989113
1989117
19891203
19891205
1989521
198999
1990020
19901019
19901024
19901026
19901027
19901028
19901215
19901218
19902
199111
1991122
224466
173173
182838
188452
159123
198110
19821216
1983112
19831127
19831215
19841019
19841121
19841123
19841219
198451
198488
19851001
19851004
19851013
19851106
19851108
19851201
19851223
362514
36925814
35322zz
123.123.
123.456
1230321
123111
123123456
1233
12332112
123456789asd
123456789qwe
123456m
123456s
1314520qq
1314925
1314aini
111666
1125
12356789
123581321
000...
1.0203E+11
1.98401E+11
1.99001E+11
100861
1010101
1018
1021
110520
111223
515151
5201413
5215211314
4478120
456123789
322322
54444944
623623
55667788
f123456
fanfan
feizhuliu
fengyun
flower
flying
iloveyou520
guoguo
jiangfeng
duoduo
howareyou
huihui
hacker
caonimabi
aaa12345
aaasss
98188729
ainiyisheng
aishangni
ASDfg123
asdfjkl
crystal
ddddddd
890316
890722
891013
891121
891229
861206
861213
870924
871014
871030
96385274
871125
880123
880210
880213
880214
880612
880921
881002
881029
851215
851220
861009
861104
881103
881110
881209
lichao
liliang
limeng
lin123
lingLing
liujun
liuxing
liuying
princess
q11111
qaz12345
okokok
Passw0rd
server
qqwwee
QWEQWEQWE
sunday
831014
831029
831115
831218
800825
801219
810409
810810
811016
811021
811026
811213
811222
791204
8500859
851019
821108
821212
821214
821216
775852152
781030
781112
781118
781226
yishengyouni
zhang521
zhangjia
zhangle
zhangling
zhangqi
zhangxu
zy123456
zzzzzzz
yangjie
xiangxiang
woshiren
wangle
wangqi
wangyin
xiaoping
xiaoya
woaini00
woaini11
7412369
742141189
720520
6666
654987
656565
741963
66688
steven
suibian
panasonic
tgbujm
tongtong
shadow
qwe123456789
qwerty123
Daniel
987321
a1s2d3f4
benben
chunchun
angela
5418854188
60728
611611
h123456
google
huangyan
mmmmmmmm
knight
laogong520
lishuang
lkjhgfdsa
881113
881129
886868
88889999
890211
89101
891015
891027
891122
891128
89121
861127
870212
870215
870216
870606
870707
870825
871001
871019
871028
851214
861013
861014
861020
861022
861107
861118
871108
871110
871121
871122
871129
871208
871212
880314
88052
880624
88082
880918
880920
881014
881022
woaiwolaogong
xiangxinziji
weiwei520
weiwei521
XIAOMEI
wq123456
wang520
wanghong
wangxu
771128
7758258123
781018
781028
781123
781219
791021
791120
791122
830213
831022
831028
831103
831112
831212
831220
801006
801012
801029
801226
811002
811024
811117
811217
811218
815815
820420
821024
821029
821031
821109
821217
821220
821221
757575
841001
841008
841124
841129
85102
ZZZ
zhanghu
zhanglin
zhangming
zhangqing
zhangzheng
353535
2222222222
211211
198877
19890207
19890223
19890307
19890311
19890323
19890416
19890512
19890513
19890516
19890601
19890611
19890615
19890628
1989070
19890818
19890820
19890904
19890924
19890927
19891006
19891009
1989116
1989124
1989525
198966
198977
19901016
19901111
19901212
198572
198588
198599
19860102
19860129
19860201
19860218
19860309
19860714
19860720
19861102
19861209
19861231
198615
198617
198700
19870127
19870217
19870306
19870308
19870312
19870317
1987032
19870324
1987051
19870615
19870725
19870801
19870805
1987113
198714
198727
1987426
198763
1987812
1987910
19880315
19880324
19880325
1988050
19880517
19880518
19880717
19880816
19881107
19821120
198291
19831011
19831217
19841009
19841120
19841130
19841218
19841225
19850217
19850909
19850911
19850927
1985101
19851018
19851103
1985118
19851206
19851208
1598753
160160
14789
24682468
258258258
258520
272727
303030
311311
316316
318318
325325
326326
331234
10203040506
111aaa
1120
1124
114699
115115
117117
122122
1234123
1234520
123456788
12345687
12345698
12345abcde
1.98502E+11
1.98604E+11
1008611
125800
504676859
513513
520123456
5201314888
520258
520520123
5211258
52771314
464646
510510
515223
52331314
5251314
5261314
45692
198552
198562
19860107
19860108
19860310
19860313
19860318
19860425
1986052
19860615
19860623
19860710
19860716
19860801
19860825
19860827
19860906
19861108
198689
19869
19870106
19870219
19870303
19870320
19870403
1987042
19870511
19870519
19870523
1987070
19870723
19870728
19870814
19870817
19870818
19870819
19870822
1987127
198713
1987213
1987620
198764
1987715
1987915
1987924
198796
19880104
19880107
19880127
19880206
19880208
19880209
19880226
19880229
19880306
19880319
19880326
19880411
19880501
19880515
19880516
19880528
19880623
19880625
19880728
19880804
19880825
19880905
19880915
1988100
223223
223366
2337060
1q1q1q
198841
19886
19890109
19890204
19890218
19890316
19890425
198906
19890609
19890806
19890808
19890907
19890920
19891115
198925
198942
1989720
1990062
1990523
199072
199091
213344
1380013800
3698741
369958
333222
123654987
123a123
102030405
1020304050
1100
110220
1314921
1.98408E+11
10000
101202
1214
123100
123333
123456c
12346
1235
131312
13131313
147896
198
1981
198181
1982
19821015
19821028
19821982
198282
19831129
19831214
198328
19841007
19841106
19841201
19841229
19850101
19850925
1985100
19851205
19851214
198515
198532
197812
162534
168998
17544
246813579
zhangchen
zhanghua
zhangxue
zhangyong
zhaoyang
zhongguo
liuliu
kissyou
minmin
little
liufeng
liuhuan
lovely
lantian
ai123456
Aiwosuoai
caonima123
dandan520
chenpeng
asd123456789
baobeibuku
66581882
666777
7410
QQQ111222
nnnnnn
qaz
shuijing
hahahaha
hanhan
g123456
dircls
56565656
594201314
84101
841203
841221
850908
850910
850921
830211
831018
831021
831025
831027
831117
831120
831126
771022
771109
780924
781020
781210
781225
781230
791022
791023
791028
7564335
801023
801025
801116
801223
801224
811010
811019
811023
811203
811212
811221
811223
811229
820214
820520
820917
821005
821104
821105
821122
821208
821210
821213
871104
871112
871126
871221
871229
880120
880326
880712
880816
880823
881031
890125
890126
890308
891004
891107
891226
963
881101
881108
881204
851201
851223
851228
860123
860728
86101
861024
861101
861103
861201
861211
861216
861231
870124
870616
901019
90931
www.51.com
www5201314
