wangjia
www.51.com
www5201314
wwwww
wobuzhidao
woshinide
weiwe
xiaotian
xiaoxin
xiao123
xiaobin
xiaofan
XIAOHONG
xyzeva
wang1234
wang1989
wangbo
wangdan
wangdong
WANGHUI
wangxi
WANGYI
whoami
winter
woaibabamama
woailaogong
woaini110
woaini521
woaiwojia1314
wodeairen
wohenni1314
wojiushiw
wowangle
wu123456
edward
feifei521
goodboy
jiangjun
jiejie
jinjin
jessica
beibei
bugaosuni
adg
ainidewo
aisini
986224
9999999
chenlin
chenxi
a123
a1234
A987654321
abc
command
zhu123456
zhangdong
zhangji
zhangjun
zhangyi
ZHANGZHANG
zhangzhen
kaixin
mickey
MIMAcuowu
niaiwoma
ligang
ling520
lining
linux
shuang
qpalzm
qq7758258
qwe789
rainbow
redhat
niuniu
ssssssss
sun123
sunjian
superjunior
richard
vivian
656565
721520
963214785
9674810
87121
871216
878787
880101
880103
880209
88021
880416
880526
880622
880905
881023
881028
889900
8899174
890127
891017
891023
891024
891029
891203
891219
891220
861210
861212
8675309
870412
870611
870812
870815
870915
87101
871020
881109
881119
881128
88120
881210
881212
851223
851227
851230
860312
860619
860826
860926
861023
861109
861113
61898??
55667788
562059487
54188
820318
820614
820922
820925
821011
821015
821024
821030
821125
821127
771024
771224
775201314
7758
775825800
77582588
781106
781120
781128
781206
841007
841013
841017
841120
850103
850210
851023
830126
831017
831115
831128
800820
801108
801121
801124
801216
801218
801230
810210
810914
811001
811010
811017
811018
811029
811123
811130
811215
811228
784533
791009
791026
791118
791125
791126
1363315
135565
1357913579
1392010
528528
516518
52005200
520119
52013
52013149
520333
520584
5210
521888
5131420
515151
210210
216216
198551
198566
19860110
1986012
19860122
19860204
19860224
19860303
1986041
19860412
19860419
19860427
1986050
19860721
19860826
19860911
19860916
19860921
19861021
19861105
19861207
19861225
19861226
198619
198625
198662
198678
198685
198686
1986928
198701
19870208
19870224
1987030
19870302
1987031
19870325
19870329
19870617
19870701
19870709
19870712
19870717
19870823
19870913
19870918
19870924
19871025
19871104
19871203
19871214
19871224
19871225
1987124
198719
198731
198746
198781
1987916
1987923
198793
198800
1988010
19880109
19880110
19880120
19880210
19880308
19880312
19880404
19880503
19880504
19880607
19880610
19880615
19880626
19880702
19880713
19880903
19880920
19881015
19881108
19881117
19881122
198813
198817
2222
223366
201201
20202
198824
198825
1988412
1988418
1988615
1988616
19887
19888
1988918
19890105
19890209
19890228
19890301
19890309
19890318
19890405
1989050
1989060
19890603
19890608
19890716
1989072
19890728
19890901
19891222
198926
198928
198956
1989712
19900416
1990052
19900912
19901021
19901023
199041
199042
199192
168
16816
19801980
1981
198110
198111
19811225
198200
19821003
19821013
19821016
19821219
19821224
19831014
19831024
19831215
198321
1984
19840124
19840310
19841
19841026
19841101
19841109
19841206
1984121
19841210
19841214
19841223
19841230
198416
198422
198484
19850
198508
19851008
19851013
19851016
19851025
19851112
19851129
19851214
19851221
19851231
198513
198525
141592
14736
159357123
163163
158158
196812
19781978
334455
336688
375958
353535
13145200
10203040
110112119
123qaz
123qwe123
1259355
1117
11211121
112345
11259375
115599
1212112
1213
123-456
123045
123123qq
123456321
1234567899
123456h
12345a
1314520q
131452100
1314527
1.98409E+11
1.98607E+11
1.99105E+11
1.9911E+11
-123456
0.123
1.23012E+11
1.98404E+11
1.98506E+11
1.99108E+11
1.99111E+11
123852
123963
124124
12sewr78
131400
13143344
13145
13145201
1100
110123
111111a
1111122222
11122233
1314920
132321
112200
112255
113113
118118
1210
1217
122500
123.321
1230000
123098
123110
123123..
123456*
123456...
123456798
12345687
12345689
123456asd
123456l
123456qwe
12346789
1234asdf
516888
520.1314
52013142
52013148
520184
520999
521110
521woaini
524110
526526
258123
258741
262626
3141592
32103210
133133
135135
357159
358530
333520
333999
345678
198826
1988813
198883
19890114
19890128
19890130
19890308
1989031
1989041
1989051
19890517
19890525
19890606
1989061
19890612
1989062
19890623
19890702
19890705
1989071
19890723
1989081
19890825
19890826
19890909
19890910
19890925
19890926
19891024
19891115
1989128
19892188
1989520
1989711
198989
19899
1989927
1989929
198998
19900206
19900711
19901022
1990110
19901115
19901118
19901213
19901226
1990124
19909
19910606
19911017
19911025
19911026
1991112
199112
19860123
19860124
19860202
19860206
19860213
1986022
19860513
19860520
19860606
19860616
19860722
198609
1986091
19860917
19860926
19861007
19861029
19861031
19861103
19861118
1986119
19861229
1986222
198632
19865
198657
198677
198687
198691
19870104
19870109
19870130
19870203
19870211
19870218
19870307
1987040
19870421
19870506
19870517
19870526
19870708
19870711
19870716
19870802
19870825
19870906
19870917
19870925
19871008
19871101
19871110
19871204
1987214
1987222
198726
198736
1987521
1987615
1987616
198766
1987921
198795
19880106
19880212
19880224
19880225
19880322
19880505
19880514
19880520
19880526
19880609
19880611
19880629
19880723
19880805
19880815
19880817
19880901
19880919
19880927
19881124
1988115
19881202
19881210
19881214
19881222
19881223
19881224
19881230
19881988
19882
242424
2010000
1q2w3e4
22222
141242
145236
18372646
188452
197911
198012
19811025
198112
19811213
19821010
19821011
19821022
19821115
19821202
19821210
19821221
19821225
198288
19830214
19831001
19831015
19831017
19831027
19831102
19831125
19831983
198322
19840101
19841005
19841016
1984102
19841027
19841110
1984112
19841122
19841124
19841204
19841215
19841226
198426
198481
198500
19850815
19850822
19850928
19851007
19851014
19851020
19851031
19851105
19851115
19851121
19851123
19851130
19851208
19851215
19851217
19851227
198515
19851985
198521
198531
159753123
162534
791002
791111
791127
841005
841029
841102
841106
841127
841216
841228
850508
850825
850926
851010
851014
851022
851026
851106
851121
820127
820212
820506
820814
820911
820913
820930
821018
821110
821116
821128
821208
821220
821226
821230
771112
771120
771211
771226
77582581314
7758521521
77889900
780929
781013
781028
781205
781212
781215
800916
801009
801020
801028
801112
801117
801212
801220
801228
8023
811020
811022
811023
811102
811112
811201
811211
811217
811220
811223
811227
831001
831010
831011
831012
831013
831018
831023
831024
831028
831108
831127
831207
831208
831216
831227
7610
ting5201314
quanquan
qwe
qwer
qwert123
ranran
q1314520
qazwsx123456
qingfeng
songsong
safe
pentium
phoenix
sunliang
dddddddd
abcd12
abcdabcd
baichi
baishikele
bluesky
caonimade
a123123123
a131452
aaaaaaaaaaaaa
984314
9876
991220
chenbin
chenli
chenlong
chenxiao
chenyang
cherry
china
woxihuan
yangfan
yangjian
xiaozhu
xiaobai
xiaobing
xiaohu
xiaojing
woaiyangyang
wohaoaini
wangbin
wangcong
wangjuan
wangqing
wangting
wangzhe
wangzi
imissyou
guoqiang
hahahaha
huang123
huangji
huanglei
huangwei
jiangnan
jiubugaosuni
feng5201314
gaoyang
licheng
liliang
liubin
juanjuan
kangkang
liang520
liutao
liyong
lizheng
love52
meimima
menghuan
zhangheng
zhangjing
zhanglu
zheng123
zhiqiang
yaoyao
yishengyishi
yjdnqk
yy5201314
zaq1xsw2
zxc12345
zzzzzzz
54321
618618
6300
552211
555
665544
851206
851217
851221
8520123
852741
860518
860521
860626
861014
861018
86111
871105
871125
871217
871223
880124
880223
880320
880324
880514
880523
88081
880820
881022
901028
928
928928
963741
881102
881116
881117
881202
881225
881231
888520
88899
890214
890222
890618
89062
890813
891006
891011
89122
891223
898600
861216
861219
861223
870218
870224
87062
870810
870921
871012
861207
861230
870208
870423
870511
870621
870628
870821
870909
870923
871011
871022
911
851201
851202
851204
851219
860121
860203
860211
860213
860215
860610
860920
860921
860927
861020
871113
871115
871219
87122
871226
880116
880216
880309
880316
880317
880329
880401
880424
880426
880503
880516
880521
880525
880614
880718
880810
880902
881024
88886666
890116
890213
890314
890321
890520
890613
891010
891012
891020
891129
891210
891214
891222
932313520
952700
963369
969696
881104
881118
881201
881226
881230
888000
MAGGIE
laogong
liang
lianlian
lipeng
mings000
liujing
chenfeng
chenhui
chenjie
chenjun
chenyan
athena
b123456
babamama
baobeiwoaini
basten
crystal
dahua0518
dds1981723
ABCD
Adgjm
adidas
aini5201314
angel
98765432
a-a-a-
a11111111
buzhida
a2290819
aaaa1111
761226
818818
820104
820129
820418
820914
821004
821029
821115
821122
821126
821224
789520
791006
791016
791017
791019
791119
791128
791213
791216
791223
797979
840306
841001
841006
841110
841130
841204
841209
841210
841223
850219
850221
850620
850815
850924
851004
851008
85101
851016
851102
851103
851118
851119
830215
831005
831016
831026
831029
831101
831105
831107
831124
831206
771122
775885
777
780815
781010
781111
781122
781223
781225
800123
800629
801016
801123
801201
801217
80238023
808080
810928
810929
811004
811011
811014
811118
811122
811125
811214
811216
811218
811225
sunwei
system
talent
prince
qazwsxedcrfv
qazxswedc
thankyou
victory
violet
qq123
qq5211314
qqqqq
nishishei
nokia
orange
panasonic
pengfei
sd123456
gaojie
george
gjktop
gundam
HAMASAKI
helloworld
feng520
fengfeng
friend
honghong
huangyu
hunter
jiangjiang
jordan23
weijie
whoareyou
woshi123
wujian
yang
yangchao
yangguang
yangmin
w5201314
wangjie
wangning
wangshuo
www1314520
xiao123456
xiaolin
woailaop
woaimeinv
woaini12345
woaini2008
WOAINIMEN
woaiwozij
668668
74107410
7410852963
745210
748596
751026
7.71881E+12
zxcasd
yuan123
zhanghan
zhangtao
zhangwe
zhangxin
zhangya
zhaolei
zhaowei
zhaoyang
zhimakaimen
zhonghua
yuanyuan520
5555
55665566
625625
580231
168520
194910
197612
197810
14253
198118
198199
19820101
19820410
19821004
19821008
19821017
19821018
19821020
19821029
198216
198242
19831010
19831022
19831106
19831128
1983121
19831212
19831220
19841006
19841007
19841012
19841018
19841021
19841024
19841103
19841108
19841112
19841126
1984122
19841222
198466
198471
198485
19850107
19850121
19850309
19850410
19850501
19850510
19850516
19850622
19850711
19850715
19850827
19850902
19851004
19851027
19851106
19851113
19851114
19851116
19851118
19851228
19851229
198514
198533
152535
159
314159265
315
323232
24680
2580
282828
333000
258963
25897758
312312
313131
1213456
1215
1215225
123333
123456780
123456789zxc
13141516
131415926
#NAME?
0.0.0.0.
1.9921E+11
123555
1235689
1236
123698
12593
126.com
11231123
115115
116688
119
102102
1023
102500
103103
108108
1102
110220330
111111qq
131492
521333
523
45645
530530
53542316
517517
518918
5201314z
520214
52088
520911
52105210
5211314a
46709394
5.21131E+12
5.8452E+12
222222222
223
224466
198578
19860101
19860103
19860119
19860121
1986020
19860212
19860225
19860306
1986031
1986042
1986051
198606
19860601
19860625
1986070
19860708
1986071
1986081
19860818
19860824
19860918
19860920
19860924
19861013
19861101
19861104
19861204
19861220
198621
198622
198627
198645
198651
198653
1986815
198683
1986918
19870108
198702
19870207
19870223
19870226
19870326
19870327
19870330
19870331
19870411
19870414
19870422
19870425
19870528
1987071
19870803
19870919
19870921
19870926
19870930
19871019
19871031
19871130
1987121
1987128
198717
198720
198722
1987315
198735
19875
1987613
1987622
1987629
198765
198768
198777
1987830
1987911
198797
19880101
19880102
19880114
19880130
19880303
19880316
19880512
19880524
19880525
19880605
19880616
19880623
19880701
19880707
19880708
19880719
19880725
19880813
19880821
19880910
19880924
19881016
19881024
19881111
19881129
19881226
198833
198854
1988623
198877
198886
1988911
1988928
1989011
19890116
19890125
19890129
19890203
19890210
19890211
19890220
19890303
19890304
19890305
19890306
19890312
19890322
19890408
19890410
19890415
19890505
19890523
19890527
19890618
19890621
19890627
19890630
19890712
19890719
19890720
19890803
19890811
19890906
19890913
19890914
19890928
19890929
19891031
1989118
19891204
19891207
198919
1989213
1989820
1989821
1989928
19900110
19900505
19901001
19901216
19901229
19903
1990520
1990525
1990528
199056
199092
1991121
213213
1992120
1qaz1qaz
20022002
200800
13467
139139
13800138000
136136
333333333
333666999
352511514
43420024
444555
36322036
369
369147
411526
411
333221
3344520520
3396815
131456
000000a
1-2-3-4
1.12233E+11
1.2.3.
1.23456E+11
1.3142E+11
1.98312E+11
1.98402E+11
1.98507E+11
1.98703E+11
1.9871E+11
1.99007E+11
1.99104E+11
100001
1002003
101001
12131415
121800
1221
1223334444
1226
1227
123123321
1231512315
123456+
1234563
123456asdf
123456ll
123456wo
123456z
123520123
13141
1020
10201020
1020304
1024
1026
111110
123569
12369
127127
11201120
11251125
1127
1129
120120120
192837465
159789
173173
198011
19801212
19801223
19811013
19820920
19821007
19821023
19821024
19821026
19821027
19821108
19821122
19821207
19821218
198282
19831019
19831026
19831030
19831210
19831225
19831226
19831227
19840208
19840829
19840928
1984100
19841105
19841115
19841123
19841225
198461
198491
198492
19850116
19850520
19850914
19850918
19851
19851012
19851017
19851018
19851026
19851102
19851117
19851119
19851128
19851225
198519
303030
250250
25975
271314
301415926
1383838438
5.84521E+12
505050
510520
521520
52671314
529529
530520
518168
520101
5201314000
5201314a
520777
521007
52113141314
1988315
198835
198839
198845
1988818
198888
1988923
1988929
19890112
19890126
19890208
1989040
19890419
19890427
19890504
19890521
19890528
19890701
19890703
19890718
19890804
19890807
19890809
19890819
19891015
19891201
19891218
1989125
1989129
198917
198924
198945
1989517
198968
198969
1989718
1989725
1989812
1989925
19900201
19900217
19900228
19900510
19900528
19900904
19901121
19901123
19901214
1990128
19905
1990511
1990521
199062
1991120
199122
199152
199191
22446688
226688
23232323
198542
19860120
19860216
19860221
19860302
19860305
19860320
19860326
1986040
19860418
19860420
19860522
1986060
19860602
19860607
19860617
19860630
19860705
19860718
19860801
19860816
19860817
19860822
19860904
19860910
19860913
19860919
19861009
19861028
19861030
19861107
19861108
19861130
19861219
19861227
198629
1986525
198659
19867
1986924
198693
198700
19870105
19870123
19870125
19870126
19870201
19870202
19870205
19870209
19870304
19870316
19870321
198704
19870408
19870427
19870510
19870521
19870604
19870627
19870727
19870729
19870804
19870806
19870824
19870910
19871002
19871003
19871005
19871018
19871029
1987108
19871106
19871115
19871116
19871122
19871206
19871207
19871215
19871217
1987125
198723
1987625
1987626
198767
1987712
198778
1987816
1987824
1987827
198785
1987912
1987919
1987928
198799
19880115
19880128
19880129
19880201
19880220
1988032
19880330
19880410
19880617
19880706
19880714
1988080
19880803
19880819
19880823
1988092
19881020
19881026
19881102
1988116
19881208
19881217
1988126
1988215
198822
19921213
2000
200200
213456
220220
5845131421
5858588
543210
547963
626626
5566123
575757
jiang123
jkljkl
duibuqi
huaihuai
hanbing
haoxiangni
a5211314
aaa000
aaa123456789
aassdd
chaochao
chenglong
chenming
chenqiang
chobits
asddsa
asdfjkl;
asdqwe
bangbangtang
baobei52
beijing
benben
bryant
capslock
abcdefgh
aini521
ainiyishengyishi
@sohu.com
88111
881205
851203
851214
851218
851222
851224
851228
851229
852369
860124
860217
860223
860616
860718
860923
860925
861012
861129
870312
870315
870610
870614
870624
870727
870912
871006
901026
901113
912912
871106
871117
871121
871213
871220
871227
871231
880106
880119
880219
88031
880310
880618
880628
880729
880812
880815
880910
881003
881011
881015
8888882
889988
890817
891001
891018
891108
891127
891208
891225
891227
891230
liujiang
LIULEI
liuting
LIUXIN
l123456
li123456
makelove
manman
master
meiyoumima
Microsoft
mimamima
mjl123
naruto
nihao
ling5201314
liuhui
RINIMA
sunxing
Q000000
qianqian
nishishui
nnnnnn
p@ssw0rd
passme
passw0rd
passwd
pengpeng
shilei
shirley
snoopy
ss123456
qunimade
800618
800922
801105
801113
801119
801127
810226
810606
810719
810810
810828
810930
811015
811031
811101
811103
811208
811210
811230
790815
791018
791020
791104
791129
791214
791226
770621
818181
820110
820116
820120
820123
820213
820218
820221
820316
820525
820608
820630
820810
820812
820825
820828
820912
820916
821002
821005
821007
821023
821103
821117
821118
821121
821207
821213
821215
821229
771113
771124
771218
771230
7758258258
77585211
77778888
781002
781026
781115
781216
781217
781226
781231
840815
841030
841122
841123
841212
841222
841224
841225
841227
850214
850223
850228
850328
850526
850810
851021
851024
85111
851112
851120
826826
830524
830924
831030
831114
831121
831211
831214
831217
8331352
yunyun
z5201314
zaq123
zhang5201314
zhangchao
zhangpeng
zhangting
zhangxia
zhaoliang
zhaoyan
zxcv1234
zxczx
zzz
yingying
yshengfdey
zhouzhou
woaibaobao
woaini7758521
woainiq
woainiyan
woainiyu
woaiying
wodebaobei
wujunfeng
wusuowei
ww111111
xiaoling
xiaolon
xiongxiong
xuanxuan
xiaobo
xiaojia
yangjun
yanglei
wangkai
wanglong
wangmin
wangnan
wangping
wangshuang
wangtao
wangyu
wangyue
7.75852E+11
741029
741953
747474
751025
6666666666
6666666
66668888
741258963
741741
728
654654
qq1111
qq123321
qq1234
qq1234567
qqqqqqqqq
qweasd123
qwerqwer
qwqwqwqw
student
SWALLOW
tingtin
sasasa
sdsdsd
shinhwa
shuaige
q123
qinqin
o0o0o0o0
9874123
9988
a11111
change
chen5201314
cheng
chenhao
chenjia
chenxin
danda
a7758258
aaabbb
aaasss
abc12345
abcd12345678
abcde12345
abcdefg123456
administrator
ai1314
aini1314520
ainideren
aiqing
aiziji
anycall123
apollo
as123456
as123456789
az123456
banana
baobe
beautiful
bj2009
buzaiaini
56847770
586881mm
59201314
613613
618
6200823
555556
556699
haiyan
hanxiao
heaven
gameover
gaoyuan
jiaji
jiandanai
jiang520
jiayou
jing5201314
hu1990
huangbin
huangjin
huangkai
iloveyou123
fangfang
feng
FFFFFFFF
lifeng
lin5201314
lionking
liu
li12345
liujian
liuqian
liushuang
ll123456
long123
love
justin
kaikai
kingking
kissyou
mingtian
minmin
monkey
88889999
890212
890215
890217
890225
890322
89041
890511
890523
890606
890811
890816
891016
891030
891101
8911072
891211
891216
891218
8975789757
861202
861208
861209
861221
861228
870123
870128
870203
870318
870429
870603
870618
870625
870905
870916
870925
881111
881207
881218
88488848
851128
851129
852
860129
860218
860220
860301
860320
860321
860325
860524
860722
860820
860828
860910
860914
861001
861006
861024
861028
861108
87120
871201
871206
871209
880102
880117
880204
880208
880220
880225
880313
880410
880421
880501
880502
880506
880509
880524
880527
880528
880620
880629
880817
880911
880916
880926
880927
90101
90112
920920
921921
96246
wahaha
wangxing
wangying
woshihaoren
woshilaoda
woshini
woshishu
WOSHITIANCAI
woxihuanni
WOYAOKUAILE
wo5201314
woaifei
woaijing
woaini1
woaini131452
woainibaobei
woaita
woaiwodejia
wenjing
xuliang
yan5201314
yanghao
YANGJIE
xiaolong
xiaoming
xiaoyin
xiaoyuer
xu123456
www123456789
wwww
x123456
xiaofei
xiaohei
828828
829475
830120
830203
831014
83102
831022
831110
831120
831122
831123
831129
831202
831213
761023
761125
761126
761223
800120
800127
800225
800328
800427
800429
800523
800810
800830
801015
801018
801019
801024
801101
801106
801107
801120
801128
801221
8080000
810516
810612
810716
810723
811013
811105
811119
811120
811129
811206
811209
811226
811229
811231
790610
790926
791025
791028
791031
791105
791112
791218
791219
791230
794613852
840214
840325
840916
841004
841008
841103
841119
84121
841218
850315
850628
850820
850911
851020
851105
851109
851110
851115
81620
817817
820114
820203
820211
820315
820412
820422
820427
820428
820518
820523
820723
820806
820829
821012
821107
821112
821203
821214
821221
821227
771118
771125
771212
771215
771216
771217
77582580
7788251
780123
780916
781012
781110
781203
781204
781211
781221
781224
zaqxsw
zaqxswcde
zhanghui
zhangliang
zhangming
zhangqiang
zhangxi
zhangxing
zhangy
zhaojian
zhaoqiang
youyou
ytmwffgwxf
2122451
213
218218
23023
200808
198827
1988519
1988523
1988612
1988618
1988625
1988812
1988917
198896
198898
19890104
19890118
19890122
19890224
1989030
19890326
19890411
19890413
19890414
19890421
19890503
19890522
19890613
19890725
19890726
19890813
19890817
19890821
19890824
19890915
19891001
19891011
19891212
1989127
198929
19894
198958
1989616
1989618
1989719
1989827
1989926
19900102
19900106
1990012
19900205
19900222
19900327
19900503
19900506
19900508
19900515
1990091
19900910
1990092
19901105
19901107
19901112
1990113
19901221
19901228
19901230
1990126
1990315
1990510
199088
19910101
19911228
19921019
1992121
19921212
1q1q1q
1qaz2wsx3edc
2002
20042004
198561
1985815
19860
19860108
19860118
19860125
19860220
19860324
19860325
19860329
198604
19860415
19860514
19860521
1986061
19860612
19860615
19860803
19860809
19860819
19860908
19860914
19860922
19860929
19861002
19861011
19861109
19861115
1986114
19861209
19861214
19861222
1986129
198614
198616
1986518
198656
198671
1986828
198692
1986920
1986925
19870
19870114
19870118
19870122
19870221
19870314
19870403
19870406
19870417
19870420
19870423
19870503
1987052
19870525
19870529
19870613
19870630
19870702
19870809
19870816
19870822
19871117
19871128
1987117
1987118
19871202
19871209
19871216
19871222
1987126
198728
198732
1987321
1987416
1987618
1987628
1987724
1987927
19880202
19880302
19880304
19880315
19880320
19880328
19880408
19880510
19880523
19880530
19880619
19880622
1988070
19880721
198809
1988090
19880908
19881001
19881002
19881101
19881109
19881112
19881113
19881215
19881228
1988127
1988214
1988222
198021
19811001
19811014
19811015
19811020
19811024
19811127
19811219
198166
198198
19820103
19820215
19820811
19821019
19821021
19821025
19821102
19821105
19821126
19821128
19821204
19821220
19821223
19821230
19831
19831008
19831023
19831105
19831110
19831118
19831121
19831122
1983117
19831213
19831222
19831229
198342
198351
198382
19840106
19840214
19840719
19840815
19841003
19841019
19841104
19841114
19841121
19841129
19841208
19841209
19841211
19841220
19841231
198477
198498
19850103
19850124
19850215
19850303
1985080
19850801
19850912
1985092
19850920
19851003
19851009
19851011
19851205
19851206
198516
198518
198527
198528
198541
159258
159357456
159753456
192837
1928374655
197910
168000
1834997
14463
145632
1457521
3333
334421
412412
373737
426426
4355
1118
112113
1124
117117
121000
121500
121600
1218
1223
1224
12300
123456000
1234567a
123456@
123459
1314526
.ad
1.11111E+15
1.23321E+11
1.9831E+11
1.98501E+11
1.98802E+11
1.99107E+11
1007
12356789
1235789
123abc456
124
124578963
12530
1022
10241024
1025
110001
110108
11011011
110911
1110
5201314l
5201314love
5203344587
520518
520520131
5207758
520886
52100
50505
512
5.20131E+14
45874587
52571314
5261314
30303
313313
321000
271828
2525
25520
329958
135791
134134
13467985
1357911
138168
423423
4321
444
410
333555
351148
357951
3721
198568
198569
1985715
1985926
198595
198596
198597
19860102
19860105
19860109
19860115
19860126
19860208
19860222
19860227
19860310
19860312
19860319
19860327
19860328
19860404
19860416
19860502
19860510
19860512
19860517
19860527
19860608
19860610
19860621
19860624
19860626
19860701
19860713
19860723
19860820
19860829
1986090
19860906
19860915
19860923
19861205
1986316
19866
1986820
1986822
1986823
1986919
1986927
1987011
19870110
19870212
19870215
19870217
19870318
19870410
19870429
19870502
19870509
19870522
19870609
198707
19870713
19870720
19870722
19870726
19870922
19871006
1987103
19871108
1987115
19871205
19871208
19871223
1987212
1987226
198749
198752
1987528
198754
1987611
1987612
1987619
198762
1987727
198773
198776
1987818
198789
19880113
19880117
19880206
19880227
19880307
19880318
19880323
19880329
19880414
19880418
19880426
19880429
19880508
19880527
19880603
1988061
19880614
19880625
19880630
19880705
19880718
19880720
19880724
19880730
1988082
19880826
19880916
19881017
19881018
1988103
19881030
1988108
19881104
19881119
19881120
19881127
1988114
19881220
198815
198818
1988218
200812
200888
20090101
2020120
215215
222111
2222222222
226226
228228
1992101
19921012
1993418
2.51314E+11
232425
245437
19883
1988314
1988512
1988514
1988525
198856
198865
1988727
1988913
1988927
19890102
19890110
19890111
19890320
19890409
19890428
19890429
19890507
19890509
1989052
19890602
19890605
19890620
19890707
1989082
19890823
19890830
1989090
19890905
19890911
19890921
19891023
1989105
19891102
1989114
1989115
198915
19891989
19892
1989216
1989221
1989222
1989315
198936
198943
19895
1989623
1989626
1989727
1989830
1989919
198994
19900104
19900124
19900220
19900308
19900320
19900326
19900504
19900517
19900629
19900724
19900906
19901005
19901122
19901124
1990114
1990115
1990116
19901222
19901224
1990125
19901990
199023
199026
1990310
199033
1990512
1990522
1990721
1991031
1991072
199110
19911020
19911022
1991111
19911211
19911212
199131
199161
1992
1415926535
1596321
159875321
15915
1979118
198010
19810605
19811019
19811021
19811221
19811230
19820818
19820926
1982101
19821012
19821015
19821028
19821120
19821217
198263
198300
19830101
19830221
19830918
1983101
19831018
19831111
19831120
19831219
19831223
198355
19840202
19840205
19840302
19840505
19840614
19840622
19840904
19840916
19840926
19841004
19841008
19841111
19841120
19841228
198431
198472
19850112
19850126
19850206
19850211
19850216
19850218
19850219
19850305
19850315
1985032
19850327
19850411
19850515
19850525
19850618
19850623
19850705
19850722
19850727
19850915
19850916
19850922
19851002
19851104
19851111
19851202
19851210
19851213
16766912
167669123
168668
168861
147147147
147963
331234
3.14159265
301415
2580258
2581314
318
32108381
258852
1017
1019
10261026
102938
103
11001100
110101
110111
111213
132435
132465798
111666
111aaa
11211
1123456
112400
112500
11301130
116116
12012
12031100
121
12101210
1211
121111
12131
12131213
1216
123121
12312300
1231231230
123123aa
123150
123156
12345677
123456789..
123456789aaa
123456789p
123456qwer
123456ww
12345q
1235201314
123579
123a123a
123zxc
125689
126
13131
1314131
131418
131427
1314520789
13145208
131452088
1.1012E+11
1.11111E+12
1.98407E+11
1.98411E+11
1.98504E+11
1.98702E+11
1.98808E+11
1.98811E+11
1.99103E+11
1010110
5217758
522520
522522
5262970
516516
51688
519519
52001314
520110
5201314131
520131477
5201314x
520250
520510
52111314
521131421
5211314521
513513
515253
456123789
456789123
yellow
zhiaiziji
zhuzhu521
ZHANG1314520
zhangfan
zhanghong
zhangli
zhangqi
zhangye
zhangyin
zhangzhe
zhaoming
zhaoxin
zhaoying
manager
maomao520
marlboro
michelle
lj123456
long5201314
linfeng
linjunjie
liping
liting
liu123
liuhao
lanlan
laogong52
liangliang
mm5201314
mylover
nihaoa
love1314520
kaonima
killyou
kiss520
kobebryant
caicai
caocao
congcong
D123456
986532
9876543
999000
9999999999
??888999
a1111111
cheng520
chenying
asdfqwer
autoexec
a12312
ailaopo
alexander
654
65412
666555
6954
718718
7215211314
723723
7415963
7451320
750421
678678
ouyang
tiankong
tiantang
tomato
qq520520
qqaazz
qqqqqqqqqq
qw12345
qwe123123
qwertyu
rabbit
regedit
qawsedrf
qaz12
qianqian521
qiqi520
rrrrrr
s123456
siemens
fdsafdsa
fengzi
flying
gao123
gaoxiang
gillian
diandian
doudou
duibuqi520
haha123
jaychou
jiang
jiangyang
jianjian
jiaojia
jiaojiao
jing520
jingjing520
jinXIN
hhxxttxs
hua5201314
huang123456
huanghuang
556655
567567
580230
58421131
584211314
60606
771020
771023
771029
771204
771210
771220
780212
780926
781014
781016
781025
781029
781104
781107
781108
781119
781127
781210
800117
800124
800226
800520
800529
800619
800811
800913
801022
801026
801111
801116
801126
801202
801215
801223
801227
810420
810525
810624
810726
810808
810811
810827
810916
810918
811106
811111
811121
811128
811203
811204
830211
830214
830514
830725
830815
830822
831008
83101
831019
831117
831210
758258
760927
761024
761028
770123
820121
820130
820204
820224
820228
820415
820416
820516
820519
820520
820605
820721
820724
820818
820824
820919
820921
821009
821028
821101
821113
821124
821130
821202
821206
821211
821217
82468246
789654123
790203
790518
790623
790910
790918
791005
791012
791013
791014
791121
791130
791210
791220
840310
840315
841012
841014
841104
841125
841205
841215
841217
841229
850123
850211
850216
850317
850528
850613
851001
851011
851012
851031
95279527
959595
881124
881203
881211
881220
881222
881224
890124
89021
890223
890313
891003
891028
891031
891115
891201
891205
891224
861206
86494171
870102
870108
870122
870126
870129
870205
870215
870217
870228
870326
870516
870525
870530
87061
870612
870623
870712
870717
870718
87081
870814
870820
870914
870918
870922
871008
871013
871024
900525
901020
905
926926
929929
851124
851207
851209
851211
851213
851231
852123
860108
860110
860314
860520
860527
860628
860806
861002
861013
861019
861119
871202
871210
871214
871225
871230
880108
880113
880205
880207
880212
880218
880226
880301
880312
880315
880318
880323
880325
880412
880414
880427
880512
880518
880616
880619
880623
880715
880725
880726
880824
880919
880922
880929
88100
881010
881012
881020
881021
wwwwwww
xiaolian
woaini1314521
woaini521521
woainimm
woaiwojia123
wodeshijie
wodiao
wojiushiaini
w12345678
wabjtam
wan521
WANG12345
wanglin
wangya
wangyong
woshi007
woshinima
wushuang
xiaopeng
xiaoshuai
xiaoyao
xiaoyu123
xiaoyue
xiuxiu
wei
window
yangfeng
yangjin
yangming
xxxxxxxx
y123456789
yan520
yang5201314
yanghua
yangkai
yanglin
yangmei
yanyan520
w111111
wangbadan
wangmeng
wangmiao
wangsong
www.qq.com
www12345
xhlaop521
xiangni
xiao5201314
xiaobao
xiaochen
wo12345
wo123456789
woaimama
woaini000
woainijing
woainilaogong
woainili
woaiqian
woaiwozj
woaizhuzhu
winfi1111
woshizhu
wuliao
xiaoyu521
xiaxia
xingfu1314
xuexue
hhhhhhhh
hotmail
huanghua
huanxiang
hui5201314
diamond
diaonima
duibuqi521
elaine
fengyun
gogogo
guoguo
jiajia521
jiandan
jianhua
jing123
jiushiain
johnny
happy2008
happyday
happyeveryday
hello
hello123
informix
it168.com
andylau
@gmail.com
a110110
a112233
butterfly
caonim
cde963963
cecilia
cookie
dangerous
ddd
dengdai
a1b2c3d4e5
a666666
aa1234
aaa5201314
aabbcc
ab1234
chen520
cheng123
chenlei
chenqian
chenyue
chinese
apple
asdfzxcv
asdqwe123
basketball
zhangfei
zhanghua
zhangnan
zhangwen
zhaopeng
zhengwei
yongheng
zxcv123
zxcvb
``````
z12345678
zhiaini
zhoujie
zhu123
zhuzhu520
kaixinjiuhao
KSTG4521091
kuaile
lilili
ly5201314
meiyou
melody
mengmeng
mengying
LIULIANG
liuqing
LIYANG
lizhen
LIANG
mnbvcx
monday
msconfig
myself
shenhua
sherry
sophia
vincent
ningning
panzer
sss
suiyuan
sunyanzi
tangwei
ruirui
sdfsdf
qq11111
qq111111
qw0371004
qwertyuiop12
q123123
qazwsx123
654312
741123
7412369
74123698
7451321
748159263
751018
751212
7.41742E+12
7.70881E+12
7.75826E+11
70809
720720
871102
871122
880114
880115
880201
880229
880305
880311
88032
880411
880422
880428
880429
880519
880609
880610
880625
880706
880714
880818
880829
880903
880904
880908
880925
881008
881009
881018
881026
889889
890101
890123
890130
89020
890202
890521
890522
890723
890724
890812
890913
890925
891102
891114
891116
891120
895123
89898989
900108
951357
881115
881206
886520
88866
888777
852258
860102
860118
860210
860411
860422
860512
860515
860522
860623
860624
860822
860911
860928
861022
861025
86110
861114
861116
861117
861124
861126
861204
86122
861225
870127
87021
870211
870323
870526
870601
870626
87071
870715
870723
870903
870910
870917
870929
871002
871003
871010
871025
901128
901225
925
6120C
5678
568568
556644
559421
594120
594184
594188
58420184
5843344521
624624
840312
840620
840718
840722
840818
840915
840928
841011
841015
841105
841109
841113
841116
841118
84112
841220
850307
850320
850621
850711
850813
85091
850915
850925
85100
851002
851009
851017
851029
851107
830114
830115
830123
830125
830227
830601
830611
830622
830914
830926
830927
831025
831109
831118
831130
831203
831215
831219
831220
831224
831230
771010
771107
771121
77587758
7788
77887788
780915
780921
781021
781103
781123
781124
781129
781208
781209
781227
781228
800101
800325
800925
801005
801010
801011
801013
801021
801102
801208
801214
801229
801231
810109
810120
810216
810321
810425
810529
810629
810815
810912
810925
811003
811005
811008
811025
811108
811127
811205
789789789
789963
790214
790323
790327
790606
790618
790808
790812
790820
790909
790929
791015
791101
791102
791103
791113
791203
791209
791212
75187
760711
761118
761120
7623612
765432
767676
768594
77088
816
820103
820122
820124
820201
820223
820329
820417
820421
820616
820624
820628
820714
820728
820811
820821
820910
820923
821001
82101
821102
821106
821204
821219
821222
52013147758
5201314999
5205200
52089913
52099
5210521
5211314qq
5.21131E+11
521168
521214
521531
5217758521
511511
515515
53589793
1988321
1988330
1988521
1988620
1988711
1988721
1988815
1988828
1988912
1988920
19890101
19890103
19890119
19890124
19890221
19890225
19890313
19890317
19890319
19890324
19890325
19890401
19890404
19890502
19890508
19890511
19890518
19890519
19890526
19890626
19890708
19890710
19890715
19890908
19890917
19891012
19891017
1989106
19891123
1989227
198933
198935
1989421
1989523
19896
1989619
1989620
198964
1989810
1989813
1989913
198995
19900101
19900208
1990021
19900211
19900213
19900306
19900421
19900501
19900507
1990051
19900512
19900514
19900518
19900810
19900929
19901029
19901114
19901125
19901130
19901202
19901208
19901227
1990210
199024
1990313
199055
199071
19910123
19910206
1991032
19910529
19911014
19911028
19911119
19911216
199172
21021
212212
1985625
198564
198565
198575
19858
198585
198591
19860114
19860205
19860211
19860226
19860314
19860405
19860426
19860506
19860511
19860516
19860518
19860524
19860604
19860609
19860613
19860627
19860706
1986080
19860810
19860814
19860902
19860927
19860928
1986103
1986104
19861113
1986113
198618
198620
1986215
198623
1986510
198663
1986714
1986721
1986915
1986916
198694
19870228
19870319
19870328
1987041
19870413
19870419
19870428
19870514
19870515
19870610
19870612
19870619
19870628
19870705
19870706
19871109
19871126
1987119
19871219
1987127
1987329
1987522
198756
198761
1987721
1987820
1987823
198794
19880118
19880119
19880122
19880207
19880310
19880313
19880401
19880416
19880419
19880421
19880424
19880427
19880507
19880513
19880519
19880522
19880529
19880604
19880606
19880624
19880711
19880716
19880727
19880814
19880914
19881009
19881103
19881105
19881118
19881123
19881128
1988119
19881225
1988129
198814
1988210
200608
2008200
202122
203344
23456
222000
222555
223223
23121065
19921228
199312
1a2b3c4d5e
200100
200300
133153
134520
137137
135789
1346798520
334420
33520
335201314
4444444
419419
3558041547
1.23123E+11
1.59753E+11
1.98306E+11
1.98405E+11
1.98412E+11
1.98609E+11
1.9882E+11
1.99101E+11
1.99112E+11
1000000
1011
1012
1014
1113
112800
113322
102
1021
1101
110226
11111112
1111112
132333
13034698569
13131313
131411
1314179
1220
122334
123168
123234
123321000
12342234
123444
123455432
1234567890a
123456789ab
123456789o
123456aaa
123456k
12348765
1234abc
123521
123580
1236547
123654a
123a456
12457
129129
130120
147741
1593572468
159369
159852
159874
166166
168168168
1688
16899052
197811
19791125
197912
19801023
19811010
19811029
19811108
19811121
19811122
19811129
19811210
19811216
19820119
19820218
19820221
19820510
19820821
19820911
19821001
19821014
19821104
19821109
19821113
19821125
19821205
19821212
198217
198219
198228
198255
198277
19830220
19830701
19831004
19831028
19831029
19831101
19831103
19831107
19831124
19831126
19831201
19831203
19831221
198327
198399
19840123
19840131
19840216
19840322
19840410
19840526
19840618
19840704
19840801
19840820
19840905
19840913
1984111
19841118
19841130
19841201
19841205
19841207
19841213
19841217
19841218
19841221
1984123
198414
198419
198421
198427
198428
198432
198456
198499
19850102
19850114
19850128
19850209
19850214
19850325
19850420
19850508
19850518
19850526
19850528
19850607
1985061
19850611
19850615
1985062
19850620
19850625
198507
19850718
1985082
19850917
19850926
19851029
19851103
19851203
19851220
1985123
3.14159
325600
326326
328328
31415926535
3141592654
314314
321521
2468
246800
252642184
258147
258258258
252577
258349
292929
311
258789
3210
3221445
3230
280862a238
325325
138888
138000
1357924681
135799
13709394
52771314
53542306
491001
5.35461E+11
5.84521E+11
5.8452E+11
456987
51851
518598
52000
52011
520111
5201314258
5201314LI
5201314mm
5201314w
520320
520abc
521111
521123
52113143344
511688
51211314
4742488
474747
52124
521999
524524
525200
525566
52661314
19921010
199211
199231
199292
19980722
1qaz
2.0082E+11
200011
20002000
200211
1985421
198543
198546
198584
198598
19860128
19860203
19860207
19860217
19860311
19860323
19860403
19860406
19860410
19860417
19860423
19860425
19860523
19860702
19860712
198608
19860802
1986082
19860823
19860905
19860907
19860909
19860925
19861125
1986115
1986128
1986210
198652
1986520
198654
1986621
198665
198668
198669
1986713
198676
1986812
1986911
1986922
1986929
198695
19870103
19870112
19870116
19870121
1987022
19870220
19870225
19870315
19870323
19870401
19870407
19870412
198705
19870523
19870603
19870611
19870623
19870703
19870704
19870714
19870805
19870808
19870818
19870820
19870829
19870830
19870904
19870907
19870914
19870928
19871103
19871113
19871121
1987116
19871211
19871221
19871231
1987129
198715
1987218
198742
198747
198757
1987621
1987725
1987917
19880
19880125
198802
19880327
19880412
19880420
19880423
19880428
19880502
1988060
19880608
19880612
19880722
19880806
19880830
19880902
19881004
19881014
19881021
19881023
19881027
1988117
19881205
19881211
19881216
19881219
198821
1988316
1988423
1988428
198848
1988518
1988810
1988817
1988819
198885
1988916
1988919
19890107
19890117
19890205
19890328
19890329
19890402
19890406
19890610
19890624
19890721
19890727
19890729
19890816
19890919
